<?xml version="1.0" encoding="UTF-8"?>
<TestRun id="fd1cfad5-d0c4-4d55-8dc0-ab01942430cb" name="Misho@MISHO-PC 2014-11-21 12:00:57" runUser="Misho-PC\Misho" xmlns="http://microsoft.com/schemas/VisualStudio/TeamTest/2010">
  <TestSettings name="Local" id="bad2f200-0817-409b-8ebe-f4183b0ece88">
    <Description>These are default test settings for a local test run.</Description>
    <Deployment runDeploymentRoot="Misho_MISHO-PC 2014-11-21 12_00_57">
      <DeploymentItem filename="C:\TelerikAcademy\QA\Team Fig\Team Fig\TALS.PerformanceTesting\TALS.PerformanceTesting\TALS.PerformanceTesting.Utils\bin\Debug\TALS.PerformanceTesting.Utils.dll" />
    </Deployment>
    <Execution>
      <TestTypeSpecific />
      <AgentRule name="Execution Agents">
      </AgentRule>
    </Execution>
    <Properties />
  </TestSettings>
  <Times creation="2014-11-21T12:00:57.5678151+02:00" queuing="2014-11-21T12:00:58.5440216+02:00" start="2014-11-21T12:00:58.7000219+02:00" finish="2014-11-21T12:13:10.9877102+02:00" />
  <ResultSummary outcome="Completed">
    <Counters total="1" executed="1" passed="0" error="0" failed="0" timeout="0" aborted="0" inconclusive="0" passedButRunAborted="0" notRunnable="0" notExecuted="0" disconnected="0" warning="0" completed="1" inProgress="0" pending="0" />
  </ResultSummary>
  <TestDefinitions>
    <WebTest name="AdminCalendar" storage="c:\telerikacademy\qa\team fig\team fig\tals.performancetesting\tals.performancetesting\tals.performancetesting.webtests\modules\calendars\calendar\admincalendar.webtest" id="221ab2f6-3ac1-4abe-8592-c6c17c326ea3" persistedWebTest="77u/PD94bWwgdmVyc2lvbj0iMS4wIiBlbmNvZGluZz0iVVRGLTgiIHN0YW5kYWxvbmU9InllcyI/Pg0KPFdlYlRlc3QgTmFtZT0iQWRtaW5DYWxlbmRhciIgSWQ9IjIyMWFiMmY2LTNhYzEtNGFiZS04NTkyLWM2YzE3YzMyNmVhMyIgT3duZXI9IiIgUHJpb3JpdHk9IjIxNDc0ODM2NDciIEVuYWJsZWQ9IlRydWUiIENzc1Byb2plY3RTdHJ1Y3R1cmU9IiIgQ3NzSXRlcmF0aW9uPSIiIFRpbWVvdXQ9IjAiIFdvcmtJdGVtSWRzPSIiIHhtbG5zPSJodHRwOi8vbWljcm9zb2Z0LmNvbS9zY2hlbWFzL1Zpc3VhbFN0dWRpby9UZWFtVGVzdC8yMDEwIiBEZXNjcmlwdGlvbj0iIiBDcmVkZW50aWFsVXNlck5hbWU9IiIgQ3JlZGVudGlhbFBhc3N3b3JkPSIiIFByZUF1dGhlbnRpY2F0ZT0iVHJ1ZSIgUHJveHk9ImRlZmF1bHQiIFN0b3BPbkVycm9yPSJGYWxzZSIgUmVjb3JkZWRSZXN1bHRGaWxlPSJXZWJUZXN0MS5kNTg3ZmQyNy0yNTY5LTQ1ZWItOTJlNC1jNzljN2E5Y2MwYTcucmVjLndlYnRlc3RyZXN1bHQiIFJlc3VsdHNMb2NhbGU9IiI+DQogIDxJdGVtcz4NCiAgICA8UmVxdWVzdCBNZXRob2Q9IkdFVCIgR3VpZD0iYzc1ZjcwNDEtMTc2Zi00MmQ1LTg3MzUtNTYzODdlOTk5NjAxIiBWZXJzaW9uPSIxLjEiIFVybD0iaHR0cDovL3Rlc3QudGVsZXJpa2FjYWRlbXkuY29tLyIgVGhpbmtUaW1lPSIxIiBUaW1lb3V0PSIzMDAiIFBhcnNlRGVwZW5kZW50UmVxdWVzdHM9IlRydWUiIEZvbGxvd1JlZGlyZWN0cz0iVHJ1ZSIgUmVjb3JkUmVzdWx0PSJUcnVlIiBDYWNoZT0iRmFsc2UiIFJlc3BvbnNlVGltZUdvYWw9IjAiIEVuY29kaW5nPSJ1dGYtOCIgRXhwZWN0ZWRIdHRwU3RhdHVzQ29kZT0iMCIgRXhwZWN0ZWRSZXNwb25zZVVybD0iIiBSZXBvcnRpbmdOYW1lPSIiIElnbm9yZUh0dHBTdGF0dXNDb2RlPSJGYWxzZSIgLz4NCiAgICA8UmVxdWVzdCBNZXRob2Q9IkdFVCIgR3VpZD0iYTFmM2Q5ZTAtZDg5ZC00NmIyLWE0YmQtODBhZmE1NmRjYjQxIiBWZXJzaW9uPSIxLjEiIFVybD0iaHR0cDovL3Rlc3QudGVsZXJpa2FjYWRlbXkuY29tL1VzZXJzL0F1dGgvTG9naW4iIFRoaW5rVGltZT0iOSIgVGltZW91dD0iMzAwIiBQYXJzZURlcGVuZGVudFJlcXVlc3RzPSJUcnVlIiBGb2xsb3dSZWRpcmVjdHM9IlRydWUiIFJlY29yZFJlc3VsdD0iVHJ1ZSIgQ2FjaGU9IkZhbHNlIiBSZXNwb25zZVRpbWVHb2FsPSIwIiBFbmNvZGluZz0idXRmLTgiIEV4cGVjdGVkSHR0cFN0YXR1c0NvZGU9IjAiIEV4cGVjdGVkUmVzcG9uc2VVcmw9IiIgUmVwb3J0aW5nTmFtZT0iIiBJZ25vcmVIdHRwU3RhdHVzQ29kZT0iRmFsc2UiPg0KICAgICAgPEhlYWRlcnM+DQogICAgICAgIDxIZWFkZXIgTmFtZT0iUmVmZXJlciIgVmFsdWU9Imh0dHA6Ly90ZXN0LnRlbGVyaWthY2FkZW15LmNvbS8iIC8+DQogICAgICA8L0hlYWRlcnM+DQogICAgPC9SZXF1ZXN0Pg0KICAgIDxSZXF1ZXN0IE1ldGhvZD0iUE9TVCIgR3VpZD0iMGNlOTNmZjctMzk4ZC00ODk3LTk2MTgtM2JmMzJhNGU5OTZkIiBWZXJzaW9uPSIxLjEiIFVybD0iaHR0cDovL3Rlc3QudGVsZXJpa2FjYWRlbXkuY29tL1VzZXJzL0F1dGgvTG9naW4iIFRoaW5rVGltZT0iMSIgVGltZW91dD0iMzAwIiBQYXJzZURlcGVuZGVudFJlcXVlc3RzPSJUcnVlIiBGb2xsb3dSZWRpcmVjdHM9IlRydWUiIFJlY29yZFJlc3VsdD0iVHJ1ZSIgQ2FjaGU9IkZhbHNlIiBSZXNwb25zZVRpbWVHb2FsPSIwIiBFbmNvZGluZz0idXRmLTgiIEV4cGVjdGVkSHR0cFN0YXR1c0NvZGU9IjAiIEV4cGVjdGVkUmVzcG9uc2VVcmw9Imh0dHA6Ly90ZXN0LnRlbGVyaWthY2FkZW15LmNvbS8iIFJlcG9ydGluZ05hbWU9IiIgSWdub3JlSHR0cFN0YXR1c0NvZGU9IkZhbHNlIj4NCiAgICAgIDxIZWFkZXJzPg0KICAgICAgICA8SGVhZGVyIE5hbWU9IlJlZmVyZXIiIFZhbHVlPSJodHRwOi8vdGVzdC50ZWxlcmlrYWNhZGVteS5jb20vVXNlcnMvQXV0aC9Mb2dpbiIgLz4NCiAgICAgIDwvSGVhZGVycz4NCiAgICAgIDxGb3JtUG9zdEh0dHBCb2R5Pg0KICAgICAgICA8Rm9ybVBvc3RQYXJhbWV0ZXIgTmFtZT0iVXNlcm5hbWVPckVtYWlsIiBWYWx1ZT0iZGVtbzEyIiBSZWNvcmRlZFZhbHVlPSJkZW1vMTIiIENvcnJlbGF0aW9uQmluZGluZz0iIiBVcmxFbmNvZGU9IlRydWUiIC8+DQogICAgICAgIDxGb3JtUG9zdFBhcmFtZXRlciBOYW1lPSJQYXNzd29yZCIgVmFsdWU9InF3ZXJ0eSIgUmVjb3JkZWRWYWx1ZT0icXdlcnR5IiBDb3JyZWxhdGlvbkJpbmRpbmc9IiIgVXJsRW5jb2RlPSJUcnVlIiAvPg0KICAgICAgPC9Gb3JtUG9zdEh0dHBCb2R5Pg0KICAgIDwvUmVxdWVzdD4NCiAgICA8UmVxdWVzdCBNZXRob2Q9IkdFVCIgR3VpZD0iZmM1NWJjZTYtZDlmZC00MTNkLTkyZTYtZGYxODg5MzYyNWNkIiBWZXJzaW9uPSIxLjEiIFVybD0iaHR0cDovL3Rlc3QudGVsZXJpa2FjYWRlbXkuY29tL0FkbWluaXN0cmF0aW9uL05hdmlnYXRpb24iIFRoaW5rVGltZT0iNCIgVGltZW91dD0iMzAwIiBQYXJzZURlcGVuZGVudFJlcXVlc3RzPSJUcnVlIiBGb2xsb3dSZWRpcmVjdHM9IlRydWUiIFJlY29yZFJlc3VsdD0iVHJ1ZSIgQ2FjaGU9IkZhbHNlIiBSZXNwb25zZVRpbWVHb2FsPSIwIiBFbmNvZGluZz0idXRmLTgiIEV4cGVjdGVkSHR0cFN0YXR1c0NvZGU9IjAiIEV4cGVjdGVkUmVzcG9uc2VVcmw9IiIgUmVwb3J0aW5nTmFtZT0iIiBJZ25vcmVIdHRwU3RhdHVzQ29kZT0iRmFsc2UiPg0KICAgICAgPEhlYWRlcnM+DQogICAgICAgIDxIZWFkZXIgTmFtZT0iUmVmZXJlciIgVmFsdWU9Imh0dHA6Ly90ZXN0LnRlbGVyaWthY2FkZW15LmNvbS8iIC8+DQogICAgICA8L0hlYWRlcnM+DQogICAgPC9SZXF1ZXN0Pg0KICAgIDxSZXF1ZXN0IE1ldGhvZD0iR0VUIiBHdWlkPSI3ZmMyZGQ4Mi02YmY2LTQ1MWEtOTY4Yy1lM2Q2MzNkNmUxMmUiIFZlcnNpb249IjEuMSIgVXJsPSJodHRwOi8vdGVzdC50ZWxlcmlrYWNhZGVteS5jb20vQWRtaW5pc3RyYXRpb25fQ2FsZW5kYXIvQ2FsZW5kYXIiIFRoaW5rVGltZT0iMSIgVGltZW91dD0iMzAwIiBQYXJzZURlcGVuZGVudFJlcXVlc3RzPSJUcnVlIiBGb2xsb3dSZWRpcmVjdHM9IlRydWUiIFJlY29yZFJlc3VsdD0iVHJ1ZSIgQ2FjaGU9IkZhbHNlIiBSZXNwb25zZVRpbWVHb2FsPSIwIiBFbmNvZGluZz0idXRmLTgiIEV4cGVjdGVkSHR0cFN0YXR1c0NvZGU9IjAiIEV4cGVjdGVkUmVzcG9uc2VVcmw9IiIgUmVwb3J0aW5nTmFtZT0iIiBJZ25vcmVIdHRwU3RhdHVzQ29kZT0iRmFsc2UiPg0KICAgICAgPERlcGVuZGVudFJlcXVlc3RzPg0KICAgICAgICA8UmVxdWVzdCBNZXRob2Q9IkdFVCIgR3VpZD0iZmUxZGM2M2QtMGU3OS00MmI3LWIyMWItZjdhZGQ1NDQyNzliIiBWZXJzaW9uPSIxLjEiIFVybD0iaHR0cDovL3Rlc3QudGVsZXJpa2FjYWRlbXkuY29tL0FkbWluaXN0cmF0aW9uX0NhbGVuZGFyL0NhbGVuZGFyL0dldEV2ZW50cy8iIFRoaW5rVGltZT0iMjAiIFRpbWVvdXQ9IjMwMCIgUGFyc2VEZXBlbmRlbnRSZXF1ZXN0cz0iVHJ1ZSIgRm9sbG93UmVkaXJlY3RzPSJUcnVlIiBSZWNvcmRSZXN1bHQ9IlRydWUiIENhY2hlPSJGYWxzZSIgUmVzcG9uc2VUaW1lR29hbD0iMCIgRW5jb2Rpbmc9InV0Zi04IiBFeHBlY3RlZEh0dHBTdGF0dXNDb2RlPSIwIiBFeHBlY3RlZFJlc3BvbnNlVXJsPSIiIFJlcG9ydGluZ05hbWU9IiIgSWdub3JlSHR0cFN0YXR1c0NvZGU9IkZhbHNlIj4NCiAgICAgICAgICA8SGVhZGVycz4NCiAgICAgICAgICAgIDxIZWFkZXIgTmFtZT0iQWNjZXB0IiBWYWx1ZT0iYXBwbGljYXRpb24vanNvbiwgdGV4dC9qYXZhc2NyaXB0LCAqLyo7IHE9MC4wMSIgLz4NCiAgICAgICAgICAgIDxIZWFkZXIgTmFtZT0iWC1SZXF1ZXN0ZWQtV2l0aCIgVmFsdWU9IlhNTEh0dHBSZXF1ZXN0IiAvPg0KICAgICAgICAgICAgPEhlYWRlciBOYW1lPSJSZWZlcmVyIiBWYWx1ZT0iaHR0cDovL3Rlc3QudGVsZXJpa2FjYWRlbXkuY29tL0FkbWluaXN0cmF0aW9uX0NhbGVuZGFyL0NhbGVuZGFyIiAvPg0KICAgICAgICAgIDwvSGVhZGVycz4NCiAgICAgICAgPC9SZXF1ZXN0Pg0KICAgICAgPC9EZXBlbmRlbnRSZXF1ZXN0cz4NCiAgICAgIDxIZWFkZXJzPg0KICAgICAgICA8SGVhZGVyIE5hbWU9IlJlZmVyZXIiIFZhbHVlPSJodHRwOi8vdGVzdC50ZWxlcmlrYWNhZGVteS5jb20vQWRtaW5pc3RyYXRpb24vTmF2aWdhdGlvbiIgLz4NCiAgICAgIDwvSGVhZGVycz4NCiAgICA8L1JlcXVlc3Q+DQogICAgPFJlcXVlc3QgTWV0aG9kPSJHRVQiIEd1aWQ9IjFiZjI4NDFiLWY3YTItNDQyZC05ZjkxLWQ5YmFjMzBmYWE3NiIgVmVyc2lvbj0iMS4xIiBVcmw9Imh0dHA6Ly90ZXN0LnRlbGVyaWthY2FkZW15LmNvbS9Vc2Vycy9BdXRoL0xvZ091dCIgVGhpbmtUaW1lPSIxIiBUaW1lb3V0PSIzMDAiIFBhcnNlRGVwZW5kZW50UmVxdWVzdHM9IlRydWUiIEZvbGxvd1JlZGlyZWN0cz0iVHJ1ZSIgUmVjb3JkUmVzdWx0PSJUcnVlIiBDYWNoZT0iRmFsc2UiIFJlc3BvbnNlVGltZUdvYWw9IjAiIEVuY29kaW5nPSJ1dGYtOCIgRXhwZWN0ZWRIdHRwU3RhdHVzQ29kZT0iMCIgRXhwZWN0ZWRSZXNwb25zZVVybD0iaHR0cDovL3Rlc3QudGVsZXJpa2FjYWRlbXkuY29tLyIgUmVwb3J0aW5nTmFtZT0iIiBJZ25vcmVIdHRwU3RhdHVzQ29kZT0iRmFsc2UiPg0KICAgICAgPEhlYWRlcnM+DQogICAgICAgIDxIZWFkZXIgTmFtZT0iUmVmZXJlciIgVmFsdWU9Imh0dHA6Ly90ZXN0LnRlbGVyaWthY2FkZW15LmNvbS9BZG1pbmlzdHJhdGlvbl9DYWxlbmRhci9DYWxlbmRhciIgLz4NCiAgICAgIDwvSGVhZGVycz4NCiAgICA8L1JlcXVlc3Q+DQogIDwvSXRlbXM+DQogIDxWYWxpZGF0aW9uUnVsZXM+DQogICAgPFZhbGlkYXRpb25SdWxlIENsYXNzbmFtZT0iTWljcm9zb2Z0LlZpc3VhbFN0dWRpby5UZXN0VG9vbHMuV2ViVGVzdGluZy5SdWxlcy5WYWxpZGF0ZVJlc3BvbnNlVXJsLCBNaWNyb3NvZnQuVmlzdWFsU3R1ZGlvLlF1YWxpdHlUb29scy5XZWJUZXN0RnJhbWV3b3JrLCBWZXJzaW9uPTEwLjAuMC4wLCBDdWx0dXJlPW5ldXRyYWwsIFB1YmxpY0tleVRva2VuPWIwM2Y1ZjdmMTFkNTBhM2EiIERpc3BsYXlOYW1lPSJSZXNwb25zZSBVUkwiIERlc2NyaXB0aW9uPSJWYWxpZGF0ZXMgdGhhdCB0aGUgcmVzcG9uc2UgVVJMIGFmdGVyIHJlZGlyZWN0cyBhcmUgZm9sbG93ZWQgaXMgdGhlIHNhbWUgYXMgdGhlIHJlY29yZGVkIHJlc3BvbnNlIFVSTC4gIFF1ZXJ5U3RyaW5nIHBhcmFtZXRlcnMgYXJlIGlnbm9yZWQuIiBMZXZlbD0iTG93IiBFeGVjdHVpb25PcmRlcj0iQmVmb3JlRGVwZW5kZW50cyIgLz4NCiAgICA8VmFsaWRhdGlvblJ1bGUgQ2xhc3NuYW1lPSJNaWNyb3NvZnQuVmlzdWFsU3R1ZGlvLlRlc3RUb29scy5XZWJUZXN0aW5nLlJ1bGVzLlZhbGlkYXRpb25SdWxlUmVzcG9uc2VUaW1lR29hbCwgTWljcm9zb2Z0LlZpc3VhbFN0dWRpby5RdWFsaXR5VG9vbHMuV2ViVGVzdEZyYW1ld29yaywgVmVyc2lvbj0xMC4wLjAuMCwgQ3VsdHVyZT1uZXV0cmFsLCBQdWJsaWNLZXlUb2tlbj1iMDNmNWY3ZjExZDUwYTNhIiBEaXNwbGF5TmFtZT0iUmVzcG9uc2UgVGltZSBHb2FsIiBEZXNjcmlwdGlvbj0iVmFsaWRhdGVzIHRoYXQgdGhlIHJlc3BvbnNlIHRpbWUgZm9yIHRoZSByZXF1ZXN0IGlzIGxlc3MgdGhhbiBvciBlcXVhbCB0byB0aGUgcmVzcG9uc2UgdGltZSBnb2FsIGFzIHNwZWNpZmllZCBvbiB0aGUgcmVxdWVzdC4gIFJlc3BvbnNlIHRpbWUgZ29hbHMgb2YgemVybyB3aWxsIGJlIGlnbm9yZWQuIiBMZXZlbD0iTG93IiBFeGVjdHVpb25PcmRlcj0iQWZ0ZXJEZXBlbmRlbnRzIj4NCiAgICAgIDxSdWxlUGFyYW1ldGVycz4NCiAgICAgICAgPFJ1bGVQYXJhbWV0ZXIgTmFtZT0iVG9sZXJhbmNlIiBWYWx1ZT0iMCIgLz4NCiAgICAgIDwvUnVsZVBhcmFtZXRlcnM+DQogICAgPC9WYWxpZGF0aW9uUnVsZT4NCiAgPC9WYWxpZGF0aW9uUnVsZXM+DQo8L1dlYlRlc3Q+">
    </WebTest>
    <CodedWebTest name="CreateNewSchoolTypeCoded" storage="c:\telerikacademy\qa\team fig\team fig\tals.performancetesting\tals.performancetesting\tals.performancetesting.webtests\bin\debug\tals.performancetesting.webtest.dll" id="0bc365dd-01f4-6360-f02a-dfc5b50c8704">
      <WebTestClass assembly="TALS.PerformanceTesting.WebTest, Version=1.0.0.0, Culture=neutral, PublicKeyToken=null" namespace="TALS.PerformanceTesting.WebTest" class="CreateNewSchoolTypeCoded" />
    </CodedWebTest>
    <CodedWebTest name="CreateEntryTestCoded" storage="c:\telerikacademy\qa\team fig\team fig\tals.performancetesting\tals.performancetesting\tals.performancetesting.webtests\bin\debug\tals.performancetesting.webtest.dll" id="3107d359-398e-38a9-9023-6684c044bd43">
      <WebTestClass assembly="TALS.PerformanceTesting.WebTest, Version=1.0.0.0, Culture=neutral, PublicKeyToken=null" namespace="TALS.PerformanceTesting.WebTests.Modules.KidsAcademy.EntryTests" class="CreateEntryTestCoded" />
    </CodedWebTest>
    <WebTest name="ViewSchools" storage="c:\telerikacademy\qa\team fig\team fig\tals.performancetesting\tals.performancetesting\tals.performancetesting.webtests\modules\kidsacademy\schools\viewschools.webtest" id="bf67f725-6fb0-4ab5-aaec-325b2ffb0665" persistedWebTest="77u/PD94bWwgdmVyc2lvbj0iMS4wIiBlbmNvZGluZz0iVVRGLTgiIHN0YW5kYWxvbmU9InllcyI/Pg0KPFdlYlRlc3QgTmFtZT0iVmlld1NjaG9vbHMiIElkPSJiZjY3ZjcyNS02ZmIwLTRhYjUtYWFlYy0zMjViMmZmYjA2NjUiIE93bmVyPSIiIFByaW9yaXR5PSIyMTQ3NDgzNjQ3IiBFbmFibGVkPSJUcnVlIiBDc3NQcm9qZWN0U3RydWN0dXJlPSIiIENzc0l0ZXJhdGlvbj0iIiBUaW1lb3V0PSIwIiBXb3JrSXRlbUlkcz0iIiB4bWxucz0iaHR0cDovL21pY3Jvc29mdC5jb20vc2NoZW1hcy9WaXN1YWxTdHVkaW8vVGVhbVRlc3QvMjAxMCIgRGVzY3JpcHRpb249IiIgQ3JlZGVudGlhbFVzZXJOYW1lPSIiIENyZWRlbnRpYWxQYXNzd29yZD0iIiBQcmVBdXRoZW50aWNhdGU9IlRydWUiIFByb3h5PSJkZWZhdWx0IiBTdG9wT25FcnJvcj0iRmFsc2UiIFJlY29yZGVkUmVzdWx0RmlsZT0iV2ViVGVzdDEuNzc0NDU4MDktOTYwMC00NWU0LTg3MDEtNjVjMzhjOTA1YmQ4LnJlYy53ZWJ0ZXN0cmVzdWx0IiBSZXN1bHRzTG9jYWxlPSIiPg0KICA8SXRlbXM+DQogICAgPFJlcXVlc3QgTWV0aG9kPSJHRVQiIEd1aWQ9ImRmNDU2Y2QwLWU4YjctNDRiMS1iYjg3LTAxNzhjNWMwYTBmMyIgVmVyc2lvbj0iMS4xIiBVcmw9Imh0dHA6Ly90ZXN0LnRlbGVyaWthY2FkZW15LmNvbS8iIFRoaW5rVGltZT0iMCIgVGltZW91dD0iMzAwIiBQYXJzZURlcGVuZGVudFJlcXVlc3RzPSJUcnVlIiBGb2xsb3dSZWRpcmVjdHM9IlRydWUiIFJlY29yZFJlc3VsdD0iVHJ1ZSIgQ2FjaGU9IkZhbHNlIiBSZXNwb25zZVRpbWVHb2FsPSIwIiBFbmNvZGluZz0idXRmLTgiIEV4cGVjdGVkSHR0cFN0YXR1c0NvZGU9IjAiIEV4cGVjdGVkUmVzcG9uc2VVcmw9IiIgUmVwb3J0aW5nTmFtZT0iIiBJZ25vcmVIdHRwU3RhdHVzQ29kZT0iRmFsc2UiIC8+DQogICAgPFJlcXVlc3QgTWV0aG9kPSJHRVQiIEd1aWQ9IjYyMmE1NGQ5LTMyMDktNGVkZC1hYWFlLWVjMWYxZGY1MWMxOSIgVmVyc2lvbj0iMS4xIiBVcmw9Imh0dHA6Ly90ZXN0LnRlbGVyaWthY2FkZW15LmNvbS9Vc2Vycy9BdXRoL0xvZ2luIiBUaGlua1RpbWU9IjciIFRpbWVvdXQ9IjMwMCIgUGFyc2VEZXBlbmRlbnRSZXF1ZXN0cz0iVHJ1ZSIgRm9sbG93UmVkaXJlY3RzPSJUcnVlIiBSZWNvcmRSZXN1bHQ9IlRydWUiIENhY2hlPSJGYWxzZSIgUmVzcG9uc2VUaW1lR29hbD0iMCIgRW5jb2Rpbmc9InV0Zi04IiBFeHBlY3RlZEh0dHBTdGF0dXNDb2RlPSIwIiBFeHBlY3RlZFJlc3BvbnNlVXJsPSIiIFJlcG9ydGluZ05hbWU9IiIgSWdub3JlSHR0cFN0YXR1c0NvZGU9IkZhbHNlIj4NCiAgICAgIDxIZWFkZXJzPg0KICAgICAgICA8SGVhZGVyIE5hbWU9IlJlZmVyZXIiIFZhbHVlPSJodHRwOi8vdGVzdC50ZWxlcmlrYWNhZGVteS5jb20vIiAvPg0KICAgICAgPC9IZWFkZXJzPg0KICAgIDwvUmVxdWVzdD4NCiAgICA8UmVxdWVzdCBNZXRob2Q9IlBPU1QiIEd1aWQ9IjkxM2Q5MzgwLTk0N2ItNDg2ZC05MGM4LWM3YjlhYjMyZjIzNiIgVmVyc2lvbj0iMS4xIiBVcmw9Imh0dHA6Ly90ZXN0LnRlbGVyaWthY2FkZW15LmNvbS9Vc2Vycy9BdXRoL0xvZ2luIiBUaGlua1RpbWU9IjEiIFRpbWVvdXQ9IjMwMCIgUGFyc2VEZXBlbmRlbnRSZXF1ZXN0cz0iVHJ1ZSIgRm9sbG93UmVkaXJlY3RzPSJUcnVlIiBSZWNvcmRSZXN1bHQ9IlRydWUiIENhY2hlPSJGYWxzZSIgUmVzcG9uc2VUaW1lR29hbD0iMCIgRW5jb2Rpbmc9InV0Zi04IiBFeHBlY3RlZEh0dHBTdGF0dXNDb2RlPSIwIiBFeHBlY3RlZFJlc3BvbnNlVXJsPSJodHRwOi8vdGVzdC50ZWxlcmlrYWNhZGVteS5jb20vIiBSZXBvcnRpbmdOYW1lPSIiIElnbm9yZUh0dHBTdGF0dXNDb2RlPSJGYWxzZSI+DQogICAgICA8SGVhZGVycz4NCiAgICAgICAgPEhlYWRlciBOYW1lPSJSZWZlcmVyIiBWYWx1ZT0iaHR0cDovL3Rlc3QudGVsZXJpa2FjYWRlbXkuY29tL1VzZXJzL0F1dGgvTG9naW4iIC8+DQogICAgICA8L0hlYWRlcnM+DQogICAgICA8Rm9ybVBvc3RIdHRwQm9keT4NCiAgICAgICAgPEZvcm1Qb3N0UGFyYW1ldGVyIE5hbWU9IlVzZXJuYW1lT3JFbWFpbCIgVmFsdWU9ImRlbW8xMiIgUmVjb3JkZWRWYWx1ZT0iZGVtbzEyIiBDb3JyZWxhdGlvbkJpbmRpbmc9IiIgVXJsRW5jb2RlPSJUcnVlIiAvPg0KICAgICAgICA8Rm9ybVBvc3RQYXJhbWV0ZXIgTmFtZT0iUGFzc3dvcmQiIFZhbHVlPSJxd2VydHkiIFJlY29yZGVkVmFsdWU9InF3ZXJ0eSIgQ29ycmVsYXRpb25CaW5kaW5nPSIiIFVybEVuY29kZT0iVHJ1ZSIgLz4NCiAgICAgIDwvRm9ybVBvc3RIdHRwQm9keT4NCiAgICA8L1JlcXVlc3Q+DQogICAgPFJlcXVlc3QgTWV0aG9kPSJHRVQiIEd1aWQ9IjM1NDdhN2FjLTM1YzItNDQxZi1hZTNhLWE5MTEyMGZmYzA1MSIgVmVyc2lvbj0iMS4xIiBVcmw9Imh0dHA6Ly90ZXN0LnRlbGVyaWthY2FkZW15LmNvbS9BZG1pbmlzdHJhdGlvbi9OYXZpZ2F0aW9uIiBUaGlua1RpbWU9IjMxIiBUaW1lb3V0PSIzMDAiIFBhcnNlRGVwZW5kZW50UmVxdWVzdHM9IlRydWUiIEZvbGxvd1JlZGlyZWN0cz0iVHJ1ZSIgUmVjb3JkUmVzdWx0PSJUcnVlIiBDYWNoZT0iRmFsc2UiIFJlc3BvbnNlVGltZUdvYWw9IjAiIEVuY29kaW5nPSJ1dGYtOCIgRXhwZWN0ZWRIdHRwU3RhdHVzQ29kZT0iMCIgRXhwZWN0ZWRSZXNwb25zZVVybD0iIiBSZXBvcnRpbmdOYW1lPSIiIElnbm9yZUh0dHBTdGF0dXNDb2RlPSJGYWxzZSI+DQogICAgICA8SGVhZGVycz4NCiAgICAgICAgPEhlYWRlciBOYW1lPSJSZWZlcmVyIiBWYWx1ZT0iaHR0cDovL3Rlc3QudGVsZXJpa2FjYWRlbXkuY29tLyIgLz4NCiAgICAgIDwvSGVhZGVycz4NCiAgICA8L1JlcXVlc3Q+DQogICAgPFJlcXVlc3QgTWV0aG9kPSJHRVQiIEd1aWQ9IjM3MDM3OGUzLWE0MGYtNDFhNC05YTZhLWRhZWRhNDE4OGMxYiIgVmVyc2lvbj0iMS4xIiBVcmw9Imh0dHA6Ly90ZXN0LnRlbGVyaWthY2FkZW15LmNvbS9LaWRzQWNhZGVteS9BZG1pbmlzdHJhdGlvbktpZHNTY2hvb2xzIiBUaGlua1RpbWU9IjEiIFRpbWVvdXQ9IjMwMCIgUGFyc2VEZXBlbmRlbnRSZXF1ZXN0cz0iVHJ1ZSIgRm9sbG93UmVkaXJlY3RzPSJUcnVlIiBSZWNvcmRSZXN1bHQ9IlRydWUiIENhY2hlPSJGYWxzZSIgUmVzcG9uc2VUaW1lR29hbD0iMCIgRW5jb2Rpbmc9InV0Zi04IiBFeHBlY3RlZEh0dHBTdGF0dXNDb2RlPSIwIiBFeHBlY3RlZFJlc3BvbnNlVXJsPSIiIFJlcG9ydGluZ05hbWU9IiIgSWdub3JlSHR0cFN0YXR1c0NvZGU9IkZhbHNlIj4NCiAgICAgIDxEZXBlbmRlbnRSZXF1ZXN0cz4NCiAgICAgICAgPFJlcXVlc3QgTWV0aG9kPSJQT1NUIiBHdWlkPSJmNzhjNzJkOC01NTY5LTQ3OGItYWE1Ny1jYTlmYjAzYmJlN2IiIFZlcnNpb249IjEuMSIgVXJsPSJodHRwOi8vdGVzdC50ZWxlcmlrYWNhZGVteS5jb20vS2lkc0FjYWRlbXkvQWRtaW5pc3RyYXRpb25LaWRzU2Nob29scy9LaWRzU2Nob29sc1JlYWQiIFRoaW5rVGltZT0iOCIgVGltZW91dD0iMzAwIiBQYXJzZURlcGVuZGVudFJlcXVlc3RzPSJUcnVlIiBGb2xsb3dSZWRpcmVjdHM9IlRydWUiIFJlY29yZFJlc3VsdD0iVHJ1ZSIgQ2FjaGU9IkZhbHNlIiBSZXNwb25zZVRpbWVHb2FsPSIwIiBFbmNvZGluZz0idXRmLTgiIEV4cGVjdGVkSHR0cFN0YXR1c0NvZGU9IjAiIEV4cGVjdGVkUmVzcG9uc2VVcmw9IiIgUmVwb3J0aW5nTmFtZT0iIiBJZ25vcmVIdHRwU3RhdHVzQ29kZT0iRmFsc2UiPg0KICAgICAgICAgIDxIZWFkZXJzPg0KICAgICAgICAgICAgPEhlYWRlciBOYW1lPSJBY2NlcHQiIFZhbHVlPSIqLyoiIC8+DQogICAgICAgICAgICA8SGVhZGVyIE5hbWU9IlgtUmVxdWVzdGVkLVdpdGgiIFZhbHVlPSJYTUxIdHRwUmVxdWVzdCIgLz4NCiAgICAgICAgICAgIDxIZWFkZXIgTmFtZT0iUmVmZXJlciIgVmFsdWU9Imh0dHA6Ly90ZXN0LnRlbGVyaWthY2FkZW15LmNvbS9LaWRzQWNhZGVteS9BZG1pbmlzdHJhdGlvbktpZHNTY2hvb2xzIiAvPg0KICAgICAgICAgIDwvSGVhZGVycz4NCiAgICAgICAgICA8Rm9ybVBvc3RIdHRwQm9keT4NCiAgICAgICAgICAgIDxGb3JtUG9zdFBhcmFtZXRlciBOYW1lPSJzb3J0IiBWYWx1ZT0iS2lkc1NjaG9vbElkLWRlc2MiIFJlY29yZGVkVmFsdWU9IktpZHNTY2hvb2xJZC1kZXNjIiBDb3JyZWxhdGlvbkJpbmRpbmc9IiIgVXJsRW5jb2RlPSJUcnVlIiAvPg0KICAgICAgICAgICAgPEZvcm1Qb3N0UGFyYW1ldGVyIE5hbWU9InBhZ2UiIFZhbHVlPSIxIiBSZWNvcmRlZFZhbHVlPSIxIiBDb3JyZWxhdGlvbkJpbmRpbmc9Int7Rm9ybVBvc3RQYXJhbTEucGFnZX19IiBVcmxFbmNvZGU9IlRydWUiIC8+DQogICAgICAgICAgICA8Rm9ybVBvc3RQYXJhbWV0ZXIgTmFtZT0icGFnZVNpemUiIFZhbHVlPSIyNSIgUmVjb3JkZWRWYWx1ZT0iMjUiIENvcnJlbGF0aW9uQmluZGluZz0ie3tGb3JtUG9zdFBhcmFtMi5wYWdlU2l6ZX19IiBVcmxFbmNvZGU9IlRydWUiIC8+DQogICAgICAgICAgICA8Rm9ybVBvc3RQYXJhbWV0ZXIgTmFtZT0iZ3JvdXAiIFZhbHVlPSIiIFJlY29yZGVkVmFsdWU9IiIgQ29ycmVsYXRpb25CaW5kaW5nPSIiIFVybEVuY29kZT0iVHJ1ZSIgLz4NCiAgICAgICAgICAgIDxGb3JtUG9zdFBhcmFtZXRlciBOYW1lPSJmaWx0ZXIiIFZhbHVlPSIiIFJlY29yZGVkVmFsdWU9IiIgQ29ycmVsYXRpb25CaW5kaW5nPSIiIFVybEVuY29kZT0iVHJ1ZSIgLz4NCiAgICAgICAgICA8L0Zvcm1Qb3N0SHR0cEJvZHk+DQogICAgICAgIDwvUmVxdWVzdD4NCiAgICAgIDwvRGVwZW5kZW50UmVxdWVzdHM+DQogICAgICA8SGVhZGVycz4NCiAgICAgICAgPEhlYWRlciBOYW1lPSJSZWZlcmVyIiBWYWx1ZT0iaHR0cDovL3Rlc3QudGVsZXJpa2FjYWRlbXkuY29tL0FkbWluaXN0cmF0aW9uL05hdmlnYXRpb24iIC8+DQogICAgICA8L0hlYWRlcnM+DQogICAgICA8Q29ycmVsYXRpb25FeHRyYWN0aW9uUnVsZXM+DQogICAgICAgIDxFeHRyYWN0aW9uUnVsZSBDbGFzc25hbWU9Ik1pY3Jvc29mdC5WaXN1YWxTdHVkaW8uVGVzdFRvb2xzLldlYlRlc3RpbmcuUnVsZXMuRXh0cmFjdFRleHQsIE1pY3Jvc29mdC5WaXN1YWxTdHVkaW8uUXVhbGl0eVRvb2xzLldlYlRlc3RGcmFtZXdvcmssIFZlcnNpb249MTAuMC4wLjAsIEN1bHR1cmU9bmV1dHJhbCwgUHVibGljS2V5VG9rZW49YjAzZjVmN2YxMWQ1MGEzYSIgVmFyaWFibGVOYW1lPSJGb3JtUG9zdFBhcmFtMS5wYWdlIiBEaXNwbGF5TmFtZT0iIiBEZXNjcmlwdGlvbj0iIj4NCiAgICAgICAgICA8UnVsZVBhcmFtZXRlcnM+DQogICAgICAgICAgICA8UnVsZVBhcmFtZXRlciBOYW1lPSJTdGFydHNXaXRoIiBWYWx1ZT0iZGV4PSZxdW90OyIgLz4NCiAgICAgICAgICAgIDxSdWxlUGFyYW1ldGVyIE5hbWU9IkVuZHNXaXRoIiBWYWx1ZT0iJnF1b3Q7IGRhdCIgLz4NCiAgICAgICAgICAgIDxSdWxlUGFyYW1ldGVyIE5hbWU9IkluZGV4IiBWYWx1ZT0iMSIgLz4NCiAgICAgICAgICAgIDxSdWxlUGFyYW1ldGVyIE5hbWU9Iklnbm9yZUNhc2UiIFZhbHVlPSJGYWxzZSIgLz4NCiAgICAgICAgICAgIDxSdWxlUGFyYW1ldGVyIE5hbWU9IlVzZVJlZ3VsYXJFeHByZXNzaW9uIiBWYWx1ZT0iRmFsc2UiIC8+DQogICAgICAgICAgICA8UnVsZVBhcmFtZXRlciBOYW1lPSJIdG1sRGVjb2RlIiBWYWx1ZT0iVHJ1ZSIgLz4NCiAgICAgICAgICAgIDxSdWxlUGFyYW1ldGVyIE5hbWU9IlJlcXVpcmVkIiBWYWx1ZT0iRmFsc2UiIC8+DQogICAgICAgICAgPC9SdWxlUGFyYW1ldGVycz4NCiAgICAgICAgPC9FeHRyYWN0aW9uUnVsZT4NCiAgICAgICAgPEV4dHJhY3Rpb25SdWxlIENsYXNzbmFtZT0iTWljcm9zb2Z0LlZpc3VhbFN0dWRpby5UZXN0VG9vbHMuV2ViVGVzdGluZy5SdWxlcy5FeHRyYWN0VGV4dCwgTWljcm9zb2Z0LlZpc3VhbFN0dWRpby5RdWFsaXR5VG9vbHMuV2ViVGVzdEZyYW1ld29yaywgVmVyc2lvbj0xMC4wLjAuMCwgQ3VsdHVyZT1uZXV0cmFsLCBQdWJsaWNLZXlUb2tlbj1iMDNmNWY3ZjExZDUwYTNhIiBWYXJpYWJsZU5hbWU9IkZvcm1Qb3N0UGFyYW0yLnBhZ2VTaXplIiBEaXNwbGF5TmFtZT0iIiBEZXNjcmlwdGlvbj0iIj4NCiAgICAgICAgICA8UnVsZVBhcmFtZXRlcnM+DQogICAgICAgICAgICA8UnVsZVBhcmFtZXRlciBOYW1lPSJTdGFydHNXaXRoIiBWYWx1ZT0idWUmcXVvdDs6JnF1b3Q7IiAvPg0KICAgICAgICAgICAgPFJ1bGVQYXJhbWV0ZXIgTmFtZT0iRW5kc1dpdGgiIFZhbHVlPSImcXVvdDt9LHsmcXVvdDsiIC8+DQogICAgICAgICAgICA8UnVsZVBhcmFtZXRlciBOYW1lPSJJbmRleCIgVmFsdWU9IjcxIiAvPg0KICAgICAgICAgICAgPFJ1bGVQYXJhbWV0ZXIgTmFtZT0iSWdub3JlQ2FzZSIgVmFsdWU9IkZhbHNlIiAvPg0KICAgICAgICAgICAgPFJ1bGVQYXJhbWV0ZXIgTmFtZT0iVXNlUmVndWxhckV4cHJlc3Npb24iIFZhbHVlPSJGYWxzZSIgLz4NCiAgICAgICAgICAgIDxSdWxlUGFyYW1ldGVyIE5hbWU9Ikh0bWxEZWNvZGUiIFZhbHVlPSJUcnVlIiAvPg0KICAgICAgICAgICAgPFJ1bGVQYXJhbWV0ZXIgTmFtZT0iUmVxdWlyZWQiIFZhbHVlPSJGYWxzZSIgLz4NCiAgICAgICAgICA8L1J1bGVQYXJhbWV0ZXJzPg0KICAgICAgICA8L0V4dHJhY3Rpb25SdWxlPg0KICAgICAgICA8RXh0cmFjdGlvblJ1bGUgQ2xhc3NuYW1lPSJNaWNyb3NvZnQuVmlzdWFsU3R1ZGlvLlRlc3RUb29scy5XZWJUZXN0aW5nLlJ1bGVzLkV4dHJhY3RUZXh0LCBNaWNyb3NvZnQuVmlzdWFsU3R1ZGlvLlF1YWxpdHlUb29scy5XZWJUZXN0RnJhbWV3b3JrLCBWZXJzaW9uPTEwLjAuMC4wLCBDdWx0dXJlPW5ldXRyYWwsIFB1YmxpY0tleVRva2VuPWIwM2Y1ZjdmMTFkNTBhM2EiIFZhcmlhYmxlTmFtZT0iRm9ybVBvc3RQYXJhbTMucGFnZSIgRGlzcGxheU5hbWU9IiIgRGVzY3JpcHRpb249IiI+DQogICAgICAgICAgPFJ1bGVQYXJhbWV0ZXJzPg0KICAgICAgICAgICAgPFJ1bGVQYXJhbWV0ZXIgTmFtZT0iU3RhcnRzV2l0aCIgVmFsdWU9ImRleD0mcXVvdDsiIC8+DQogICAgICAgICAgICA8UnVsZVBhcmFtZXRlciBOYW1lPSJFbmRzV2l0aCIgVmFsdWU9IiZxdW90OyBkYXQiIC8+DQogICAgICAgICAgICA8UnVsZVBhcmFtZXRlciBOYW1lPSJJbmRleCIgVmFsdWU9IjEiIC8+DQogICAgICAgICAgICA8UnVsZVBhcmFtZXRlciBOYW1lPSJJZ25vcmVDYXNlIiBWYWx1ZT0iRmFsc2UiIC8+DQogICAgICAgICAgICA8UnVsZVBhcmFtZXRlciBOYW1lPSJVc2VSZWd1bGFyRXhwcmVzc2lvbiIgVmFsdWU9IkZhbHNlIiAvPg0KICAgICAgICAgICAgPFJ1bGVQYXJhbWV0ZXIgTmFtZT0iSHRtbERlY29kZSIgVmFsdWU9IlRydWUiIC8+DQogICAgICAgICAgICA8UnVsZVBhcmFtZXRlciBOYW1lPSJSZXF1aXJlZCIgVmFsdWU9IkZhbHNlIiAvPg0KICAgICAgICAgIDwvUnVsZVBhcmFtZXRlcnM+DQogICAgICAgIDwvRXh0cmFjdGlvblJ1bGU+DQogICAgICAgIDxFeHRyYWN0aW9uUnVsZSBDbGFzc25hbWU9Ik1pY3Jvc29mdC5WaXN1YWxTdHVkaW8uVGVzdFRvb2xzLldlYlRlc3RpbmcuUnVsZXMuRXh0cmFjdFRleHQsIE1pY3Jvc29mdC5WaXN1YWxTdHVkaW8uUXVhbGl0eVRvb2xzLldlYlRlc3RGcmFtZXdvcmssIFZlcnNpb249MTAuMC4wLjAsIEN1bHR1cmU9bmV1dHJhbCwgUHVibGljS2V5VG9rZW49YjAzZjVmN2YxMWQ1MGEzYSIgVmFyaWFibGVOYW1lPSJGb3JtUG9zdFBhcmFtNC5wYWdlU2l6ZSIgRGlzcGxheU5hbWU9IiIgRGVzY3JpcHRpb249IiI+DQogICAgICAgICAgPFJ1bGVQYXJhbWV0ZXJzPg0KICAgICAgICAgICAgPFJ1bGVQYXJhbWV0ZXIgTmFtZT0iU3RhcnRzV2l0aCIgVmFsdWU9ImR0aD0mcXVvdDsiIC8+DQogICAgICAgICAgICA8UnVsZVBhcmFtZXRlciBOYW1lPSJFbmRzV2l0aCIgVmFsdWU9IiZxdW90OyAvJmd0OyYjeEQ7IiAvPg0KICAgICAgICAgICAgPFJ1bGVQYXJhbWV0ZXIgTmFtZT0iSW5kZXgiIFZhbHVlPSIwIiAvPg0KICAgICAgICAgICAgPFJ1bGVQYXJhbWV0ZXIgTmFtZT0iSWdub3JlQ2FzZSIgVmFsdWU9IkZhbHNlIiAvPg0KICAgICAgICAgICAgPFJ1bGVQYXJhbWV0ZXIgTmFtZT0iVXNlUmVndWxhckV4cHJlc3Npb24iIFZhbHVlPSJGYWxzZSIgLz4NCiAgICAgICAgICAgIDxSdWxlUGFyYW1ldGVyIE5hbWU9Ikh0bWxEZWNvZGUiIFZhbHVlPSJUcnVlIiAvPg0KICAgICAgICAgICAgPFJ1bGVQYXJhbWV0ZXIgTmFtZT0iUmVxdWlyZWQiIFZhbHVlPSJGYWxzZSIgLz4NCiAgICAgICAgICA8L1J1bGVQYXJhbWV0ZXJzPg0KICAgICAgICA8L0V4dHJhY3Rpb25SdWxlPg0KICAgICAgPC9Db3JyZWxhdGlvbkV4dHJhY3Rpb25SdWxlcz4NCiAgICA8L1JlcXVlc3Q+DQogICAgPFJlcXVlc3QgTWV0aG9kPSJQT1NUIiBHdWlkPSIwYmU2YjliNS0wMTk0LTRhZmItODIyYS04MDA0N2QwMzk0NzgiIFZlcnNpb249IjEuMSIgVXJsPSJodHRwOi8vdGVzdC50ZWxlcmlrYWNhZGVteS5jb20vS2lkc0FjYWRlbXkvQWRtaW5pc3RyYXRpb25LaWRzU2Nob29scy9LaWRzU2Nob29sQ291cnNlSW5zdGFuY2VzUmVhZCIgVGhpbmtUaW1lPSI2IiBUaW1lb3V0PSIzMDAiIFBhcnNlRGVwZW5kZW50UmVxdWVzdHM9IlRydWUiIEZvbGxvd1JlZGlyZWN0cz0iVHJ1ZSIgUmVjb3JkUmVzdWx0PSJUcnVlIiBDYWNoZT0iRmFsc2UiIFJlc3BvbnNlVGltZUdvYWw9IjAiIEVuY29kaW5nPSJ1dGYtOCIgRXhwZWN0ZWRIdHRwU3RhdHVzQ29kZT0iMCIgRXhwZWN0ZWRSZXNwb25zZVVybD0iIiBSZXBvcnRpbmdOYW1lPSIiIElnbm9yZUh0dHBTdGF0dXNDb2RlPSJGYWxzZSI+DQogICAgICA8SGVhZGVycz4NCiAgICAgICAgPEhlYWRlciBOYW1lPSJBY2NlcHQiIFZhbHVlPSIqLyoiIC8+DQogICAgICAgIDxIZWFkZXIgTmFtZT0iWC1SZXF1ZXN0ZWQtV2l0aCIgVmFsdWU9IlhNTEh0dHBSZXF1ZXN0IiAvPg0KICAgICAgICA8SGVhZGVyIE5hbWU9IlJlZmVyZXIiIFZhbHVlPSJodHRwOi8vdGVzdC50ZWxlcmlrYWNhZGVteS5jb20vS2lkc0FjYWRlbXkvQWRtaW5pc3RyYXRpb25LaWRzU2Nob29scyIgLz4NCiAgICAgIDwvSGVhZGVycz4NCiAgICAgIDxRdWVyeVN0cmluZ1BhcmFtZXRlcnM+DQogICAgICAgIDxRdWVyeVN0cmluZ1BhcmFtZXRlciBOYW1lPSJjb3Vyc2VJbnN0YW5jZUlkIiBWYWx1ZT0iMSIgUmVjb3JkZWRWYWx1ZT0iMSIgQ29ycmVsYXRpb25CaW5kaW5nPSIiIFVybEVuY29kZT0iRmFsc2UiIFVzZVRvR3JvdXBSZXN1bHRzPSJGYWxzZSIgLz4NCiAgICAgIDwvUXVlcnlTdHJpbmdQYXJhbWV0ZXJzPg0KICAgICAgPEZvcm1Qb3N0SHR0cEJvZHk+DQogICAgICAgIDxGb3JtUG9zdFBhcmFtZXRlciBOYW1lPSJzb3J0IiBWYWx1ZT0iIiBSZWNvcmRlZFZhbHVlPSIiIENvcnJlbGF0aW9uQmluZGluZz0iIiBVcmxFbmNvZGU9IlRydWUiIC8+DQogICAgICAgIDxGb3JtUG9zdFBhcmFtZXRlciBOYW1lPSJwYWdlIiBWYWx1ZT0iMSIgUmVjb3JkZWRWYWx1ZT0iMSIgQ29ycmVsYXRpb25CaW5kaW5nPSJ7e0Zvcm1Qb3N0UGFyYW0zLnBhZ2V9fSIgVXJsRW5jb2RlPSJUcnVlIiAvPg0KICAgICAgICA8Rm9ybVBvc3RQYXJhbWV0ZXIgTmFtZT0icGFnZVNpemUiIFZhbHVlPSIyMCIgUmVjb3JkZWRWYWx1ZT0iMjAiIENvcnJlbGF0aW9uQmluZGluZz0ie3tGb3JtUG9zdFBhcmFtNC5wYWdlU2l6ZX19IiBVcmxFbmNvZGU9IlRydWUiIC8+DQogICAgICAgIDxGb3JtUG9zdFBhcmFtZXRlciBOYW1lPSJncm91cCIgVmFsdWU9IiIgUmVjb3JkZWRWYWx1ZT0iIiBDb3JyZWxhdGlvbkJpbmRpbmc9IiIgVXJsRW5jb2RlPSJUcnVlIiAvPg0KICAgICAgICA8Rm9ybVBvc3RQYXJhbWV0ZXIgTmFtZT0iZmlsdGVyIiBWYWx1ZT0iIiBSZWNvcmRlZFZhbHVlPSIiIENvcnJlbGF0aW9uQmluZGluZz0iIiBVcmxFbmNvZGU9IlRydWUiIC8+DQogICAgICA8L0Zvcm1Qb3N0SHR0cEJvZHk+DQogICAgPC9SZXF1ZXN0Pg0KICAgIDxSZXF1ZXN0IE1ldGhvZD0iR0VUIiBHdWlkPSI1YjI4MmVkNi1iNmEwLTQzYzUtOGYwNS02N2ZkMWVhNWRhNzkiIFZlcnNpb249IjEuMSIgVXJsPSJodHRwOi8vdGVzdC50ZWxlcmlrYWNhZGVteS5jb20vVXNlcnMvQXV0aC9Mb2dPdXQiIFRoaW5rVGltZT0iMSIgVGltZW91dD0iMzAwIiBQYXJzZURlcGVuZGVudFJlcXVlc3RzPSJUcnVlIiBGb2xsb3dSZWRpcmVjdHM9IlRydWUiIFJlY29yZFJlc3VsdD0iVHJ1ZSIgQ2FjaGU9IkZhbHNlIiBSZXNwb25zZVRpbWVHb2FsPSIwIiBFbmNvZGluZz0idXRmLTgiIEV4cGVjdGVkSHR0cFN0YXR1c0NvZGU9IjAiIEV4cGVjdGVkUmVzcG9uc2VVcmw9Imh0dHA6Ly90ZXN0LnRlbGVyaWthY2FkZW15LmNvbS8iIFJlcG9ydGluZ05hbWU9IiIgSWdub3JlSHR0cFN0YXR1c0NvZGU9IkZhbHNlIj4NCiAgICAgIDxIZWFkZXJzPg0KICAgICAgICA8SGVhZGVyIE5hbWU9IlJlZmVyZXIiIFZhbHVlPSJodHRwOi8vdGVzdC50ZWxlcmlrYWNhZGVteS5jb20vS2lkc0FjYWRlbXkvQWRtaW5pc3RyYXRpb25LaWRzU2Nob29scyIgLz4NCiAgICAgIDwvSGVhZGVycz4NCiAgICA8L1JlcXVlc3Q+DQogIDwvSXRlbXM+DQogIDxWYWxpZGF0aW9uUnVsZXM+DQogICAgPFZhbGlkYXRpb25SdWxlIENsYXNzbmFtZT0iTWljcm9zb2Z0LlZpc3VhbFN0dWRpby5UZXN0VG9vbHMuV2ViVGVzdGluZy5SdWxlcy5WYWxpZGF0ZVJlc3BvbnNlVXJsLCBNaWNyb3NvZnQuVmlzdWFsU3R1ZGlvLlF1YWxpdHlUb29scy5XZWJUZXN0RnJhbWV3b3JrLCBWZXJzaW9uPTEwLjAuMC4wLCBDdWx0dXJlPW5ldXRyYWwsIFB1YmxpY0tleVRva2VuPWIwM2Y1ZjdmMTFkNTBhM2EiIERpc3BsYXlOYW1lPSJSZXNwb25zZSBVUkwiIERlc2NyaXB0aW9uPSJWYWxpZGF0ZXMgdGhhdCB0aGUgcmVzcG9uc2UgVVJMIGFmdGVyIHJlZGlyZWN0cyBhcmUgZm9sbG93ZWQgaXMgdGhlIHNhbWUgYXMgdGhlIHJlY29yZGVkIHJlc3BvbnNlIFVSTC4gIFF1ZXJ5U3RyaW5nIHBhcmFtZXRlcnMgYXJlIGlnbm9yZWQuIiBMZXZlbD0iTG93IiBFeGVjdHVpb25PcmRlcj0iQmVmb3JlRGVwZW5kZW50cyIgLz4NCiAgICA8VmFsaWRhdGlvblJ1bGUgQ2xhc3NuYW1lPSJNaWNyb3NvZnQuVmlzdWFsU3R1ZGlvLlRlc3RUb29scy5XZWJUZXN0aW5nLlJ1bGVzLlZhbGlkYXRpb25SdWxlUmVzcG9uc2VUaW1lR29hbCwgTWljcm9zb2Z0LlZpc3VhbFN0dWRpby5RdWFsaXR5VG9vbHMuV2ViVGVzdEZyYW1ld29yaywgVmVyc2lvbj0xMC4wLjAuMCwgQ3VsdHVyZT1uZXV0cmFsLCBQdWJsaWNLZXlUb2tlbj1iMDNmNWY3ZjExZDUwYTNhIiBEaXNwbGF5TmFtZT0iUmVzcG9uc2UgVGltZSBHb2FsIiBEZXNjcmlwdGlvbj0iVmFsaWRhdGVzIHRoYXQgdGhlIHJlc3BvbnNlIHRpbWUgZm9yIHRoZSByZXF1ZXN0IGlzIGxlc3MgdGhhbiBvciBlcXVhbCB0byB0aGUgcmVzcG9uc2UgdGltZSBnb2FsIGFzIHNwZWNpZmllZCBvbiB0aGUgcmVxdWVzdC4gIFJlc3BvbnNlIHRpbWUgZ29hbHMgb2YgemVybyB3aWxsIGJlIGlnbm9yZWQuIiBMZXZlbD0iTG93IiBFeGVjdHVpb25PcmRlcj0iQWZ0ZXJEZXBlbmRlbnRzIj4NCiAgICAgIDxSdWxlUGFyYW1ldGVycz4NCiAgICAgICAgPFJ1bGVQYXJhbWV0ZXIgTmFtZT0iVG9sZXJhbmNlIiBWYWx1ZT0iMCIgLz4NCiAgICAgIDwvUnVsZVBhcmFtZXRlcnM+DQogICAgPC9WYWxpZGF0aW9uUnVsZT4NCiAgPC9WYWxpZGF0aW9uUnVsZXM+DQo8L1dlYlRlc3Q+">
    </WebTest>
    <WebTest name="DownloadAll" storage="c:\telerikacademy\qa\team fig\team fig\tals.performancetesting\tals.performancetesting\tals.performancetesting.webtests\modules\kidsacademy\documents\downloadall.webtest" id="4d892a94-38c0-48a1-8191-6c39c025a5d7" persistedWebTest="77u/PD94bWwgdmVyc2lvbj0iMS4wIiBlbmNvZGluZz0iVVRGLTgiIHN0YW5kYWxvbmU9InllcyI/Pg0KPFdlYlRlc3QgTmFtZT0iRG93bmxvYWRBbGwiIElkPSI0ZDg5MmE5NC0zOGMwLTQ4YTEtODE5MS02YzM5YzAyNWE1ZDciIE93bmVyPSIiIFByaW9yaXR5PSIyMTQ3NDgzNjQ3IiBFbmFibGVkPSJUcnVlIiBDc3NQcm9qZWN0U3RydWN0dXJlPSIiIENzc0l0ZXJhdGlvbj0iIiBUaW1lb3V0PSIwIiBXb3JrSXRlbUlkcz0iIiB4bWxucz0iaHR0cDovL21pY3Jvc29mdC5jb20vc2NoZW1hcy9WaXN1YWxTdHVkaW8vVGVhbVRlc3QvMjAxMCIgRGVzY3JpcHRpb249IiIgQ3JlZGVudGlhbFVzZXJOYW1lPSIiIENyZWRlbnRpYWxQYXNzd29yZD0iIiBQcmVBdXRoZW50aWNhdGU9IlRydWUiIFByb3h5PSJkZWZhdWx0IiBTdG9wT25FcnJvcj0iRmFsc2UiIFJlY29yZGVkUmVzdWx0RmlsZT0iV2ViVGVzdDEuZTgzNjdkN2QtMTQzYS00ZTVmLTkxMGYtZGYyMTkxMjE3NmRmLnJlYy53ZWJ0ZXN0cmVzdWx0IiBSZXN1bHRzTG9jYWxlPSIiPg0KICA8SXRlbXM+DQogICAgPFJlcXVlc3QgTWV0aG9kPSJHRVQiIEd1aWQ9IjEzNjM4MDU5LTgwMTgtNDkwNy04OGJjLTc4ODIwNDVkMjliMSIgVmVyc2lvbj0iMS4xIiBVcmw9Imh0dHA6Ly90ZXN0LnRlbGVyaWthY2FkZW15LmNvbS8iIFRoaW5rVGltZT0iMSIgVGltZW91dD0iMzAwIiBQYXJzZURlcGVuZGVudFJlcXVlc3RzPSJUcnVlIiBGb2xsb3dSZWRpcmVjdHM9IlRydWUiIFJlY29yZFJlc3VsdD0iVHJ1ZSIgQ2FjaGU9IkZhbHNlIiBSZXNwb25zZVRpbWVHb2FsPSIwIiBFbmNvZGluZz0idXRmLTgiIEV4cGVjdGVkSHR0cFN0YXR1c0NvZGU9IjAiIEV4cGVjdGVkUmVzcG9uc2VVcmw9IiIgUmVwb3J0aW5nTmFtZT0iIiBJZ25vcmVIdHRwU3RhdHVzQ29kZT0iRmFsc2UiIC8+DQogICAgPFJlcXVlc3QgTWV0aG9kPSJHRVQiIEd1aWQ9IjVmZjQ4OGJkLTBlZDUtNDU4OS05YmI4LWUxOGVhYTE3ZDY3NSIgVmVyc2lvbj0iMS4xIiBVcmw9Imh0dHA6Ly90ZXN0LnRlbGVyaWthY2FkZW15LmNvbS9Vc2Vycy9BdXRoL0xvZ2luIiBUaGlua1RpbWU9IjYiIFRpbWVvdXQ9IjMwMCIgUGFyc2VEZXBlbmRlbnRSZXF1ZXN0cz0iVHJ1ZSIgRm9sbG93UmVkaXJlY3RzPSJUcnVlIiBSZWNvcmRSZXN1bHQ9IlRydWUiIENhY2hlPSJGYWxzZSIgUmVzcG9uc2VUaW1lR29hbD0iMCIgRW5jb2Rpbmc9InV0Zi04IiBFeHBlY3RlZEh0dHBTdGF0dXNDb2RlPSIwIiBFeHBlY3RlZFJlc3BvbnNlVXJsPSIiIFJlcG9ydGluZ05hbWU9IiIgSWdub3JlSHR0cFN0YXR1c0NvZGU9IkZhbHNlIj4NCiAgICAgIDxIZWFkZXJzPg0KICAgICAgICA8SGVhZGVyIE5hbWU9IlJlZmVyZXIiIFZhbHVlPSJodHRwOi8vdGVzdC50ZWxlcmlrYWNhZGVteS5jb20vIiAvPg0KICAgICAgPC9IZWFkZXJzPg0KICAgIDwvUmVxdWVzdD4NCiAgICA8UmVxdWVzdCBNZXRob2Q9IlBPU1QiIEd1aWQ9IjExMDQ0MjdkLTU4MmUtNDI0Yi1iMjNlLTI5YmFmY2VjMjYxYyIgVmVyc2lvbj0iMS4xIiBVcmw9Imh0dHA6Ly90ZXN0LnRlbGVyaWthY2FkZW15LmNvbS9Vc2Vycy9BdXRoL0xvZ2luIiBUaGlua1RpbWU9IjEiIFRpbWVvdXQ9IjMwMCIgUGFyc2VEZXBlbmRlbnRSZXF1ZXN0cz0iVHJ1ZSIgRm9sbG93UmVkaXJlY3RzPSJUcnVlIiBSZWNvcmRSZXN1bHQ9IlRydWUiIENhY2hlPSJGYWxzZSIgUmVzcG9uc2VUaW1lR29hbD0iMCIgRW5jb2Rpbmc9InV0Zi04IiBFeHBlY3RlZEh0dHBTdGF0dXNDb2RlPSIwIiBFeHBlY3RlZFJlc3BvbnNlVXJsPSJodHRwOi8vdGVzdC50ZWxlcmlrYWNhZGVteS5jb20vIiBSZXBvcnRpbmdOYW1lPSIiIElnbm9yZUh0dHBTdGF0dXNDb2RlPSJGYWxzZSI+DQogICAgICA8SGVhZGVycz4NCiAgICAgICAgPEhlYWRlciBOYW1lPSJSZWZlcmVyIiBWYWx1ZT0iaHR0cDovL3Rlc3QudGVsZXJpa2FjYWRlbXkuY29tL1VzZXJzL0F1dGgvTG9naW4iIC8+DQogICAgICA8L0hlYWRlcnM+DQogICAgICA8Rm9ybVBvc3RIdHRwQm9keT4NCiAgICAgICAgPEZvcm1Qb3N0UGFyYW1ldGVyIE5hbWU9IlVzZXJuYW1lT3JFbWFpbCIgVmFsdWU9IlRlc3RVc2VyMiIgUmVjb3JkZWRWYWx1ZT0iVGVzdFVzZXIyIiBDb3JyZWxhdGlvbkJpbmRpbmc9IiIgVXJsRW5jb2RlPSJUcnVlIiAvPg0KICAgICAgICA8Rm9ybVBvc3RQYXJhbWV0ZXIgTmFtZT0iUGFzc3dvcmQiIFZhbHVlPSJ0ZXN0dGVzdCIgUmVjb3JkZWRWYWx1ZT0idGVzdHRlc3QiIENvcnJlbGF0aW9uQmluZGluZz0iIiBVcmxFbmNvZGU9IlRydWUiIC8+DQogICAgICA8L0Zvcm1Qb3N0SHR0cEJvZHk+DQogICAgPC9SZXF1ZXN0Pg0KICAgIDxSZXF1ZXN0IE1ldGhvZD0iR0VUIiBHdWlkPSIzMWZhZjk3My1iYTgwLTQ2ZDgtOWRkMi0wMDliNjA4ZjEyZGEiIFZlcnNpb249IjEuMSIgVXJsPSJodHRwOi8vdGVzdC50ZWxlcmlrYWNhZGVteS5jb20vQWRtaW5pc3RyYXRpb24vTmF2aWdhdGlvbiIgVGhpbmtUaW1lPSIyIiBUaW1lb3V0PSIzMDAiIFBhcnNlRGVwZW5kZW50UmVxdWVzdHM9IlRydWUiIEZvbGxvd1JlZGlyZWN0cz0iVHJ1ZSIgUmVjb3JkUmVzdWx0PSJUcnVlIiBDYWNoZT0iRmFsc2UiIFJlc3BvbnNlVGltZUdvYWw9IjAiIEVuY29kaW5nPSJ1dGYtOCIgRXhwZWN0ZWRIdHRwU3RhdHVzQ29kZT0iMCIgRXhwZWN0ZWRSZXNwb25zZVVybD0iIiBSZXBvcnRpbmdOYW1lPSIiIElnbm9yZUh0dHBTdGF0dXNDb2RlPSJGYWxzZSI+DQogICAgICA8SGVhZGVycz4NCiAgICAgICAgPEhlYWRlciBOYW1lPSJSZWZlcmVyIiBWYWx1ZT0iaHR0cDovL3Rlc3QudGVsZXJpa2FjYWRlbXkuY29tLyIgLz4NCiAgICAgIDwvSGVhZGVycz4NCiAgICA8L1JlcXVlc3Q+DQogICAgPFJlcXVlc3QgTWV0aG9kPSJHRVQiIEd1aWQ9IjVmYmUzYmZkLTAwM2ItNDhkYS1iNmFkLWRmMzM1YTc0MjdkNiIgVmVyc2lvbj0iMS4xIiBVcmw9Imh0dHA6Ly90ZXN0LnRlbGVyaWthY2FkZW15LmNvbS9LaWRzQWNhZGVteS9BZG1pbmlzdHJhdGlvbktpZHNTY2hvb2xzRG9jdW1lbnRzIiBUaGlua1RpbWU9IjEiIFRpbWVvdXQ9IjMwMCIgUGFyc2VEZXBlbmRlbnRSZXF1ZXN0cz0iVHJ1ZSIgRm9sbG93UmVkaXJlY3RzPSJUcnVlIiBSZWNvcmRSZXN1bHQ9IlRydWUiIENhY2hlPSJGYWxzZSIgUmVzcG9uc2VUaW1lR29hbD0iMCIgRW5jb2Rpbmc9InV0Zi04IiBFeHBlY3RlZEh0dHBTdGF0dXNDb2RlPSIwIiBFeHBlY3RlZFJlc3BvbnNlVXJsPSIiIFJlcG9ydGluZ05hbWU9IiIgSWdub3JlSHR0cFN0YXR1c0NvZGU9IkZhbHNlIj4NCiAgICAgIDxEZXBlbmRlbnRSZXF1ZXN0cz4NCiAgICAgICAgPFJlcXVlc3QgTWV0aG9kPSJQT1NUIiBHdWlkPSI4NDhkODg1OS05MjY1LTRjMzgtYjllOS0zNzY1NzgyNmZkYmQiIFZlcnNpb249IjEuMSIgVXJsPSJodHRwOi8vdGVzdC50ZWxlcmlrYWNhZGVteS5jb20vS2lkc0FjYWRlbXkvQWRtaW5pc3RyYXRpb25LaWRzU2Nob29sc0RvY3VtZW50cy9LaWRzU2Nob29sRG9jdW1lbnRzUmVhZCIgVGhpbmtUaW1lPSIyIiBUaW1lb3V0PSIzMDAiIFBhcnNlRGVwZW5kZW50UmVxdWVzdHM9IlRydWUiIEZvbGxvd1JlZGlyZWN0cz0iVHJ1ZSIgUmVjb3JkUmVzdWx0PSJUcnVlIiBDYWNoZT0iRmFsc2UiIFJlc3BvbnNlVGltZUdvYWw9IjAiIEVuY29kaW5nPSJ1dGYtOCIgRXhwZWN0ZWRIdHRwU3RhdHVzQ29kZT0iMCIgRXhwZWN0ZWRSZXNwb25zZVVybD0iIiBSZXBvcnRpbmdOYW1lPSIiIElnbm9yZUh0dHBTdGF0dXNDb2RlPSJGYWxzZSI+DQogICAgICAgICAgPEhlYWRlcnM+DQogICAgICAgICAgICA8SGVhZGVyIE5hbWU9IkFjY2VwdCIgVmFsdWU9IiovKiIgLz4NCiAgICAgICAgICAgIDxIZWFkZXIgTmFtZT0iWC1SZXF1ZXN0ZWQtV2l0aCIgVmFsdWU9IlhNTEh0dHBSZXF1ZXN0IiAvPg0KICAgICAgICAgICAgPEhlYWRlciBOYW1lPSJSZWZlcmVyIiBWYWx1ZT0iaHR0cDovL3Rlc3QudGVsZXJpa2FjYWRlbXkuY29tL0tpZHNBY2FkZW15L0FkbWluaXN0cmF0aW9uS2lkc1NjaG9vbHNEb2N1bWVudHMiIC8+DQogICAgICAgICAgPC9IZWFkZXJzPg0KICAgICAgICAgIDxGb3JtUG9zdEh0dHBCb2R5Pg0KICAgICAgICAgICAgPEZvcm1Qb3N0UGFyYW1ldGVyIE5hbWU9InNvcnQiIFZhbHVlPSJVcGxvYWREYXRlLWFzYyIgUmVjb3JkZWRWYWx1ZT0iVXBsb2FkRGF0ZS1hc2MiIENvcnJlbGF0aW9uQmluZGluZz0iIiBVcmxFbmNvZGU9IlRydWUiIC8+DQogICAgICAgICAgICA8Rm9ybVBvc3RQYXJhbWV0ZXIgTmFtZT0icGFnZSIgVmFsdWU9IjEiIFJlY29yZGVkVmFsdWU9IjEiIENvcnJlbGF0aW9uQmluZGluZz0ie3tGb3JtUG9zdFBhcmFtMS5wYWdlfX0iIFVybEVuY29kZT0iVHJ1ZSIgLz4NCiAgICAgICAgICAgIDxGb3JtUG9zdFBhcmFtZXRlciBOYW1lPSJwYWdlU2l6ZSIgVmFsdWU9IjI1IiBSZWNvcmRlZFZhbHVlPSIyNSIgQ29ycmVsYXRpb25CaW5kaW5nPSIiIFVybEVuY29kZT0iVHJ1ZSIgLz4NCiAgICAgICAgICAgIDxGb3JtUG9zdFBhcmFtZXRlciBOYW1lPSJncm91cCIgVmFsdWU9IiIgUmVjb3JkZWRWYWx1ZT0iIiBDb3JyZWxhdGlvbkJpbmRpbmc9IiIgVXJsRW5jb2RlPSJUcnVlIiAvPg0KICAgICAgICAgICAgPEZvcm1Qb3N0UGFyYW1ldGVyIE5hbWU9ImZpbHRlciIgVmFsdWU9IiIgUmVjb3JkZWRWYWx1ZT0iIiBDb3JyZWxhdGlvbkJpbmRpbmc9IiIgVXJsRW5jb2RlPSJUcnVlIiAvPg0KICAgICAgICAgIDwvRm9ybVBvc3RIdHRwQm9keT4NCiAgICAgICAgPC9SZXF1ZXN0Pg0KICAgICAgPC9EZXBlbmRlbnRSZXF1ZXN0cz4NCiAgICAgIDxIZWFkZXJzPg0KICAgICAgICA8SGVhZGVyIE5hbWU9IlJlZmVyZXIiIFZhbHVlPSJodHRwOi8vdGVzdC50ZWxlcmlrYWNhZGVteS5jb20vQWRtaW5pc3RyYXRpb24vTmF2aWdhdGlvbiIgLz4NCiAgICAgIDwvSGVhZGVycz4NCiAgICAgIDxDb3JyZWxhdGlvbkV4dHJhY3Rpb25SdWxlcz4NCiAgICAgICAgPEV4dHJhY3Rpb25SdWxlIENsYXNzbmFtZT0iTWljcm9zb2Z0LlZpc3VhbFN0dWRpby5UZXN0VG9vbHMuV2ViVGVzdGluZy5SdWxlcy5FeHRyYWN0VGV4dCwgTWljcm9zb2Z0LlZpc3VhbFN0dWRpby5RdWFsaXR5VG9vbHMuV2ViVGVzdEZyYW1ld29yaywgVmVyc2lvbj0xMC4wLjAuMCwgQ3VsdHVyZT1uZXV0cmFsLCBQdWJsaWNLZXlUb2tlbj1iMDNmNWY3ZjExZDUwYTNhIiBWYXJpYWJsZU5hbWU9IkZvcm1Qb3N0UGFyYW0xLnBhZ2UiIERpc3BsYXlOYW1lPSIiIERlc2NyaXB0aW9uPSIiPg0KICAgICAgICAgIDxSdWxlUGFyYW1ldGVycz4NCiAgICAgICAgICAgIDxSdWxlUGFyYW1ldGVyIE5hbWU9IlN0YXJ0c1dpdGgiIFZhbHVlPSJkZXg9JnF1b3Q7IiAvPg0KICAgICAgICAgICAgPFJ1bGVQYXJhbWV0ZXIgTmFtZT0iRW5kc1dpdGgiIFZhbHVlPSImcXVvdDsgZGF0IiAvPg0KICAgICAgICAgICAgPFJ1bGVQYXJhbWV0ZXIgTmFtZT0iSW5kZXgiIFZhbHVlPSIxIiAvPg0KICAgICAgICAgICAgPFJ1bGVQYXJhbWV0ZXIgTmFtZT0iSWdub3JlQ2FzZSIgVmFsdWU9IkZhbHNlIiAvPg0KICAgICAgICAgICAgPFJ1bGVQYXJhbWV0ZXIgTmFtZT0iVXNlUmVndWxhckV4cHJlc3Npb24iIFZhbHVlPSJGYWxzZSIgLz4NCiAgICAgICAgICAgIDxSdWxlUGFyYW1ldGVyIE5hbWU9Ikh0bWxEZWNvZGUiIFZhbHVlPSJUcnVlIiAvPg0KICAgICAgICAgICAgPFJ1bGVQYXJhbWV0ZXIgTmFtZT0iUmVxdWlyZWQiIFZhbHVlPSJGYWxzZSIgLz4NCiAgICAgICAgICA8L1J1bGVQYXJhbWV0ZXJzPg0KICAgICAgICA8L0V4dHJhY3Rpb25SdWxlPg0KICAgICAgICA8RXh0cmFjdGlvblJ1bGUgQ2xhc3NuYW1lPSJNaWNyb3NvZnQuVmlzdWFsU3R1ZGlvLlRlc3RUb29scy5XZWJUZXN0aW5nLlJ1bGVzLkV4dHJhY3RUZXh0LCBNaWNyb3NvZnQuVmlzdWFsU3R1ZGlvLlF1YWxpdHlUb29scy5XZWJUZXN0RnJhbWV3b3JrLCBWZXJzaW9uPTEwLjAuMC4wLCBDdWx0dXJlPW5ldXRyYWwsIFB1YmxpY0tleVRva2VuPWIwM2Y1ZjdmMTFkNTBhM2EiIFZhcmlhYmxlTmFtZT0iUXVlcnlTdHJpbmdQYXJhbTM4My5wYWdlIiBEaXNwbGF5TmFtZT0iIiBEZXNjcmlwdGlvbj0iIj4NCiAgICAgICAgICA8UnVsZVBhcmFtZXRlcnM+DQogICAgICAgICAgICA8UnVsZVBhcmFtZXRlciBOYW1lPSJTdGFydHNXaXRoIiBWYWx1ZT0iP3BhZ2U9IiAvPg0KICAgICAgICAgICAgPFJ1bGVQYXJhbWV0ZXIgTmFtZT0iRW5kc1dpdGgiIFZhbHVlPSImYW1wOyIgLz4NCiAgICAgICAgICAgIDxSdWxlUGFyYW1ldGVyIE5hbWU9IkluZGV4IiBWYWx1ZT0iMCIgLz4NCiAgICAgICAgICAgIDxSdWxlUGFyYW1ldGVyIE5hbWU9Iklnbm9yZUNhc2UiIFZhbHVlPSJGYWxzZSIgLz4NCiAgICAgICAgICAgIDxSdWxlUGFyYW1ldGVyIE5hbWU9IlVzZVJlZ3VsYXJFeHByZXNzaW9uIiBWYWx1ZT0iRmFsc2UiIC8+DQogICAgICAgICAgICA8UnVsZVBhcmFtZXRlciBOYW1lPSJIdG1sRGVjb2RlIiBWYWx1ZT0iVHJ1ZSIgLz4NCiAgICAgICAgICAgIDxSdWxlUGFyYW1ldGVyIE5hbWU9IlJlcXVpcmVkIiBWYWx1ZT0iRmFsc2UiIC8+DQogICAgICAgICAgPC9SdWxlUGFyYW1ldGVycz4NCiAgICAgICAgPC9FeHRyYWN0aW9uUnVsZT4NCiAgICAgIDwvQ29ycmVsYXRpb25FeHRyYWN0aW9uUnVsZXM+DQogICAgPC9SZXF1ZXN0Pg0KICAgIDxSZXF1ZXN0IE1ldGhvZD0iR0VUIiBHdWlkPSJjMDAxZDk3OC0yODFlLTQ4NjgtOTVhNS1jODIyN2E0OGJmMGQiIFZlcnNpb249IjEuMSIgVXJsPSJodHRwOi8vdGVzdC50ZWxlcmlrYWNhZGVteS5jb20vS2lkc0FjYWRlbXkvQWRtaW5pc3RyYXRpb25LaWRzU2Nob29sc0RvY3VtZW50cy9Eb3dubG9hZEFsbEtpZHNTY2hvb2xEb2N1bWVudHMiIFRoaW5rVGltZT0iMTUwIiBUaW1lb3V0PSIzMDAiIFBhcnNlRGVwZW5kZW50UmVxdWVzdHM9IlRydWUiIEZvbGxvd1JlZGlyZWN0cz0iVHJ1ZSIgUmVjb3JkUmVzdWx0PSJUcnVlIiBDYWNoZT0iRmFsc2UiIFJlc3BvbnNlVGltZUdvYWw9IjAiIEVuY29kaW5nPSJ1dGYtOCIgRXhwZWN0ZWRIdHRwU3RhdHVzQ29kZT0iMCIgRXhwZWN0ZWRSZXNwb25zZVVybD0iIiBSZXBvcnRpbmdOYW1lPSIiIElnbm9yZUh0dHBTdGF0dXNDb2RlPSJGYWxzZSI+DQogICAgICA8SGVhZGVycz4NCiAgICAgICAgPEhlYWRlciBOYW1lPSJSZWZlcmVyIiBWYWx1ZT0iaHR0cDovL3Rlc3QudGVsZXJpa2FjYWRlbXkuY29tL0tpZHNBY2FkZW15L0FkbWluaXN0cmF0aW9uS2lkc1NjaG9vbHNEb2N1bWVudHMiIC8+DQogICAgICA8L0hlYWRlcnM+DQogICAgICA8UXVlcnlTdHJpbmdQYXJhbWV0ZXJzPg0KICAgICAgICA8UXVlcnlTdHJpbmdQYXJhbWV0ZXIgTmFtZT0icGFnZSIgVmFsdWU9IjEiIFJlY29yZGVkVmFsdWU9IjEiIENvcnJlbGF0aW9uQmluZGluZz0ie3tRdWVyeVN0cmluZ1BhcmFtMzgzLnBhZ2V9fSIgVXJsRW5jb2RlPSJGYWxzZSIgVXNlVG9Hcm91cFJlc3VsdHM9IkZhbHNlIiAvPg0KICAgICAgICA8UXVlcnlTdHJpbmdQYXJhbWV0ZXIgTmFtZT0icGFnZVNpemUiIFZhbHVlPSIyNSIgUmVjb3JkZWRWYWx1ZT0iMjUiIENvcnJlbGF0aW9uQmluZGluZz0iIiBVcmxFbmNvZGU9IkZhbHNlIiBVc2VUb0dyb3VwUmVzdWx0cz0iRmFsc2UiIC8+DQogICAgICAgIDxRdWVyeVN0cmluZ1BhcmFtZXRlciBOYW1lPSJmaWx0ZXIiIFZhbHVlPSJ+IiBSZWNvcmRlZFZhbHVlPSJ+IiBDb3JyZWxhdGlvbkJpbmRpbmc9IiIgVXJsRW5jb2RlPSJGYWxzZSIgVXNlVG9Hcm91cFJlc3VsdHM9IkZhbHNlIiAvPg0KICAgICAgICA8UXVlcnlTdHJpbmdQYXJhbWV0ZXIgTmFtZT0ic29ydCIgVmFsdWU9IlVwbG9hZERhdGUtYXNjIiBSZWNvcmRlZFZhbHVlPSJVcGxvYWREYXRlLWFzYyIgQ29ycmVsYXRpb25CaW5kaW5nPSIiIFVybEVuY29kZT0iRmFsc2UiIFVzZVRvR3JvdXBSZXN1bHRzPSJGYWxzZSIgLz4NCiAgICAgIDwvUXVlcnlTdHJpbmdQYXJhbWV0ZXJzPg0KICAgIDwvUmVxdWVzdD4NCiAgICA8UmVxdWVzdCBNZXRob2Q9IkdFVCIgR3VpZD0iYjhkNTk1MzQtOGE2ZS00ZGY5LWJhZmYtODBhM2Q4MDY5MWE4IiBWZXJzaW9uPSIxLjEiIFVybD0iaHR0cDovL3Rlc3QudGVsZXJpa2FjYWRlbXkuY29tL1VzZXJzL0F1dGgvTG9nT3V0IiBUaGlua1RpbWU9IjEiIFRpbWVvdXQ9IjMwMCIgUGFyc2VEZXBlbmRlbnRSZXF1ZXN0cz0iVHJ1ZSIgRm9sbG93UmVkaXJlY3RzPSJUcnVlIiBSZWNvcmRSZXN1bHQ9IlRydWUiIENhY2hlPSJGYWxzZSIgUmVzcG9uc2VUaW1lR29hbD0iMCIgRW5jb2Rpbmc9InV0Zi04IiBFeHBlY3RlZEh0dHBTdGF0dXNDb2RlPSIwIiBFeHBlY3RlZFJlc3BvbnNlVXJsPSJodHRwOi8vdGVzdC50ZWxlcmlrYWNhZGVteS5jb20vIiBSZXBvcnRpbmdOYW1lPSIiIElnbm9yZUh0dHBTdGF0dXNDb2RlPSJGYWxzZSI+DQogICAgICA8SGVhZGVycz4NCiAgICAgICAgPEhlYWRlciBOYW1lPSJSZWZlcmVyIiBWYWx1ZT0iaHR0cDovL3Rlc3QudGVsZXJpa2FjYWRlbXkuY29tL0tpZHNBY2FkZW15L0FkbWluaXN0cmF0aW9uS2lkc1NjaG9vbHNEb2N1bWVudHMiIC8+DQogICAgICA8L0hlYWRlcnM+DQogICAgPC9SZXF1ZXN0Pg0KICA8L0l0ZW1zPg0KICA8VmFsaWRhdGlvblJ1bGVzPg0KICAgIDxWYWxpZGF0aW9uUnVsZSBDbGFzc25hbWU9Ik1pY3Jvc29mdC5WaXN1YWxTdHVkaW8uVGVzdFRvb2xzLldlYlRlc3RpbmcuUnVsZXMuVmFsaWRhdGVSZXNwb25zZVVybCwgTWljcm9zb2Z0LlZpc3VhbFN0dWRpby5RdWFsaXR5VG9vbHMuV2ViVGVzdEZyYW1ld29yaywgVmVyc2lvbj0xMC4wLjAuMCwgQ3VsdHVyZT1uZXV0cmFsLCBQdWJsaWNLZXlUb2tlbj1iMDNmNWY3ZjExZDUwYTNhIiBEaXNwbGF5TmFtZT0iUmVzcG9uc2UgVVJMIiBEZXNjcmlwdGlvbj0iVmFsaWRhdGVzIHRoYXQgdGhlIHJlc3BvbnNlIFVSTCBhZnRlciByZWRpcmVjdHMgYXJlIGZvbGxvd2VkIGlzIHRoZSBzYW1lIGFzIHRoZSByZWNvcmRlZCByZXNwb25zZSBVUkwuICBRdWVyeVN0cmluZyBwYXJhbWV0ZXJzIGFyZSBpZ25vcmVkLiIgTGV2ZWw9IkxvdyIgRXhlY3R1aW9uT3JkZXI9IkJlZm9yZURlcGVuZGVudHMiIC8+DQogICAgPFZhbGlkYXRpb25SdWxlIENsYXNzbmFtZT0iTWljcm9zb2Z0LlZpc3VhbFN0dWRpby5UZXN0VG9vbHMuV2ViVGVzdGluZy5SdWxlcy5WYWxpZGF0aW9uUnVsZVJlc3BvbnNlVGltZUdvYWwsIE1pY3Jvc29mdC5WaXN1YWxTdHVkaW8uUXVhbGl0eVRvb2xzLldlYlRlc3RGcmFtZXdvcmssIFZlcnNpb249MTAuMC4wLjAsIEN1bHR1cmU9bmV1dHJhbCwgUHVibGljS2V5VG9rZW49YjAzZjVmN2YxMWQ1MGEzYSIgRGlzcGxheU5hbWU9IlJlc3BvbnNlIFRpbWUgR29hbCIgRGVzY3JpcHRpb249IlZhbGlkYXRlcyB0aGF0IHRoZSByZXNwb25zZSB0aW1lIGZvciB0aGUgcmVxdWVzdCBpcyBsZXNzIHRoYW4gb3IgZXF1YWwgdG8gdGhlIHJlc3BvbnNlIHRpbWUgZ29hbCBhcyBzcGVjaWZpZWQgb24gdGhlIHJlcXVlc3QuICBSZXNwb25zZSB0aW1lIGdvYWxzIG9mIHplcm8gd2lsbCBiZSBpZ25vcmVkLiIgTGV2ZWw9IkxvdyIgRXhlY3R1aW9uT3JkZXI9IkFmdGVyRGVwZW5kZW50cyI+DQogICAgICA8UnVsZVBhcmFtZXRlcnM+DQogICAgICAgIDxSdWxlUGFyYW1ldGVyIE5hbWU9IlRvbGVyYW5jZSIgVmFsdWU9IjAiIC8+DQogICAgICA8L1J1bGVQYXJhbWV0ZXJzPg0KICAgIDwvVmFsaWRhdGlvblJ1bGU+DQogIDwvVmFsaWRhdGlvblJ1bGVzPg0KPC9XZWJUZXN0Pg==">
    </WebTest>
    <CodedWebTest name="MoveLectureCoded" storage="c:\telerikacademy\qa\team fig\team fig\tals.performancetesting\tals.performancetesting\tals.performancetesting.webtests\bin\debug\tals.performancetesting.webtest.dll" id="e174992e-d096-54e5-da2a-c01cbed8c841">
      <WebTestClass assembly="TALS.PerformanceTesting.WebTest, Version=1.0.0.0, Culture=neutral, PublicKeyToken=null" namespace="TALS.PerformanceTesting.WebTest" class="MoveLectureCoded" />
    </CodedWebTest>
    <WebTest name="ViewOfficialHolidays" storage="c:\telerikacademy\qa\team fig\team fig\tals.performancetesting\tals.performancetesting\tals.performancetesting.webtests\modules\calendars\officialholidays\viewofficialholidays.webtest" id="67c5fd96-a999-4909-bd8a-44eb3ad1af60" persistedWebTest="77u/PD94bWwgdmVyc2lvbj0iMS4wIiBlbmNvZGluZz0iVVRGLTgiIHN0YW5kYWxvbmU9InllcyI/Pg0KPFdlYlRlc3QgTmFtZT0iVmlld09mZmljaWFsSG9saWRheXMiIElkPSI2N2M1ZmQ5Ni1hOTk5LTQ5MDktYmQ4YS00NGViM2FkMWFmNjAiIE93bmVyPSIiIFByaW9yaXR5PSIyMTQ3NDgzNjQ3IiBFbmFibGVkPSJUcnVlIiBDc3NQcm9qZWN0U3RydWN0dXJlPSIiIENzc0l0ZXJhdGlvbj0iIiBUaW1lb3V0PSIwIiBXb3JrSXRlbUlkcz0iIiB4bWxucz0iaHR0cDovL21pY3Jvc29mdC5jb20vc2NoZW1hcy9WaXN1YWxTdHVkaW8vVGVhbVRlc3QvMjAxMCIgRGVzY3JpcHRpb249IiIgQ3JlZGVudGlhbFVzZXJOYW1lPSIiIENyZWRlbnRpYWxQYXNzd29yZD0iIiBQcmVBdXRoZW50aWNhdGU9IlRydWUiIFByb3h5PSJkZWZhdWx0IiBTdG9wT25FcnJvcj0iRmFsc2UiIFJlY29yZGVkUmVzdWx0RmlsZT0iV2ViVGVzdDEuNDBhNWY3OTItZWQ3Mi00NTk4LWIyYzktYmJmNjNjNjM5ODcwLnJlYy53ZWJ0ZXN0cmVzdWx0IiBSZXN1bHRzTG9jYWxlPSIiPg0KICA8SXRlbXM+DQogICAgPFJlcXVlc3QgTWV0aG9kPSJHRVQiIEd1aWQ9ImM5MTdiZGUwLTc3ZDAtNGY2Ni04OWE0LWNiZjQyNjlmNDUxYiIgVmVyc2lvbj0iMS4xIiBVcmw9Imh0dHA6Ly90ZXN0LnRlbGVyaWthY2FkZW15LmNvbS8iIFRoaW5rVGltZT0iMSIgVGltZW91dD0iMzAwIiBQYXJzZURlcGVuZGVudFJlcXVlc3RzPSJUcnVlIiBGb2xsb3dSZWRpcmVjdHM9IlRydWUiIFJlY29yZFJlc3VsdD0iVHJ1ZSIgQ2FjaGU9IkZhbHNlIiBSZXNwb25zZVRpbWVHb2FsPSIwIiBFbmNvZGluZz0idXRmLTgiIEV4cGVjdGVkSHR0cFN0YXR1c0NvZGU9IjAiIEV4cGVjdGVkUmVzcG9uc2VVcmw9IiIgUmVwb3J0aW5nTmFtZT0iIiBJZ25vcmVIdHRwU3RhdHVzQ29kZT0iRmFsc2UiIC8+DQogICAgPFJlcXVlc3QgTWV0aG9kPSJHRVQiIEd1aWQ9IjU5YTY4YzkwLTYwOTAtNDA3NC05MWNiLTk3YWRkZWIxZjQ0YiIgVmVyc2lvbj0iMS4xIiBVcmw9Imh0dHA6Ly90ZXN0LnRlbGVyaWthY2FkZW15LmNvbS9Vc2Vycy9BdXRoL0xvZ2luIiBUaGlua1RpbWU9IjEwIiBUaW1lb3V0PSIzMDAiIFBhcnNlRGVwZW5kZW50UmVxdWVzdHM9IlRydWUiIEZvbGxvd1JlZGlyZWN0cz0iVHJ1ZSIgUmVjb3JkUmVzdWx0PSJUcnVlIiBDYWNoZT0iRmFsc2UiIFJlc3BvbnNlVGltZUdvYWw9IjAiIEVuY29kaW5nPSJ1dGYtOCIgRXhwZWN0ZWRIdHRwU3RhdHVzQ29kZT0iMCIgRXhwZWN0ZWRSZXNwb25zZVVybD0iIiBSZXBvcnRpbmdOYW1lPSIiIElnbm9yZUh0dHBTdGF0dXNDb2RlPSJGYWxzZSI+DQogICAgICA8SGVhZGVycz4NCiAgICAgICAgPEhlYWRlciBOYW1lPSJSZWZlcmVyIiBWYWx1ZT0iaHR0cDovL3Rlc3QudGVsZXJpa2FjYWRlbXkuY29tLyIgLz4NCiAgICAgIDwvSGVhZGVycz4NCiAgICA8L1JlcXVlc3Q+DQogICAgPFJlcXVlc3QgTWV0aG9kPSJQT1NUIiBHdWlkPSI4OWEwZGQzNS1iODU0LTQ4OTQtYTdiZS05NzhhYjExN2IyNGYiIFZlcnNpb249IjEuMSIgVXJsPSJodHRwOi8vdGVzdC50ZWxlcmlrYWNhZGVteS5jb20vVXNlcnMvQXV0aC9Mb2dpbiIgVGhpbmtUaW1lPSIxIiBUaW1lb3V0PSIzMDAiIFBhcnNlRGVwZW5kZW50UmVxdWVzdHM9IlRydWUiIEZvbGxvd1JlZGlyZWN0cz0iVHJ1ZSIgUmVjb3JkUmVzdWx0PSJUcnVlIiBDYWNoZT0iRmFsc2UiIFJlc3BvbnNlVGltZUdvYWw9IjAiIEVuY29kaW5nPSJ1dGYtOCIgRXhwZWN0ZWRIdHRwU3RhdHVzQ29kZT0iMCIgRXhwZWN0ZWRSZXNwb25zZVVybD0iaHR0cDovL3Rlc3QudGVsZXJpa2FjYWRlbXkuY29tLyIgUmVwb3J0aW5nTmFtZT0iIiBJZ25vcmVIdHRwU3RhdHVzQ29kZT0iRmFsc2UiPg0KICAgICAgPEhlYWRlcnM+DQogICAgICAgIDxIZWFkZXIgTmFtZT0iUmVmZXJlciIgVmFsdWU9Imh0dHA6Ly90ZXN0LnRlbGVyaWthY2FkZW15LmNvbS9Vc2Vycy9BdXRoL0xvZ2luIiAvPg0KICAgICAgPC9IZWFkZXJzPg0KICAgICAgPEZvcm1Qb3N0SHR0cEJvZHk+DQogICAgICAgIDxGb3JtUG9zdFBhcmFtZXRlciBOYW1lPSJVc2VybmFtZU9yRW1haWwiIFZhbHVlPSJkZW1vMTIiIFJlY29yZGVkVmFsdWU9ImRlbW8xMiIgQ29ycmVsYXRpb25CaW5kaW5nPSIiIFVybEVuY29kZT0iVHJ1ZSIgLz4NCiAgICAgICAgPEZvcm1Qb3N0UGFyYW1ldGVyIE5hbWU9IlBhc3N3b3JkIiBWYWx1ZT0icXdlcnR5IiBSZWNvcmRlZFZhbHVlPSJxd2VydHkiIENvcnJlbGF0aW9uQmluZGluZz0iIiBVcmxFbmNvZGU9IlRydWUiIC8+DQogICAgICA8L0Zvcm1Qb3N0SHR0cEJvZHk+DQogICAgPC9SZXF1ZXN0Pg0KICAgIDxSZXF1ZXN0IE1ldGhvZD0iR0VUIiBHdWlkPSJjOGE3MWM5NS05MDY0LTQ3M2EtOWZmYy00MzJhMDliODY5Y2QiIFZlcnNpb249IjEuMSIgVXJsPSJodHRwOi8vdGVzdC50ZWxlcmlrYWNhZGVteS5jb20vQWRtaW5pc3RyYXRpb24vTmF2aWdhdGlvbiIgVGhpbmtUaW1lPSIxMCIgVGltZW91dD0iMzAwIiBQYXJzZURlcGVuZGVudFJlcXVlc3RzPSJUcnVlIiBGb2xsb3dSZWRpcmVjdHM9IlRydWUiIFJlY29yZFJlc3VsdD0iVHJ1ZSIgQ2FjaGU9IkZhbHNlIiBSZXNwb25zZVRpbWVHb2FsPSIwIiBFbmNvZGluZz0idXRmLTgiIEV4cGVjdGVkSHR0cFN0YXR1c0NvZGU9IjAiIEV4cGVjdGVkUmVzcG9uc2VVcmw9IiIgUmVwb3J0aW5nTmFtZT0iIiBJZ25vcmVIdHRwU3RhdHVzQ29kZT0iRmFsc2UiPg0KICAgICAgPEhlYWRlcnM+DQogICAgICAgIDxIZWFkZXIgTmFtZT0iUmVmZXJlciIgVmFsdWU9Imh0dHA6Ly90ZXN0LnRlbGVyaWthY2FkZW15LmNvbS8iIC8+DQogICAgICA8L0hlYWRlcnM+DQogICAgPC9SZXF1ZXN0Pg0KICAgIDxSZXF1ZXN0IE1ldGhvZD0iR0VUIiBHdWlkPSIzMjgwMTVlYy04NTZlLTQxMDItYTQ5MS03NDI2NGJmYWYxNTAiIFZlcnNpb249IjEuMSIgVXJsPSJodHRwOi8vdGVzdC50ZWxlcmlrYWNhZGVteS5jb20vQWRtaW5pc3RyYXRpb25fQ2FsZW5kYXIvSG9saWRheXMiIFRoaW5rVGltZT0iMiIgVGltZW91dD0iMzAwIiBQYXJzZURlcGVuZGVudFJlcXVlc3RzPSJUcnVlIiBGb2xsb3dSZWRpcmVjdHM9IlRydWUiIFJlY29yZFJlc3VsdD0iVHJ1ZSIgQ2FjaGU9IkZhbHNlIiBSZXNwb25zZVRpbWVHb2FsPSIwIiBFbmNvZGluZz0idXRmLTgiIEV4cGVjdGVkSHR0cFN0YXR1c0NvZGU9IjAiIEV4cGVjdGVkUmVzcG9uc2VVcmw9IiIgUmVwb3J0aW5nTmFtZT0iIiBJZ25vcmVIdHRwU3RhdHVzQ29kZT0iRmFsc2UiPg0KICAgICAgPERlcGVuZGVudFJlcXVlc3RzPg0KICAgICAgICA8UmVxdWVzdCBNZXRob2Q9IlBPU1QiIEd1aWQ9IjFjNzY1OGQwLWQwOGUtNGYxNi05ZmIwLWVlMmRjZmY4NmYxZSIgVmVyc2lvbj0iMS4xIiBVcmw9Imh0dHA6Ly90ZXN0LnRlbGVyaWthY2FkZW15LmNvbS9BZG1pbmlzdHJhdGlvbl9DYWxlbmRhci9Ib2xpZGF5cy9Ib2xpZGF5c1JlYWQiIFRoaW5rVGltZT0iMTkiIFRpbWVvdXQ9IjMwMCIgUGFyc2VEZXBlbmRlbnRSZXF1ZXN0cz0iVHJ1ZSIgRm9sbG93UmVkaXJlY3RzPSJUcnVlIiBSZWNvcmRSZXN1bHQ9IlRydWUiIENhY2hlPSJGYWxzZSIgUmVzcG9uc2VUaW1lR29hbD0iMCIgRW5jb2Rpbmc9InV0Zi04IiBFeHBlY3RlZEh0dHBTdGF0dXNDb2RlPSIwIiBFeHBlY3RlZFJlc3BvbnNlVXJsPSIiIFJlcG9ydGluZ05hbWU9IiIgSWdub3JlSHR0cFN0YXR1c0NvZGU9IkZhbHNlIj4NCiAgICAgICAgICA8SGVhZGVycz4NCiAgICAgICAgICAgIDxIZWFkZXIgTmFtZT0iQWNjZXB0IiBWYWx1ZT0iKi8qIiAvPg0KICAgICAgICAgICAgPEhlYWRlciBOYW1lPSJYLVJlcXVlc3RlZC1XaXRoIiBWYWx1ZT0iWE1MSHR0cFJlcXVlc3QiIC8+DQogICAgICAgICAgICA8SGVhZGVyIE5hbWU9IlJlZmVyZXIiIFZhbHVlPSJodHRwOi8vdGVzdC50ZWxlcmlrYWNhZGVteS5jb20vQWRtaW5pc3RyYXRpb25fQ2FsZW5kYXIvSG9saWRheXMiIC8+DQogICAgICAgICAgPC9IZWFkZXJzPg0KICAgICAgICAgIDxGb3JtUG9zdEh0dHBCb2R5Pg0KICAgICAgICAgICAgPEZvcm1Qb3N0UGFyYW1ldGVyIE5hbWU9InNvcnQiIFZhbHVlPSIiIFJlY29yZGVkVmFsdWU9IiIgQ29ycmVsYXRpb25CaW5kaW5nPSIiIFVybEVuY29kZT0iVHJ1ZSIgLz4NCiAgICAgICAgICAgIDxGb3JtUG9zdFBhcmFtZXRlciBOYW1lPSJncm91cCIgVmFsdWU9IiIgUmVjb3JkZWRWYWx1ZT0iIiBDb3JyZWxhdGlvbkJpbmRpbmc9IiIgVXJsRW5jb2RlPSJUcnVlIiAvPg0KICAgICAgICAgICAgPEZvcm1Qb3N0UGFyYW1ldGVyIE5hbWU9ImZpbHRlciIgVmFsdWU9IiIgUmVjb3JkZWRWYWx1ZT0iIiBDb3JyZWxhdGlvbkJpbmRpbmc9IiIgVXJsRW5jb2RlPSJUcnVlIiAvPg0KICAgICAgICAgIDwvRm9ybVBvc3RIdHRwQm9keT4NCiAgICAgICAgPC9SZXF1ZXN0Pg0KICAgICAgPC9EZXBlbmRlbnRSZXF1ZXN0cz4NCiAgICAgIDxIZWFkZXJzPg0KICAgICAgICA8SGVhZGVyIE5hbWU9IlJlZmVyZXIiIFZhbHVlPSJodHRwOi8vdGVzdC50ZWxlcmlrYWNhZGVteS5jb20vQWRtaW5pc3RyYXRpb24vTmF2aWdhdGlvbiIgLz4NCiAgICAgIDwvSGVhZGVycz4NCiAgICA8L1JlcXVlc3Q+DQogICAgPFJlcXVlc3QgTWV0aG9kPSJHRVQiIEd1aWQ9IjViY2FjY2NjLTBiOWMtNDAzMC1hZmU2LTUzYWNjYjk5MTMwNSIgVmVyc2lvbj0iMS4xIiBVcmw9Imh0dHA6Ly90ZXN0LnRlbGVyaWthY2FkZW15LmNvbS9Vc2Vycy9BdXRoL0xvZ091dCIgVGhpbmtUaW1lPSIxIiBUaW1lb3V0PSIzMDAiIFBhcnNlRGVwZW5kZW50UmVxdWVzdHM9IlRydWUiIEZvbGxvd1JlZGlyZWN0cz0iVHJ1ZSIgUmVjb3JkUmVzdWx0PSJUcnVlIiBDYWNoZT0iRmFsc2UiIFJlc3BvbnNlVGltZUdvYWw9IjAiIEVuY29kaW5nPSJ1dGYtOCIgRXhwZWN0ZWRIdHRwU3RhdHVzQ29kZT0iMCIgRXhwZWN0ZWRSZXNwb25zZVVybD0iaHR0cDovL3Rlc3QudGVsZXJpa2FjYWRlbXkuY29tLyIgUmVwb3J0aW5nTmFtZT0iIiBJZ25vcmVIdHRwU3RhdHVzQ29kZT0iRmFsc2UiPg0KICAgICAgPEhlYWRlcnM+DQogICAgICAgIDxIZWFkZXIgTmFtZT0iUmVmZXJlciIgVmFsdWU9Imh0dHA6Ly90ZXN0LnRlbGVyaWthY2FkZW15LmNvbS9BZG1pbmlzdHJhdGlvbl9DYWxlbmRhci9Ib2xpZGF5cyIgLz4NCiAgICAgIDwvSGVhZGVycz4NCiAgICA8L1JlcXVlc3Q+DQogIDwvSXRlbXM+DQogIDxWYWxpZGF0aW9uUnVsZXM+DQogICAgPFZhbGlkYXRpb25SdWxlIENsYXNzbmFtZT0iTWljcm9zb2Z0LlZpc3VhbFN0dWRpby5UZXN0VG9vbHMuV2ViVGVzdGluZy5SdWxlcy5WYWxpZGF0ZVJlc3BvbnNlVXJsLCBNaWNyb3NvZnQuVmlzdWFsU3R1ZGlvLlF1YWxpdHlUb29scy5XZWJUZXN0RnJhbWV3b3JrLCBWZXJzaW9uPTEwLjAuMC4wLCBDdWx0dXJlPW5ldXRyYWwsIFB1YmxpY0tleVRva2VuPWIwM2Y1ZjdmMTFkNTBhM2EiIERpc3BsYXlOYW1lPSJSZXNwb25zZSBVUkwiIERlc2NyaXB0aW9uPSJWYWxpZGF0ZXMgdGhhdCB0aGUgcmVzcG9uc2UgVVJMIGFmdGVyIHJlZGlyZWN0cyBhcmUgZm9sbG93ZWQgaXMgdGhlIHNhbWUgYXMgdGhlIHJlY29yZGVkIHJlc3BvbnNlIFVSTC4gIFF1ZXJ5U3RyaW5nIHBhcmFtZXRlcnMgYXJlIGlnbm9yZWQuIiBMZXZlbD0iTG93IiBFeGVjdHVpb25PcmRlcj0iQmVmb3JlRGVwZW5kZW50cyIgLz4NCiAgICA8VmFsaWRhdGlvblJ1bGUgQ2xhc3NuYW1lPSJNaWNyb3NvZnQuVmlzdWFsU3R1ZGlvLlRlc3RUb29scy5XZWJUZXN0aW5nLlJ1bGVzLlZhbGlkYXRpb25SdWxlUmVzcG9uc2VUaW1lR29hbCwgTWljcm9zb2Z0LlZpc3VhbFN0dWRpby5RdWFsaXR5VG9vbHMuV2ViVGVzdEZyYW1ld29yaywgVmVyc2lvbj0xMC4wLjAuMCwgQ3VsdHVyZT1uZXV0cmFsLCBQdWJsaWNLZXlUb2tlbj1iMDNmNWY3ZjExZDUwYTNhIiBEaXNwbGF5TmFtZT0iUmVzcG9uc2UgVGltZSBHb2FsIiBEZXNjcmlwdGlvbj0iVmFsaWRhdGVzIHRoYXQgdGhlIHJlc3BvbnNlIHRpbWUgZm9yIHRoZSByZXF1ZXN0IGlzIGxlc3MgdGhhbiBvciBlcXVhbCB0byB0aGUgcmVzcG9uc2UgdGltZSBnb2FsIGFzIHNwZWNpZmllZCBvbiB0aGUgcmVxdWVzdC4gIFJlc3BvbnNlIHRpbWUgZ29hbHMgb2YgemVybyB3aWxsIGJlIGlnbm9yZWQuIiBMZXZlbD0iTG93IiBFeGVjdHVpb25PcmRlcj0iQWZ0ZXJEZXBlbmRlbnRzIj4NCiAgICAgIDxSdWxlUGFyYW1ldGVycz4NCiAgICAgICAgPFJ1bGVQYXJhbWV0ZXIgTmFtZT0iVG9sZXJhbmNlIiBWYWx1ZT0iMCIgLz4NCiAgICAgIDwvUnVsZVBhcmFtZXRlcnM+DQogICAgPC9WYWxpZGF0aW9uUnVsZT4NCiAgPC9WYWxpZGF0aW9uUnVsZXM+DQo8L1dlYlRlc3Q+">
    </WebTest>
    <CodedWebTest name="RegisterKidInSchoolCoded" storage="c:\telerikacademy\qa\team fig\team fig\tals.performancetesting\tals.performancetesting\tals.performancetesting.webtests\bin\debug\tals.performancetesting.webtest.dll" id="9c2a7132-d8cc-0aab-a9da-ee9078f49ba6">
      <DeploymentItems>
        <DeploymentItem filename="tals.performancetesting.webtests\modules\kidsacademy\kidsinschools\Data\LoginData.csv" outputDirectory="tals.performancetesting.webtests\modules\kidsacademy\kidsinschools\Data" />
        <DeploymentItem filename="tals.performancetesting.webtests\modules\kidsacademy\kidsinschools\Data\KidsInSchoolsData.csv" outputDirectory="tals.performancetesting.webtests\modules\kidsacademy\kidsinschools\Data" />
      </DeploymentItems>
      <WebTestClass assembly="TALS.PerformanceTesting.WebTest, Version=1.0.0.0, Culture=neutral, PublicKeyToken=null" namespace="TALS.PerformanceTesting.WebTest.Modules.KidsAcademy.KidsInSchools" class="RegisterKidInSchoolCoded" />
    </CodedWebTest>
    <CodedWebTest name="CreateContestCoded" storage="c:\telerikacademy\qa\team fig\team fig\tals.performancetesting\tals.performancetesting\tals.performancetesting.webtests\bin\debug\tals.performancetesting.webtest.dll" id="305f864c-eaa7-0b43-8776-7f5750a35a83">
      <DeploymentItems>
        <DeploymentItem filename="tals.performancetesting.webtests\modules\kidsacademy\contests\Data\LoginData.csv" outputDirectory="tals.performancetesting.webtests\modules\kidsacademy\contests\Data" />
      </DeploymentItems>
      <WebTestClass assembly="TALS.PerformanceTesting.WebTest, Version=1.0.0.0, Culture=neutral, PublicKeyToken=null" namespace="TALS.PerformanceTesting.WebTests.Modules.KidsAcademy.Contests" class="CreateContestCoded" />
    </CodedWebTest>
    <CodedWebTest name="TeacherKidsInSchoolCoded" storage="c:\telerikacademy\qa\team fig\team fig\tals.performancetesting\tals.performancetesting\tals.performancetesting.webtests\bin\debug\tals.performancetesting.webtest.dll" id="64caf2c8-6a1c-680a-40fa-afe97a3c8511">
      <DeploymentItems>
        <DeploymentItem filename="tals.performancetesting.webtests\modules\kidsteacher\kidsinschool\Data\LoginData.csv" outputDirectory="tals.performancetesting.webtests\modules\kidsteacher\kidsinschool\Data" />
        <DeploymentItem filename="tals.performancetesting.webtests\modules\kidsteacher\kidsinschool\Data\KidsInSchoolData.csv" outputDirectory="tals.performancetesting.webtests\modules\kidsteacher\kidsinschool\Data" />
      </DeploymentItems>
      <WebTestClass assembly="TALS.PerformanceTesting.WebTest, Version=1.0.0.0, Culture=neutral, PublicKeyToken=null" namespace="TALS.PerformanceTesting.WebTest.Modules.KidsTeacher.KidsInSchool" class="TeacherKidsInSchoolCoded" />
    </CodedWebTest>
    <LoadTest Name="AllAdminScenarios100VU" Description="" Owner="" storage="c:\telerikacademy\qa\team fig\team fig\tals.performancetesting\tals.performancetesting\tals.performancetesting.loadtests\alladminscenarios\alladminscenarios100vu.loadtest" Priority="2147483647" Enabled="true" CssProjectStructure="" CssIteration="" DeploymentItemsEditable="" WorkItemIds="" TraceLevel="None" CurrentRunConfig="Run Settings1" Id="d2f9cd4d-2a13-47de-bf37-d7ee81b93b40">
      <Scenarios>
        <Scenario Name="100VU" DelayBetweenIterations="0" PercentNewUsers="100" IPSwitching="true" TestMixType="PercentageOfTestsStarted" ApplyDistributionToPacingDelay="true" MaxTestIterations="0" DisableDuringWarmup="false" DelayStartTime="0" AllowedAgents="">
          <ThinkProfile Value="0.2" Pattern="NormalDistribution" />
          <LoadProfile Pattern="Step" InitialUsers="5" MaxUsers="100" StepUsers="5" StepDuration="5" StepRampTime="0" />
          <TestMix>
            <TestProfile Name="AdminCalendar" Path="c:\telerikacademy\qa\team fig\team fig\tals.performancetesting\tals.performancetesting\tals.performancetesting.webtests\modules\calendars\calendar\admincalendar.webtest" Id="221ab2f6-3ac1-4abe-8592-c6c17c326ea3" Percentage="9" Type="Microsoft.VisualStudio.TestTools.WebStress.DeclarativeWebTestElement, Microsoft.VisualStudio.QualityTools.LoadTest, Version=12.0.0.0, Culture=neutral, PublicKeyToken=b03f5f7f11d50a3a" />
            <TestProfile Name="CreateContestCoded" Path="c:\telerikacademy\qa\team fig\team fig\tals.performancetesting\tals.performancetesting\tals.performancetesting.webtests\bin\debug\tals.performancetesting.webtest.dll" Id="305f864c-eaa7-0b43-8776-7f5750a35a83" Percentage="9" Type="Microsoft.VisualStudio.TestTools.WebStress.CodedWebTestElement, Microsoft.VisualStudio.QualityTools.LoadTest, Version=12.0.0.0, Culture=neutral, PublicKeyToken=b03f5f7f11d50a3a" />
            <TestProfile Name="CreateEntryTestCoded" Path="c:\telerikacademy\qa\team fig\team fig\tals.performancetesting\tals.performancetesting\tals.performancetesting.webtests\bin\debug\tals.performancetesting.webtest.dll" Id="3107d359-398e-38a9-9023-6684c044bd43" Percentage="9" Type="Microsoft.VisualStudio.TestTools.WebStress.CodedWebTestElement, Microsoft.VisualStudio.QualityTools.LoadTest, Version=12.0.0.0, Culture=neutral, PublicKeyToken=b03f5f7f11d50a3a" />
            <TestProfile Name="CreateEventCoded" Path="c:\telerikacademy\qa\team fig\team fig\tals.performancetesting\tals.performancetesting\tals.performancetesting.webtests\bin\debug\tals.performancetesting.webtest.dll" Id="1ff518c7-6b51-f7e4-ec92-0b1afa271024" Percentage="9" Type="Microsoft.VisualStudio.TestTools.WebStress.CodedWebTestElement, Microsoft.VisualStudio.QualityTools.LoadTest, Version=12.0.0.0, Culture=neutral, PublicKeyToken=b03f5f7f11d50a3a" />
            <TestProfile Name="CreateNewSchoolTypeCoded" Path="c:\telerikacademy\qa\team fig\team fig\tals.performancetesting\tals.performancetesting\tals.performancetesting.webtests\bin\debug\tals.performancetesting.webtest.dll" Id="0bc365dd-01f4-6360-f02a-dfc5b50c8704" Percentage="8" Type="Microsoft.VisualStudio.TestTools.WebStress.CodedWebTestElement, Microsoft.VisualStudio.QualityTools.LoadTest, Version=12.0.0.0, Culture=neutral, PublicKeyToken=b03f5f7f11d50a3a" />
            <TestProfile Name="DownloadAll" Path="c:\telerikacademy\qa\team fig\team fig\tals.performancetesting\tals.performancetesting\tals.performancetesting.webtests\modules\kidsacademy\documents\downloadall.webtest" Id="4d892a94-38c0-48a1-8191-6c39c025a5d7" Percentage="8" Type="Microsoft.VisualStudio.TestTools.WebStress.DeclarativeWebTestElement, Microsoft.VisualStudio.QualityTools.LoadTest, Version=12.0.0.0, Culture=neutral, PublicKeyToken=b03f5f7f11d50a3a" />
            <TestProfile Name="MoveLectureCoded" Path="c:\telerikacademy\qa\team fig\team fig\tals.performancetesting\tals.performancetesting\tals.performancetesting.webtests\bin\debug\tals.performancetesting.webtest.dll" Id="e174992e-d096-54e5-da2a-c01cbed8c841" Percentage="8" Type="Microsoft.VisualStudio.TestTools.WebStress.CodedWebTestElement, Microsoft.VisualStudio.QualityTools.LoadTest, Version=12.0.0.0, Culture=neutral, PublicKeyToken=b03f5f7f11d50a3a" />
            <TestProfile Name="RegisterKidInSchoolCoded" Path="c:\telerikacademy\qa\team fig\team fig\tals.performancetesting\tals.performancetesting\tals.performancetesting.webtests\bin\debug\tals.performancetesting.webtest.dll" Id="9c2a7132-d8cc-0aab-a9da-ee9078f49ba6" Percentage="8" Type="Microsoft.VisualStudio.TestTools.WebStress.CodedWebTestElement, Microsoft.VisualStudio.QualityTools.LoadTest, Version=12.0.0.0, Culture=neutral, PublicKeyToken=b03f5f7f11d50a3a" />
            <TestProfile Name="TeacherKidsInSchoolCoded" Path="c:\telerikacademy\qa\team fig\team fig\tals.performancetesting\tals.performancetesting\tals.performancetesting.webtests\bin\debug\tals.performancetesting.webtest.dll" Id="64caf2c8-6a1c-680a-40fa-afe97a3c8511" Percentage="8" Type="Microsoft.VisualStudio.TestTools.WebStress.CodedWebTestElement, Microsoft.VisualStudio.QualityTools.LoadTest, Version=12.0.0.0, Culture=neutral, PublicKeyToken=b03f5f7f11d50a3a" />
            <TestProfile Name="ViewCandidates" Path="c:\telerikacademy\qa\team fig\team fig\tals.performancetesting\tals.performancetesting\tals.performancetesting.webtests\modules\kidsacademy\candidates\viewcandidates.webtest" Id="6a8c8431-d2fe-4568-8053-457b0e3532c5" Percentage="8" Type="Microsoft.VisualStudio.TestTools.WebStress.DeclarativeWebTestElement, Microsoft.VisualStudio.QualityTools.LoadTest, Version=12.0.0.0, Culture=neutral, PublicKeyToken=b03f5f7f11d50a3a" />
            <TestProfile Name="ViewSchools" Path="c:\telerikacademy\qa\team fig\team fig\tals.performancetesting\tals.performancetesting\tals.performancetesting.webtests\modules\kidsacademy\schools\viewschools.webtest" Id="bf67f725-6fb0-4ab5-aaec-325b2ffb0665" Percentage="8" Type="Microsoft.VisualStudio.TestTools.WebStress.DeclarativeWebTestElement, Microsoft.VisualStudio.QualityTools.LoadTest, Version=12.0.0.0, Culture=neutral, PublicKeyToken=b03f5f7f11d50a3a" />
            <TestProfile Name="ViewOfficialHolidays" Path="c:\telerikacademy\qa\team fig\team fig\tals.performancetesting\tals.performancetesting\tals.performancetesting.webtests\modules\calendars\officialholidays\viewofficialholidays.webtest" Id="67c5fd96-a999-4909-bd8a-44eb3ad1af60" Percentage="8" Type="Microsoft.VisualStudio.TestTools.WebStress.DeclarativeWebTestElement, Microsoft.VisualStudio.QualityTools.LoadTest, Version=12.0.0.0, Culture=neutral, PublicKeyToken=b03f5f7f11d50a3a" />
          </TestMix>
          <BrowserMix>
            <BrowserProfile Percentage="100">
              <Browser Name="Internet Explorer 9.0" MaxConnections="6">
                <Headers>
                  <Header Name="User-Agent" Value="Mozilla/5.0 (compatible; MSIE 9.0; Windows NT 6.1; Trident/5.0)" />
                  <Header Name="Accept" Value="*/*" />
                  <Header Name="Accept-Language" Value="{{$IEAcceptLanguage}}" />
                  <Header Name="Accept-Encoding" Value="GZIP" />
                </Headers>
              </Browser>
            </BrowserProfile>
          </BrowserMix>
          <NetworkMix>
            <NetworkProfile Percentage="100">
              <Network Name="LAN" BandwidthInKbps="1000000" NetworkProfileConfigurationXml="&lt;Emulation&gt;&lt;VirtualChannel name=&quot;defaultChannel&quot;&gt;&lt;FilterList/&gt;&lt;VirtualLink instances=&quot;1&quot; name=&quot;defaultLink&quot;&gt;&lt;LinkRule dir=&quot;upstream&quot;&gt;&lt;Bandwidth&gt;&lt;Speed unit=&quot;kbps&quot;&gt;1000000&lt;/Speed&gt;&lt;/Bandwidth&gt;&lt;/LinkRule&gt;&lt;LinkRule dir=&quot;downstream&quot;&gt;&lt;Bandwidth&gt;&lt;Speed unit=&quot;kbps&quot;&gt;1000000&lt;/Speed&gt;&lt;/Bandwidth&gt;&lt;/LinkRule&gt;&lt;/VirtualLink&gt;&lt;/VirtualChannel&gt;&lt;/Emulation&gt;" />
            </NetworkProfile>
          </NetworkMix>
        </Scenario>
      </Scenarios>
      <CounterSets>
        <CounterSet Name="MISHO-PC" CounterSetType="LoadTest" LocId="">
          <CounterCategories>
            <CounterCategory Name="LoadTest:Scenario">
              <Counters>
                <Counter Name="User Load" HigherIsBetter="true" />
                <Counter Name="Tests Running" HigherIsBetter="true" />
              </Counters>
            </CounterCategory>
            <CounterCategory Name="LoadTest:Test">
              <Counters>
                <Counter Name="Total Tests" HigherIsBetter="true" />
                <Counter Name="Passed Tests" HigherIsBetter="true" />
                <Counter Name="Failed Tests" />
                <Counter Name="Tests/Sec" HigherIsBetter="true" />
                <Counter Name="Passed Tests/Sec" HigherIsBetter="true" />
                <Counter Name="Failed Tests/Sec" />
                <Counter Name="Avg. Requests/Test" HigherIsBetter="true" />
                <Counter Name="Avg. Test Time" />
                <Counter Name="% Time in LoadTestPlugin" />
                <Counter Name="% Time in WebTest code" />
                <Counter Name="% Time in Rules" />
              </Counters>
            </CounterCategory>
            <CounterCategory Name="LoadTest:Transaction">
              <Counters>
                <Counter Name="Total Transactions" HigherIsBetter="true" />
                <Counter Name="Avg. Transaction Time" />
                <Counter Name="Avg. Response Time" />
                <Counter Name="Transactions/Sec" HigherIsBetter="true" />
              </Counters>
            </CounterCategory>
            <CounterCategory Name="LoadTest:Errors">
              <Counters>
                <Counter Name="Http Errors" />
                <Counter Name="Validation Rule Errors" />
                <Counter Name="Extraction Rule Errors" />
                <Counter Name="Requests Timed Out" />
                <Counter Name="Exceptions" />
                <Counter Name="Total Errors" />
                <Counter Name="Errors/Sec" />
                <Counter Name="Threshold Violations/Sec" />
              </Counters>
            </CounterCategory>
            <CounterCategory Name="LoadTest:Page">
              <Counters>
                <Counter Name="Total Pages" HigherIsBetter="true" />
                <Counter Name="Avg. Page Time" />
                <Counter Name="Page Response Time Goal" HigherIsBetter="true" />
                <Counter Name="% Pages Meeting Goal" HigherIsBetter="true" />
                <Counter Name="Pages/Sec" HigherIsBetter="true" />
              </Counters>
            </CounterCategory>
            <CounterCategory Name="LoadTest:Request">
              <Counters>
                <Counter Name="Total Requests" HigherIsBetter="true" />
                <Counter Name="Passed Requests" HigherIsBetter="true" />
                <Counter Name="Failed Requests" />
                <Counter Name="Cached Requests" HigherIsBetter="true" />
                <Counter Name="Requests/Sec" HigherIsBetter="true" />
                <Counter Name="Passed Requests/Sec" HigherIsBetter="true" />
                <Counter Name="Failed Requests/Sec" />
                <Counter Name="Avg. First Byte Time" />
                <Counter Name="Avg. Response Time" />
                <Counter Name="Avg. Connection Wait Time">
                  <ThresholdRules>
                    <ThresholdRule Classname="Microsoft.VisualStudio.TestTools.WebStress.Rules.ThresholdRuleCompareCounters, Microsoft.VisualStudio.QualityTools.LoadTest, Version=12.0.0.0, Culture=neutral, PublicKeyToken=b03f5f7f11d50a3a">
                      <RuleParameters>
                        <RuleParameter Name="DependentCategory" Value="LoadTest:Page" />
                        <RuleParameter Name="DependentCounter" Value="Avg. Page Time" />
                        <RuleParameter Name="DependentInstance" Value="_Total" />
                        <RuleParameter Name="AlertIfOver" Value="True" />
                        <RuleParameter Name="WarningThreshold" Value="0.25" />
                        <RuleParameter Name="CriticalThreshold" Value="0.5" />
                      </RuleParameters>
                    </ThresholdRule>
                  </ThresholdRules>
                </Counter>
                <Counter Name="Avg. Content Length" />
              </Counters>
            </CounterCategory>
            <CounterCategory Name="LoadTest:LogEntries">
              <Counters>
                <Counter Name="Total Log Entries" />
                <Counter Name="Log Entries/Sec" />
              </Counters>
            </CounterCategory>
          </CounterCategories>
        </CounterSet>
        <CounterSet Name="Controller" CounterSetType="Controller" LocId="CounterSet_Controller">
          <CounterCategories>
            <CounterCategory Name="Memory">
              <Counters>
                <Counter Name="% Committed Bytes In Use" Range="100" />
                <Counter Name="Available MBytes" RangeGroup="Memory Bytes" HigherIsBetter="true">
                  <ThresholdRules>
                    <ThresholdRule Classname="Microsoft.VisualStudio.TestTools.WebStress.Rules.ThresholdRuleCompareConstant, Microsoft.VisualStudio.QualityTools.LoadTest">
                      <RuleParameters>
                        <RuleParameter Name="AlertIfOver" Value="False" />
                        <RuleParameter Name="WarningThreshold" Value="100" />
                        <RuleParameter Name="CriticalThreshold" Value="50" />
                      </RuleParameters>
                    </ThresholdRule>
                    <ThresholdRule Classname="Microsoft.VisualStudio.TestTools.WebStress.Rules.ThresholdRuleCompareConstant, Microsoft.VisualStudio.QualityTools.LoadTest">
                      <RuleParameters>
                        <RuleParameter Name="AlertIfOver" Value="False" />
                        <RuleParameter Name="WarningThreshold" Value="100" />
                        <RuleParameter Name="CriticalThreshold" Value="50" />
                      </RuleParameters>
                    </ThresholdRule>
                  </ThresholdRules>
                </Counter>
                <Counter Name="Page Faults/sec" />
                <Counter Name="Pages/sec" />
                <Counter Name="Pool Paged Bytes" RangeGroup="Memory Bytes" />
                <Counter Name="Pool Nonpaged bytes" RangeGroup="Memory Bytes" />
              </Counters>
            </CounterCategory>
            <CounterCategory Name="Network Interface">
              <Counters>
                <Counter Name="Bytes Received/sec" RangeGroup="Network Bytes" />
                <Counter Name="Bytes Sent/sec" RangeGroup="Network Bytes" />
                <Counter Name="Output Queue Length">
                  <ThresholdRules>
                    <ThresholdRule Classname="Microsoft.VisualStudio.TestTools.WebStress.Rules.ThresholdRuleCompareConstant, Microsoft.VisualStudio.QualityTools.LoadTest">
                      <RuleParameters>
                        <RuleParameter Name="AlertIfOver" Value="True" />
                        <RuleParameter Name="WarningThreshold" Value="1.5" />
                        <RuleParameter Name="CriticalThreshold" Value="2" />
                      </RuleParameters>
                    </ThresholdRule>
                    <ThresholdRule Classname="Microsoft.VisualStudio.TestTools.WebStress.Rules.ThresholdRuleCompareConstant, Microsoft.VisualStudio.QualityTools.LoadTest">
                      <RuleParameters>
                        <RuleParameter Name="AlertIfOver" Value="True" />
                        <RuleParameter Name="WarningThreshold" Value="1.5" />
                        <RuleParameter Name="CriticalThreshold" Value="2" />
                      </RuleParameters>
                    </ThresholdRule>
                  </ThresholdRules>
                </Counter>
                <Counter Name="Packets Received/sec" RangeGroup="Network Packets" />
                <Counter Name="Packets Sent/sec" RangeGroup="Network Packets" />
                <Counter Name="Current Bandwidth" RangeGroup="Network Bytes" />
                <Counter Name="Bytes Total/sec" RangeGroup="Network Bytes">
                  <ThresholdRules>
                    <ThresholdRule Classname="Microsoft.VisualStudio.TestTools.WebStress.Rules.ThresholdRuleCompareCounters, Microsoft.VisualStudio.QualityTools.LoadTest, Version=12.0.0.0, Culture=neutral, PublicKeyToken=b03f5f7f11d50a3a">
                      <RuleParameters>
                        <RuleParameter Name="DependentCategory" Value="Network Interface" />
                        <RuleParameter Name="DependentCounter" Value="Current Bandwidth" />
                        <RuleParameter Name="DependentInstance" Value="" />
                        <RuleParameter Name="AlertIfOver" Value="True" />
                        <RuleParameter Name="WarningThreshold" Value="0.6" />
                        <RuleParameter Name="CriticalThreshold" Value="0.7" />
                      </RuleParameters>
                    </ThresholdRule>
                    <ThresholdRule Classname="Microsoft.VisualStudio.TestTools.WebStress.Rules.ThresholdRuleCompareCounters, Microsoft.VisualStudio.QualityTools.LoadTest, Version=12.0.0.0, Culture=neutral, PublicKeyToken=b03f5f7f11d50a3a">
                      <RuleParameters>
                        <RuleParameter Name="DependentCategory" Value="Network Interface" />
                        <RuleParameter Name="DependentCounter" Value="Current Bandwidth" />
                        <RuleParameter Name="DependentInstance" Value="" />
                        <RuleParameter Name="AlertIfOver" Value="True" />
                        <RuleParameter Name="WarningThreshold" Value="0.6" />
                        <RuleParameter Name="CriticalThreshold" Value="0.7" />
                      </RuleParameters>
                    </ThresholdRule>
                  </ThresholdRules>
                </Counter>
              </Counters>
              <Instances>
                <Instance Name="*" />
              </Instances>
            </CounterCategory>
            <CounterCategory Name="PhysicalDisk">
              <Counters>
                <Counter Name="% Disk Read Time" Range="100" />
                <Counter Name="% Disk Time" Range="100" />
                <Counter Name="% Disk Write Time" Range="100" />
                <Counter Name="% Idle Time" Range="100" HigherIsBetter="true">
                  <ThresholdRules>
                    <ThresholdRule Classname="Microsoft.VisualStudio.TestTools.WebStress.Rules.ThresholdRuleCompareConstant, Microsoft.VisualStudio.QualityTools.LoadTest">
                      <RuleParameters>
                        <RuleParameter Name="AlertIfOver" Value="False" />
                        <RuleParameter Name="WarningThreshold" Value="40" />
                        <RuleParameter Name="CriticalThreshold" Value="20" />
                      </RuleParameters>
                    </ThresholdRule>
                    <ThresholdRule Classname="Microsoft.VisualStudio.TestTools.WebStress.Rules.ThresholdRuleCompareConstant, Microsoft.VisualStudio.QualityTools.LoadTest">
                      <RuleParameters>
                        <RuleParameter Name="AlertIfOver" Value="False" />
                        <RuleParameter Name="WarningThreshold" Value="40" />
                        <RuleParameter Name="CriticalThreshold" Value="20" />
                      </RuleParameters>
                    </ThresholdRule>
                  </ThresholdRules>
                </Counter>
                <Counter Name="Avg. Disk Bytes/Read" RangeGroup="DiskBytesRate" />
                <Counter Name="Avg. Disk Bytes/Transfer" RangeGroup="DiskBytesRate" />
                <Counter Name="Avg. Disk Bytes/Write" RangeGroup="DiskBytesRate" />
                <Counter Name="Avg. Disk Queue Length" RangeGroup="Disk Queue Length" />
                <Counter Name="Avg. Disk Read Queue Length" RangeGroup="Disk Queue Length" />
                <Counter Name="Avg. Disk Write Queue Length" RangeGroup="Disk Queue Length" />
                <Counter Name="Current Disk Queue Length" RangeGroup="Disk Queue Length" />
                <Counter Name="Avg. Disk sec/Read" RangeGroup="Disk sec" />
                <Counter Name="Avg. Disk sec/Transfer" RangeGroup="Disk sec" />
                <Counter Name="Avg. Disk sec/Write" RangeGroup="Disk sec" />
                <Counter Name="Disk Bytes/sec" RangeGroup="Disk Bytes sec" />
                <Counter Name="Disk Read Bytes/sec" RangeGroup="Disk Bytes sec" />
                <Counter Name="Disk Reads/sec" RangeGroup="Disk Transfers sec" />
                <Counter Name="Disk Transfers/sec" RangeGroup="Disk Transfers sec" />
                <Counter Name="Disk Write Bytes/sec" RangeGroup="Disk Bytes sec" />
                <Counter Name="Disk Writes/sec" RangeGroup="Disk Transfers sec" />
                <Counter Name="Split IO/Sec" RangeGroup="Disk Transfers sec" />
              </Counters>
              <Instances>
                <Instance Name="*" />
              </Instances>
            </CounterCategory>
            <CounterCategory Name="Processor">
              <Counters>
                <Counter Name="% Processor Time" Range="100">
                  <ThresholdRules>
                    <ThresholdRule Classname="Microsoft.VisualStudio.TestTools.WebStress.Rules.ThresholdRuleCompareConstant, Microsoft.VisualStudio.QualityTools.LoadTest">
                      <RuleParameters>
                        <RuleParameter Name="AlertIfOver" Value="True" />
                        <RuleParameter Name="WarningThreshold" Value="75" />
                        <RuleParameter Name="CriticalThreshold" Value="90" />
                      </RuleParameters>
                    </ThresholdRule>
                    <ThresholdRule Classname="Microsoft.VisualStudio.TestTools.WebStress.Rules.ThresholdRuleCompareConstant, Microsoft.VisualStudio.QualityTools.LoadTest">
                      <RuleParameters>
                        <RuleParameter Name="AlertIfOver" Value="True" />
                        <RuleParameter Name="WarningThreshold" Value="75" />
                        <RuleParameter Name="CriticalThreshold" Value="90" />
                      </RuleParameters>
                    </ThresholdRule>
                  </ThresholdRules>
                </Counter>
                <Counter Name="% Privileged Time" Range="100" />
                <Counter Name="% User Time" Range="100" />
              </Counters>
              <Instances>
                <Instance Name="_Total" />
              </Instances>
            </CounterCategory>
            <CounterCategory Name="System">
              <Counters>
                <Counter Name="Context Switches/sec" />
                <Counter Name="Processes" />
                <Counter Name="Processor Queue Length" />
                <Counter Name="Threads" />
              </Counters>
            </CounterCategory>
            <CounterCategory Name="Process">
              <Counters>
                <Counter Name="% Processor Time" RangeGroup="Processor Time" />
                <Counter Name="% Privileged Time" RangeGroup="Processor Time" />
                <Counter Name="% User Time" RangeGroup="Processor Time" />
                <Counter Name="Handle Count" />
                <Counter Name="Thread Count" />
                <Counter Name="Private Bytes" RangeGroup="Memory Bytes" />
                <Counter Name="Virtual Bytes" RangeGroup="Memory Bytes" />
                <Counter Name="Working Set" RangeGroup="Memory Bytes" />
              </Counters>
              <Instances>
                <Instance Name="QTController" />
                <Instance Name="QTController64" />
              </Instances>
            </CounterCategory>
          </CounterCategories>
          <DefaultCountersForAutomaticGraphs>
            <DefaultCounter CategoryName="Processor" CounterName="% Processor Time" InstanceName="_Total" GraphName="" />
            <DefaultCounter CategoryName="Memory" CounterName="Available MBytes" InstanceName="" GraphName="" />
          </DefaultCountersForAutomaticGraphs>
        </CounterSet>
        <CounterSet Name="Agent" CounterSetType="Agent" LocId="CounterSet_Agent">
          <CounterCategories>
            <CounterCategory Name="Memory">
              <Counters>
                <Counter Name="% Committed Bytes In Use" Range="100" />
                <Counter Name="Available MBytes" RangeGroup="Memory Bytes" HigherIsBetter="true">
                  <ThresholdRules>
                    <ThresholdRule Classname="Microsoft.VisualStudio.TestTools.WebStress.Rules.ThresholdRuleCompareConstant, Microsoft.VisualStudio.QualityTools.LoadTest">
                      <RuleParameters>
                        <RuleParameter Name="AlertIfOver" Value="False" />
                        <RuleParameter Name="WarningThreshold" Value="100" />
                        <RuleParameter Name="CriticalThreshold" Value="50" />
                      </RuleParameters>
                    </ThresholdRule>
                  </ThresholdRules>
                </Counter>
                <Counter Name="Page Faults/sec" />
                <Counter Name="Pages/sec" />
                <Counter Name="Pool Paged Bytes" RangeGroup="Memory Bytes" />
                <Counter Name="Pool Nonpaged bytes" RangeGroup="Memory Bytes" />
              </Counters>
            </CounterCategory>
            <CounterCategory Name="Network Interface">
              <Counters>
                <Counter Name="Bytes Received/sec" RangeGroup="Network Bytes" />
                <Counter Name="Bytes Sent/sec" RangeGroup="Network Bytes" />
                <Counter Name="Output Queue Length">
                  <ThresholdRules>
                    <ThresholdRule Classname="Microsoft.VisualStudio.TestTools.WebStress.Rules.ThresholdRuleCompareConstant, Microsoft.VisualStudio.QualityTools.LoadTest">
                      <RuleParameters>
                        <RuleParameter Name="AlertIfOver" Value="True" />
                        <RuleParameter Name="WarningThreshold" Value="1.5" />
                        <RuleParameter Name="CriticalThreshold" Value="2" />
                      </RuleParameters>
                    </ThresholdRule>
                  </ThresholdRules>
                </Counter>
                <Counter Name="Packets Received/sec" RangeGroup="Network Packets" />
                <Counter Name="Packets Sent/sec" RangeGroup="Network Packets" />
                <Counter Name="Current Bandwidth" RangeGroup="Network Bytes" />
                <Counter Name="Bytes Total/sec" RangeGroup="Network Bytes">
                  <ThresholdRules>
                    <ThresholdRule Classname="Microsoft.VisualStudio.TestTools.WebStress.Rules.ThresholdRuleCompareCounters, Microsoft.VisualStudio.QualityTools.LoadTest, Version=12.0.0.0, Culture=neutral, PublicKeyToken=b03f5f7f11d50a3a">
                      <RuleParameters>
                        <RuleParameter Name="DependentCategory" Value="Network Interface" />
                        <RuleParameter Name="DependentCounter" Value="Current Bandwidth" />
                        <RuleParameter Name="DependentInstance" Value="" />
                        <RuleParameter Name="AlertIfOver" Value="True" />
                        <RuleParameter Name="WarningThreshold" Value="0.6" />
                        <RuleParameter Name="CriticalThreshold" Value="0.7" />
                      </RuleParameters>
                    </ThresholdRule>
                  </ThresholdRules>
                </Counter>
              </Counters>
              <Instances>
                <Instance Name="*" />
              </Instances>
            </CounterCategory>
            <CounterCategory Name="PhysicalDisk">
              <Counters>
                <Counter Name="% Disk Read Time" Range="100" />
                <Counter Name="% Disk Time" Range="100" />
                <Counter Name="% Disk Write Time" Range="100" />
                <Counter Name="% Idle Time" Range="100" HigherIsBetter="true">
                  <ThresholdRules>
                    <ThresholdRule Classname="Microsoft.VisualStudio.TestTools.WebStress.Rules.ThresholdRuleCompareConstant, Microsoft.VisualStudio.QualityTools.LoadTest">
                      <RuleParameters>
                        <RuleParameter Name="AlertIfOver" Value="False" />
                        <RuleParameter Name="WarningThreshold" Value="40" />
                        <RuleParameter Name="CriticalThreshold" Value="20" />
                      </RuleParameters>
                    </ThresholdRule>
                  </ThresholdRules>
                </Counter>
                <Counter Name="Avg. Disk Bytes/Read" RangeGroup="DiskBytesRate" />
                <Counter Name="Avg. Disk Bytes/Transfer" RangeGroup="DiskBytesRate" />
                <Counter Name="Avg. Disk Bytes/Write" RangeGroup="DiskBytesRate" />
                <Counter Name="Avg. Disk Queue Length" RangeGroup="Disk Queue Length" />
                <Counter Name="Avg. Disk Read Queue Length" RangeGroup="Disk Queue Length" />
                <Counter Name="Avg. Disk Write Queue Length" RangeGroup="Disk Queue Length" />
                <Counter Name="Current Disk Queue Length" RangeGroup="Disk Queue Length" />
                <Counter Name="Avg. Disk sec/Read" RangeGroup="Disk sec" />
                <Counter Name="Avg. Disk sec/Transfer" RangeGroup="Disk sec" />
                <Counter Name="Avg. Disk sec/Write" RangeGroup="Disk sec" />
                <Counter Name="Disk Bytes/sec" RangeGroup="Disk Bytes sec" />
                <Counter Name="Disk Read Bytes/sec" RangeGroup="Disk Bytes sec" />
                <Counter Name="Disk Reads/sec" RangeGroup="Disk Transfers sec" />
                <Counter Name="Disk Transfers/sec" RangeGroup="Disk Transfers sec" />
                <Counter Name="Disk Write Bytes/sec" RangeGroup="Disk Bytes sec" />
                <Counter Name="Disk Writes/sec" RangeGroup="Disk Transfers sec" />
                <Counter Name="Split IO/Sec" RangeGroup="Disk Transfers sec" />
              </Counters>
              <Instances>
                <Instance Name="*" />
              </Instances>
            </CounterCategory>
            <CounterCategory Name="Processor">
              <Counters>
                <Counter Name="% Processor Time" Range="100">
                  <ThresholdRules>
                    <ThresholdRule Classname="Microsoft.VisualStudio.TestTools.WebStress.Rules.ThresholdRuleCompareConstant, Microsoft.VisualStudio.QualityTools.LoadTest">
                      <RuleParameters>
                        <RuleParameter Name="AlertIfOver" Value="True" />
                        <RuleParameter Name="WarningThreshold" Value="75" />
                        <RuleParameter Name="CriticalThreshold" Value="90" />
                      </RuleParameters>
                    </ThresholdRule>
                  </ThresholdRules>
                </Counter>
                <Counter Name="% Privileged Time" Range="100" />
                <Counter Name="% User Time" Range="100" />
              </Counters>
              <Instances>
                <Instance Name="0" />
                <Instance Name="_Total" />
              </Instances>
            </CounterCategory>
            <CounterCategory Name="System">
              <Counters>
                <Counter Name="Context Switches/sec" />
                <Counter Name="Processes" />
                <Counter Name="Processor Queue Length" />
                <Counter Name="Threads" />
              </Counters>
            </CounterCategory>
            <CounterCategory Name="Process">
              <Counters>
                <Counter Name="% Processor Time" RangeGroup="Processor Time" />
                <Counter Name="% Privileged Time" RangeGroup="Processor Time" />
                <Counter Name="% User Time" RangeGroup="Processor Time" />
                <Counter Name="Handle Count" />
                <Counter Name="Thread Count" />
                <Counter Name="Private Bytes" RangeGroup="Memory Bytes" />
                <Counter Name="Virtual Bytes" RangeGroup="Memory Bytes" />
                <Counter Name="Working Set" RangeGroup="Memory Bytes" />
              </Counters>
              <Instances>
                <Instance Name="devenv" />
                <Instance Name="QTAgentService" />
                <Instance Name="QTAgent" />
                <Instance Name="QTAgent32" />
                <Instance Name="QTDCAgent" />
                <Instance Name="QTDCAgent32" />
                <Instance Name="QTAgent_35" />
                <Instance Name="QTAgent_40" />
                <Instance Name="QTAgent32_35" />
                <Instance Name="QTAgent32_40" />
              </Instances>
            </CounterCategory>
          </CounterCategories>
          <DefaultCountersForAutomaticGraphs>
            <DefaultCounter CategoryName="Processor" CounterName="% Processor Time" InstanceName="0" GraphName="" RunType="Local" />
            <DefaultCounter CategoryName="Processor" CounterName="% Processor Time" InstanceName="_Total" GraphName="" RunType="Remote" />
            <DefaultCounter CategoryName="Memory" CounterName="Available MBytes" InstanceName="" GraphName="" />
          </DefaultCountersForAutomaticGraphs>
        </CounterSet>
      </CounterSets>
      <RunConfigurations>
        <RunConfiguration Name="Run Settings1" Description="" ResultsStoreType="Database" TimingDetailsStorage="AllIndividualDetails" SaveTestLogsOnError="true" SaveTestLogsFrequency="0" MaxErrorDetails="200" MaxErrorsPerType="1000" MaxThresholdViolations="1000" MaxRequestUrlsReported="1000" UseTestIterations="false" RunDuration="600" WarmupTime="15" CoolDownTime="0" TestIterations="100" WebTestConnectionModel="ConnectionPerUser" WebTestConnectionPoolSize="50" SampleRate="5" ValidationLevel="High" SqlTracingConnectString="" SqlTracingConnectStringDisplayValue="" SqlTracingDirectory="" SqlTracingEnabled="false" SqlTracingFileCount="2" SqlTracingRolloverEnabled="true" SqlTracingMinimumDuration="500" RunUnitTestsInAppDomain="true" CoreCount="0">
          <CounterSetMappings>
            <CounterSetMapping ComputerName="[CONTROLLER MACHINE]">
              <CounterSetReferences>
                <CounterSetReference CounterSetName="LoadTest" />
                <CounterSetReference CounterSetName="Controller" />
              </CounterSetReferences>
            </CounterSetMapping>
            <CounterSetMapping ComputerName="[AGENT MACHINES]">
              <CounterSetReferences>
                <CounterSetReference CounterSetName="Agent" />
              </CounterSetReferences>
            </CounterSetMapping>
          </CounterSetMappings>
        </RunConfiguration>
      </RunConfigurations>
    </LoadTest>
    <WebTest name="ViewCandidates" storage="c:\telerikacademy\qa\team fig\team fig\tals.performancetesting\tals.performancetesting\tals.performancetesting.webtests\modules\kidsacademy\candidates\viewcandidates.webtest" id="6a8c8431-d2fe-4568-8053-457b0e3532c5" persistedWebTest="77u/PD94bWwgdmVyc2lvbj0iMS4wIiBlbmNvZGluZz0iVVRGLTgiIHN0YW5kYWxvbmU9InllcyI/Pg0KPFdlYlRlc3QgTmFtZT0iVmlld0NhbmRpZGF0ZXMiIElkPSI2YThjODQzMS1kMmZlLTQ1NjgtODA1My00NTdiMGUzNTMyYzUiIE93bmVyPSIiIFByaW9yaXR5PSIyMTQ3NDgzNjQ3IiBFbmFibGVkPSJUcnVlIiBDc3NQcm9qZWN0U3RydWN0dXJlPSIiIENzc0l0ZXJhdGlvbj0iIiBUaW1lb3V0PSIwIiBXb3JrSXRlbUlkcz0iIiB4bWxucz0iaHR0cDovL21pY3Jvc29mdC5jb20vc2NoZW1hcy9WaXN1YWxTdHVkaW8vVGVhbVRlc3QvMjAxMCIgRGVzY3JpcHRpb249IiIgQ3JlZGVudGlhbFVzZXJOYW1lPSIiIENyZWRlbnRpYWxQYXNzd29yZD0iIiBQcmVBdXRoZW50aWNhdGU9IlRydWUiIFByb3h5PSJkZWZhdWx0IiBTdG9wT25FcnJvcj0iRmFsc2UiIFJlY29yZGVkUmVzdWx0RmlsZT0iV2ViVGVzdDEuNmNiMzFlZGQtNWY1Ny00YjJlLWIwMzktYTZkMzZmZDhhNGMwLnJlYy53ZWJ0ZXN0cmVzdWx0IiBSZXN1bHRzTG9jYWxlPSIiPg0KICA8SXRlbXM+DQogICAgPFJlcXVlc3QgTWV0aG9kPSJHRVQiIEd1aWQ9Ijg1MzNlOGU5LTQwNjUtNDc3OS04ZDRmLTE5ZmM0YmI1MzJhOSIgVmVyc2lvbj0iMS4xIiBVcmw9Imh0dHA6Ly90ZXN0LnRlbGVyaWthY2FkZW15LmNvbS8iIFRoaW5rVGltZT0iMSIgVGltZW91dD0iMzAwIiBQYXJzZURlcGVuZGVudFJlcXVlc3RzPSJUcnVlIiBGb2xsb3dSZWRpcmVjdHM9IlRydWUiIFJlY29yZFJlc3VsdD0iVHJ1ZSIgQ2FjaGU9IkZhbHNlIiBSZXNwb25zZVRpbWVHb2FsPSIwIiBFbmNvZGluZz0idXRmLTgiIEV4cGVjdGVkSHR0cFN0YXR1c0NvZGU9IjAiIEV4cGVjdGVkUmVzcG9uc2VVcmw9IiIgUmVwb3J0aW5nTmFtZT0iIiBJZ25vcmVIdHRwU3RhdHVzQ29kZT0iRmFsc2UiIC8+DQogICAgPFJlcXVlc3QgTWV0aG9kPSJHRVQiIEd1aWQ9ImE5NTYwN2ZhLWIyZTktNDQ5NC1hZGU0LTMyOTQ3OTQ0ZDZkNiIgVmVyc2lvbj0iMS4xIiBVcmw9Imh0dHA6Ly90ZXN0LnRlbGVyaWthY2FkZW15LmNvbS9Vc2Vycy9BdXRoL0xvZ2luIiBUaGlua1RpbWU9IjkiIFRpbWVvdXQ9IjMwMCIgUGFyc2VEZXBlbmRlbnRSZXF1ZXN0cz0iVHJ1ZSIgRm9sbG93UmVkaXJlY3RzPSJUcnVlIiBSZWNvcmRSZXN1bHQ9IlRydWUiIENhY2hlPSJGYWxzZSIgUmVzcG9uc2VUaW1lR29hbD0iMCIgRW5jb2Rpbmc9InV0Zi04IiBFeHBlY3RlZEh0dHBTdGF0dXNDb2RlPSIwIiBFeHBlY3RlZFJlc3BvbnNlVXJsPSIiIFJlcG9ydGluZ05hbWU9IiIgSWdub3JlSHR0cFN0YXR1c0NvZGU9IkZhbHNlIj4NCiAgICAgIDxIZWFkZXJzPg0KICAgICAgICA8SGVhZGVyIE5hbWU9IlJlZmVyZXIiIFZhbHVlPSJodHRwOi8vdGVzdC50ZWxlcmlrYWNhZGVteS5jb20vIiAvPg0KICAgICAgPC9IZWFkZXJzPg0KICAgIDwvUmVxdWVzdD4NCiAgICA8UmVxdWVzdCBNZXRob2Q9IlBPU1QiIEd1aWQ9IjM5MzVkYjIzLWNmOTYtNGNlNC1hMjkxLTg4ODZmNDAzNzlhZCIgVmVyc2lvbj0iMS4xIiBVcmw9Imh0dHA6Ly90ZXN0LnRlbGVyaWthY2FkZW15LmNvbS9Vc2Vycy9BdXRoL0xvZ2luIiBUaGlua1RpbWU9IjEiIFRpbWVvdXQ9IjMwMCIgUGFyc2VEZXBlbmRlbnRSZXF1ZXN0cz0iVHJ1ZSIgRm9sbG93UmVkaXJlY3RzPSJUcnVlIiBSZWNvcmRSZXN1bHQ9IlRydWUiIENhY2hlPSJGYWxzZSIgUmVzcG9uc2VUaW1lR29hbD0iMCIgRW5jb2Rpbmc9InV0Zi04IiBFeHBlY3RlZEh0dHBTdGF0dXNDb2RlPSIwIiBFeHBlY3RlZFJlc3BvbnNlVXJsPSJodHRwOi8vdGVzdC50ZWxlcmlrYWNhZGVteS5jb20vIiBSZXBvcnRpbmdOYW1lPSIiIElnbm9yZUh0dHBTdGF0dXNDb2RlPSJGYWxzZSI+DQogICAgICA8SGVhZGVycz4NCiAgICAgICAgPEhlYWRlciBOYW1lPSJSZWZlcmVyIiBWYWx1ZT0iaHR0cDovL3Rlc3QudGVsZXJpa2FjYWRlbXkuY29tL1VzZXJzL0F1dGgvTG9naW4iIC8+DQogICAgICA8L0hlYWRlcnM+DQogICAgICA8Rm9ybVBvc3RIdHRwQm9keT4NCiAgICAgICAgPEZvcm1Qb3N0UGFyYW1ldGVyIE5hbWU9IlVzZXJuYW1lT3JFbWFpbCIgVmFsdWU9ImRlbW8xMiIgUmVjb3JkZWRWYWx1ZT0iZGVtbzEyIiBDb3JyZWxhdGlvbkJpbmRpbmc9IiIgVXJsRW5jb2RlPSJUcnVlIiAvPg0KICAgICAgICA8Rm9ybVBvc3RQYXJhbWV0ZXIgTmFtZT0iUGFzc3dvcmQiIFZhbHVlPSJxd2VydHkiIFJlY29yZGVkVmFsdWU9InF3ZXJ0eSIgQ29ycmVsYXRpb25CaW5kaW5nPSIiIFVybEVuY29kZT0iVHJ1ZSIgLz4NCiAgICAgIDwvRm9ybVBvc3RIdHRwQm9keT4NCiAgICA8L1JlcXVlc3Q+DQogICAgPFJlcXVlc3QgTWV0aG9kPSJHRVQiIEd1aWQ9IjQ0ZWFiZjljLWExMTctNGRhZC1iMjlhLTAwNWJmNGFkYjFjMiIgVmVyc2lvbj0iMS4xIiBVcmw9Imh0dHA6Ly90ZXN0LnRlbGVyaWthY2FkZW15LmNvbS9BZG1pbmlzdHJhdGlvbi9OYXZpZ2F0aW9uIiBUaGlua1RpbWU9IjMiIFRpbWVvdXQ9IjMwMCIgUGFyc2VEZXBlbmRlbnRSZXF1ZXN0cz0iVHJ1ZSIgRm9sbG93UmVkaXJlY3RzPSJUcnVlIiBSZWNvcmRSZXN1bHQ9IlRydWUiIENhY2hlPSJGYWxzZSIgUmVzcG9uc2VUaW1lR29hbD0iMCIgRW5jb2Rpbmc9InV0Zi04IiBFeHBlY3RlZEh0dHBTdGF0dXNDb2RlPSIwIiBFeHBlY3RlZFJlc3BvbnNlVXJsPSIiIFJlcG9ydGluZ05hbWU9IiIgSWdub3JlSHR0cFN0YXR1c0NvZGU9IkZhbHNlIj4NCiAgICAgIDxIZWFkZXJzPg0KICAgICAgICA8SGVhZGVyIE5hbWU9IlJlZmVyZXIiIFZhbHVlPSJodHRwOi8vdGVzdC50ZWxlcmlrYWNhZGVteS5jb20vIiAvPg0KICAgICAgPC9IZWFkZXJzPg0KICAgIDwvUmVxdWVzdD4NCiAgICA8UmVxdWVzdCBNZXRob2Q9IkdFVCIgR3VpZD0iYzFlNGJlZmMtODQ5Yy00NmFjLThkNzYtOTdjMTg1NGQzZmI2IiBWZXJzaW9uPSIxLjEiIFVybD0iaHR0cDovL3Rlc3QudGVsZXJpa2FjYWRlbXkuY29tL0tpZHNBY2FkZW15L0FkbWluaXN0cmF0aW9uQ2FuZGlkYXRlcyIgVGhpbmtUaW1lPSIxIiBUaW1lb3V0PSIzMDAiIFBhcnNlRGVwZW5kZW50UmVxdWVzdHM9IlRydWUiIEZvbGxvd1JlZGlyZWN0cz0iVHJ1ZSIgUmVjb3JkUmVzdWx0PSJUcnVlIiBDYWNoZT0iRmFsc2UiIFJlc3BvbnNlVGltZUdvYWw9IjAiIEVuY29kaW5nPSJ1dGYtOCIgRXhwZWN0ZWRIdHRwU3RhdHVzQ29kZT0iMCIgRXhwZWN0ZWRSZXNwb25zZVVybD0iIiBSZXBvcnRpbmdOYW1lPSIiIElnbm9yZUh0dHBTdGF0dXNDb2RlPSJGYWxzZSI+DQogICAgICA8RGVwZW5kZW50UmVxdWVzdHM+DQogICAgICAgIDxSZXF1ZXN0IE1ldGhvZD0iUE9TVCIgR3VpZD0iOWIwNDQwY2ItNGE3MC00M2I4LWI5MWEtYmFkM2EyNDI0NzgzIiBWZXJzaW9uPSIxLjEiIFVybD0iaHR0cDovL3Rlc3QudGVsZXJpa2FjYWRlbXkuY29tL0tpZHNBY2FkZW15L0FkbWluaXN0cmF0aW9uQ2FuZGlkYXRlcy9LaWRzQ2FuZGlkYXRlc1JlYWQiIFRoaW5rVGltZT0iNyIgVGltZW91dD0iMzAwIiBQYXJzZURlcGVuZGVudFJlcXVlc3RzPSJUcnVlIiBGb2xsb3dSZWRpcmVjdHM9IlRydWUiIFJlY29yZFJlc3VsdD0iVHJ1ZSIgQ2FjaGU9IkZhbHNlIiBSZXNwb25zZVRpbWVHb2FsPSIwIiBFbmNvZGluZz0idXRmLTgiIEV4cGVjdGVkSHR0cFN0YXR1c0NvZGU9IjAiIEV4cGVjdGVkUmVzcG9uc2VVcmw9IiIgUmVwb3J0aW5nTmFtZT0iIiBJZ25vcmVIdHRwU3RhdHVzQ29kZT0iRmFsc2UiPg0KICAgICAgICAgIDxIZWFkZXJzPg0KICAgICAgICAgICAgPEhlYWRlciBOYW1lPSJBY2NlcHQiIFZhbHVlPSIqLyoiIC8+DQogICAgICAgICAgICA8SGVhZGVyIE5hbWU9IlgtUmVxdWVzdGVkLVdpdGgiIFZhbHVlPSJYTUxIdHRwUmVxdWVzdCIgLz4NCiAgICAgICAgICAgIDxIZWFkZXIgTmFtZT0iUmVmZXJlciIgVmFsdWU9Imh0dHA6Ly90ZXN0LnRlbGVyaWthY2FkZW15LmNvbS9LaWRzQWNhZGVteS9BZG1pbmlzdHJhdGlvbkNhbmRpZGF0ZXMiIC8+DQogICAgICAgICAgPC9IZWFkZXJzPg0KICAgICAgICAgIDxGb3JtUG9zdEh0dHBCb2R5Pg0KICAgICAgICAgICAgPEZvcm1Qb3N0UGFyYW1ldGVyIE5hbWU9InNvcnQiIFZhbHVlPSJLaWRzQ2FuZGlkYXRlSWQtYXNjIiBSZWNvcmRlZFZhbHVlPSJLaWRzQ2FuZGlkYXRlSWQtYXNjIiBDb3JyZWxhdGlvbkJpbmRpbmc9IiIgVXJsRW5jb2RlPSJUcnVlIiAvPg0KICAgICAgICAgICAgPEZvcm1Qb3N0UGFyYW1ldGVyIE5hbWU9InBhZ2UiIFZhbHVlPSIxIiBSZWNvcmRlZFZhbHVlPSIxIiBDb3JyZWxhdGlvbkJpbmRpbmc9Int7Rm9ybVBvc3RQYXJhbTEucGFnZX19IiBVcmxFbmNvZGU9IlRydWUiIC8+DQogICAgICAgICAgICA8Rm9ybVBvc3RQYXJhbWV0ZXIgTmFtZT0icGFnZVNpemUiIFZhbHVlPSIyNSIgUmVjb3JkZWRWYWx1ZT0iMjUiIENvcnJlbGF0aW9uQmluZGluZz0iIiBVcmxFbmNvZGU9IlRydWUiIC8+DQogICAgICAgICAgICA8Rm9ybVBvc3RQYXJhbWV0ZXIgTmFtZT0iZ3JvdXAiIFZhbHVlPSIiIFJlY29yZGVkVmFsdWU9IiIgQ29ycmVsYXRpb25CaW5kaW5nPSIiIFVybEVuY29kZT0iVHJ1ZSIgLz4NCiAgICAgICAgICAgIDxGb3JtUG9zdFBhcmFtZXRlciBOYW1lPSJmaWx0ZXIiIFZhbHVlPSIiIFJlY29yZGVkVmFsdWU9IiIgQ29ycmVsYXRpb25CaW5kaW5nPSIiIFVybEVuY29kZT0iVHJ1ZSIgLz4NCiAgICAgICAgICA8L0Zvcm1Qb3N0SHR0cEJvZHk+DQogICAgICAgIDwvUmVxdWVzdD4NCiAgICAgIDwvRGVwZW5kZW50UmVxdWVzdHM+DQogICAgICA8SGVhZGVycz4NCiAgICAgICAgPEhlYWRlciBOYW1lPSJSZWZlcmVyIiBWYWx1ZT0iaHR0cDovL3Rlc3QudGVsZXJpa2FjYWRlbXkuY29tL0FkbWluaXN0cmF0aW9uL05hdmlnYXRpb24iIC8+DQogICAgICA8L0hlYWRlcnM+DQogICAgICA8Q29ycmVsYXRpb25FeHRyYWN0aW9uUnVsZXM+DQogICAgICAgIDxFeHRyYWN0aW9uUnVsZSBDbGFzc25hbWU9Ik1pY3Jvc29mdC5WaXN1YWxTdHVkaW8uVGVzdFRvb2xzLldlYlRlc3RpbmcuUnVsZXMuRXh0cmFjdFRleHQsIE1pY3Jvc29mdC5WaXN1YWxTdHVkaW8uUXVhbGl0eVRvb2xzLldlYlRlc3RGcmFtZXdvcmssIFZlcnNpb249MTAuMC4wLjAsIEN1bHR1cmU9bmV1dHJhbCwgUHVibGljS2V5VG9rZW49YjAzZjVmN2YxMWQ1MGEzYSIgVmFyaWFibGVOYW1lPSJGb3JtUG9zdFBhcmFtMS5wYWdlIiBEaXNwbGF5TmFtZT0iIiBEZXNjcmlwdGlvbj0iIj4NCiAgICAgICAgICA8UnVsZVBhcmFtZXRlcnM+DQogICAgICAgICAgICA8UnVsZVBhcmFtZXRlciBOYW1lPSJTdGFydHNXaXRoIiBWYWx1ZT0iZGV4PSZxdW90OyIgLz4NCiAgICAgICAgICAgIDxSdWxlUGFyYW1ldGVyIE5hbWU9IkVuZHNXaXRoIiBWYWx1ZT0iJnF1b3Q7IGRhdCIgLz4NCiAgICAgICAgICAgIDxSdWxlUGFyYW1ldGVyIE5hbWU9IkluZGV4IiBWYWx1ZT0iMSIgLz4NCiAgICAgICAgICAgIDxSdWxlUGFyYW1ldGVyIE5hbWU9Iklnbm9yZUNhc2UiIFZhbHVlPSJGYWxzZSIgLz4NCiAgICAgICAgICAgIDxSdWxlUGFyYW1ldGVyIE5hbWU9IlVzZVJlZ3VsYXJFeHByZXNzaW9uIiBWYWx1ZT0iRmFsc2UiIC8+DQogICAgICAgICAgICA8UnVsZVBhcmFtZXRlciBOYW1lPSJIdG1sRGVjb2RlIiBWYWx1ZT0iVHJ1ZSIgLz4NCiAgICAgICAgICAgIDxSdWxlUGFyYW1ldGVyIE5hbWU9IlJlcXVpcmVkIiBWYWx1ZT0iRmFsc2UiIC8+DQogICAgICAgICAgPC9SdWxlUGFyYW1ldGVycz4NCiAgICAgICAgPC9FeHRyYWN0aW9uUnVsZT4NCiAgICAgIDwvQ29ycmVsYXRpb25FeHRyYWN0aW9uUnVsZXM+DQogICAgPC9SZXF1ZXN0Pg0KICAgIDxSZXF1ZXN0IE1ldGhvZD0iR0VUIiBHdWlkPSI2N2VkZTcyMS1lNzM4LTQ0MjEtOTAxMS03NmU3MjQ5YjhkMjIiIFZlcnNpb249IjEuMSIgVXJsPSJodHRwOi8vdGVzdC50ZWxlcmlrYWNhZGVteS5jb20vVXNlcnMvQXV0aC9Mb2dPdXQiIFRoaW5rVGltZT0iMSIgVGltZW91dD0iMzAwIiBQYXJzZURlcGVuZGVudFJlcXVlc3RzPSJUcnVlIiBGb2xsb3dSZWRpcmVjdHM9IlRydWUiIFJlY29yZFJlc3VsdD0iVHJ1ZSIgQ2FjaGU9IkZhbHNlIiBSZXNwb25zZVRpbWVHb2FsPSIwIiBFbmNvZGluZz0idXRmLTgiIEV4cGVjdGVkSHR0cFN0YXR1c0NvZGU9IjAiIEV4cGVjdGVkUmVzcG9uc2VVcmw9Imh0dHA6Ly90ZXN0LnRlbGVyaWthY2FkZW15LmNvbS8iIFJlcG9ydGluZ05hbWU9IiIgSWdub3JlSHR0cFN0YXR1c0NvZGU9IkZhbHNlIj4NCiAgICAgIDxIZWFkZXJzPg0KICAgICAgICA8SGVhZGVyIE5hbWU9IlJlZmVyZXIiIFZhbHVlPSJodHRwOi8vdGVzdC50ZWxlcmlrYWNhZGVteS5jb20vS2lkc0FjYWRlbXkvQWRtaW5pc3RyYXRpb25DYW5kaWRhdGVzIiAvPg0KICAgICAgPC9IZWFkZXJzPg0KICAgIDwvUmVxdWVzdD4NCiAgPC9JdGVtcz4NCiAgPFZhbGlkYXRpb25SdWxlcz4NCiAgICA8VmFsaWRhdGlvblJ1bGUgQ2xhc3NuYW1lPSJNaWNyb3NvZnQuVmlzdWFsU3R1ZGlvLlRlc3RUb29scy5XZWJUZXN0aW5nLlJ1bGVzLlZhbGlkYXRlUmVzcG9uc2VVcmwsIE1pY3Jvc29mdC5WaXN1YWxTdHVkaW8uUXVhbGl0eVRvb2xzLldlYlRlc3RGcmFtZXdvcmssIFZlcnNpb249MTAuMC4wLjAsIEN1bHR1cmU9bmV1dHJhbCwgUHVibGljS2V5VG9rZW49YjAzZjVmN2YxMWQ1MGEzYSIgRGlzcGxheU5hbWU9IlJlc3BvbnNlIFVSTCIgRGVzY3JpcHRpb249IlZhbGlkYXRlcyB0aGF0IHRoZSByZXNwb25zZSBVUkwgYWZ0ZXIgcmVkaXJlY3RzIGFyZSBmb2xsb3dlZCBpcyB0aGUgc2FtZSBhcyB0aGUgcmVjb3JkZWQgcmVzcG9uc2UgVVJMLiAgUXVlcnlTdHJpbmcgcGFyYW1ldGVycyBhcmUgaWdub3JlZC4iIExldmVsPSJMb3ciIEV4ZWN0dWlvbk9yZGVyPSJCZWZvcmVEZXBlbmRlbnRzIiAvPg0KICAgIDxWYWxpZGF0aW9uUnVsZSBDbGFzc25hbWU9Ik1pY3Jvc29mdC5WaXN1YWxTdHVkaW8uVGVzdFRvb2xzLldlYlRlc3RpbmcuUnVsZXMuVmFsaWRhdGlvblJ1bGVSZXNwb25zZVRpbWVHb2FsLCBNaWNyb3NvZnQuVmlzdWFsU3R1ZGlvLlF1YWxpdHlUb29scy5XZWJUZXN0RnJhbWV3b3JrLCBWZXJzaW9uPTEwLjAuMC4wLCBDdWx0dXJlPW5ldXRyYWwsIFB1YmxpY0tleVRva2VuPWIwM2Y1ZjdmMTFkNTBhM2EiIERpc3BsYXlOYW1lPSJSZXNwb25zZSBUaW1lIEdvYWwiIERlc2NyaXB0aW9uPSJWYWxpZGF0ZXMgdGhhdCB0aGUgcmVzcG9uc2UgdGltZSBmb3IgdGhlIHJlcXVlc3QgaXMgbGVzcyB0aGFuIG9yIGVxdWFsIHRvIHRoZSByZXNwb25zZSB0aW1lIGdvYWwgYXMgc3BlY2lmaWVkIG9uIHRoZSByZXF1ZXN0LiAgUmVzcG9uc2UgdGltZSBnb2FscyBvZiB6ZXJvIHdpbGwgYmUgaWdub3JlZC4iIExldmVsPSJMb3ciIEV4ZWN0dWlvbk9yZGVyPSJBZnRlckRlcGVuZGVudHMiPg0KICAgICAgPFJ1bGVQYXJhbWV0ZXJzPg0KICAgICAgICA8UnVsZVBhcmFtZXRlciBOYW1lPSJUb2xlcmFuY2UiIFZhbHVlPSIwIiAvPg0KICAgICAgPC9SdWxlUGFyYW1ldGVycz4NCiAgICA8L1ZhbGlkYXRpb25SdWxlPg0KICA8L1ZhbGlkYXRpb25SdWxlcz4NCjwvV2ViVGVzdD4=">
    </WebTest>
    <CodedWebTest name="CreateEventCoded" storage="c:\telerikacademy\qa\team fig\team fig\tals.performancetesting\tals.performancetesting\tals.performancetesting.webtests\bin\debug\tals.performancetesting.webtest.dll" id="1ff518c7-6b51-f7e4-ec92-0b1afa271024">
      <WebTestClass assembly="TALS.PerformanceTesting.WebTest, Version=1.0.0.0, Culture=neutral, PublicKeyToken=null" namespace="TALS.PerformanceTesting.WebTest" class="CreateEventCoded" />
    </CodedWebTest>
  </TestDefinitions>
  <TestLists>
    <TestList name="Results Not in a List" id="8c84fa94-04c1-424b-9868-57a2d4851a1d" />
    <TestList name="All Loaded Results" id="19431567-8539-422a-85d7-44ee4e166bda" />
  </TestLists>
  <TestEntries>
    <TestEntry isTransparent="false" testId="d2f9cd4d-2a13-47de-bf37-d7ee81b93b40" executionId="f287e00f-e799-4ee7-8fb5-9e2e46a9a223" testListId="8c84fa94-04c1-424b-9868-57a2d4851a1d">
      <TestEntries>
        <TestEntry isTransparent="false" testId="221ab2f6-3ac1-4abe-8592-c6c17c326ea3" executionId="c3f012a6-9375-4566-9a52-70e5f8cdfb09" parentExecutionId="f287e00f-e799-4ee7-8fb5-9e2e46a9a223" testListId="8c84fa94-04c1-424b-9868-57a2d4851a1d" />
        <TestEntry isTransparent="false" testId="305f864c-eaa7-0b43-8776-7f5750a35a83" executionId="4e9a9508-f2dc-45d4-bb8b-8b093254f129" parentExecutionId="f287e00f-e799-4ee7-8fb5-9e2e46a9a223" testListId="8c84fa94-04c1-424b-9868-57a2d4851a1d" />
        <TestEntry isTransparent="false" testId="3107d359-398e-38a9-9023-6684c044bd43" executionId="aa08a076-aed8-44d4-88a3-5e9d647c8e32" parentExecutionId="f287e00f-e799-4ee7-8fb5-9e2e46a9a223" testListId="8c84fa94-04c1-424b-9868-57a2d4851a1d" />
        <TestEntry isTransparent="false" testId="1ff518c7-6b51-f7e4-ec92-0b1afa271024" executionId="38b9b8c4-e849-41ce-9bb6-21b768ad682e" parentExecutionId="f287e00f-e799-4ee7-8fb5-9e2e46a9a223" testListId="8c84fa94-04c1-424b-9868-57a2d4851a1d" />
        <TestEntry isTransparent="false" testId="0bc365dd-01f4-6360-f02a-dfc5b50c8704" executionId="40abfcf5-97af-48ca-9894-acc2e0039e08" parentExecutionId="f287e00f-e799-4ee7-8fb5-9e2e46a9a223" testListId="8c84fa94-04c1-424b-9868-57a2d4851a1d" />
        <TestEntry isTransparent="false" testId="4d892a94-38c0-48a1-8191-6c39c025a5d7" executionId="bff07369-af0a-4fc5-bb7c-cbd24b2fed5b" parentExecutionId="f287e00f-e799-4ee7-8fb5-9e2e46a9a223" testListId="8c84fa94-04c1-424b-9868-57a2d4851a1d" />
        <TestEntry isTransparent="false" testId="e174992e-d096-54e5-da2a-c01cbed8c841" executionId="d9d189aa-afaf-40f8-9712-367df4a68b0a" parentExecutionId="f287e00f-e799-4ee7-8fb5-9e2e46a9a223" testListId="8c84fa94-04c1-424b-9868-57a2d4851a1d" />
        <TestEntry isTransparent="false" testId="9c2a7132-d8cc-0aab-a9da-ee9078f49ba6" executionId="4b24ad86-b8b1-40a6-a7b2-71333301cc62" parentExecutionId="f287e00f-e799-4ee7-8fb5-9e2e46a9a223" testListId="8c84fa94-04c1-424b-9868-57a2d4851a1d" />
        <TestEntry isTransparent="false" testId="64caf2c8-6a1c-680a-40fa-afe97a3c8511" executionId="14ac47f0-ad58-4be2-a3ac-4a80d949b69f" parentExecutionId="f287e00f-e799-4ee7-8fb5-9e2e46a9a223" testListId="8c84fa94-04c1-424b-9868-57a2d4851a1d" />
        <TestEntry isTransparent="false" testId="6a8c8431-d2fe-4568-8053-457b0e3532c5" executionId="19121fc4-806b-49ac-b077-8ba8b01961ea" parentExecutionId="f287e00f-e799-4ee7-8fb5-9e2e46a9a223" testListId="8c84fa94-04c1-424b-9868-57a2d4851a1d" />
        <TestEntry isTransparent="false" testId="bf67f725-6fb0-4ab5-aaec-325b2ffb0665" executionId="a5a00f6b-3b46-4eb7-a25d-047ef9dec577" parentExecutionId="f287e00f-e799-4ee7-8fb5-9e2e46a9a223" testListId="8c84fa94-04c1-424b-9868-57a2d4851a1d" />
        <TestEntry isTransparent="false" testId="67c5fd96-a999-4909-bd8a-44eb3ad1af60" executionId="e2517d3c-b909-470b-8dc8-9f6f4c6765c7" parentExecutionId="f287e00f-e799-4ee7-8fb5-9e2e46a9a223" testListId="8c84fa94-04c1-424b-9868-57a2d4851a1d" />
      </TestEntries>
    </TestEntry>
  </TestEntries>
  <Results>
    <LoadTestResult executionId="f287e00f-e799-4ee7-8fb5-9e2e46a9a223" testId="d2f9cd4d-2a13-47de-bf37-d7ee81b93b40" testName="AllAdminScenarios100VU" computerName="MISHO-PC" duration="00:10:15" startTime="2014-11-21T12:01:03.2240298+02:00" endTime="2014-11-21T12:11:18.2240298+02:00" testType="fa4c85ff-1236-4463-b954-3ba2f0eabd95" outcome="Completed" testListId="8c84fa94-04c1-424b-9868-57a2d4851a1d" relativeResultsDirectory="f287e00f-e799-4ee7-8fb5-9e2e46a9a223" runId="45" controllerStartTime="2014-11-21T12:01:03.2240298+02:00" runStatus="Stopped" resultsStoreType="Database" resultsRepositoryConnectString="LAs4ogoKlDco3qMEw++m3mGgQZH9earCQXQ0JH4xt4HTGXznPjfJ9Nop4XGK3Bj5XqE/49J+8H3oBjYr4L+MNJCYrp6WoYPG4WxbNlH2C2u9H+TUMf72tw==" loadTestDuration="600" loadTestWarmupTime="15" previouslyViewed="true">
      <AnalyzerViewState>
        <LoadTestRunDescriptor isLegendPanelVisible="true" isOverviewPanelVisible="true" isCounterPanelVisible="true" scrollingGraph="false" minMaxGraph="false" showHorizontalGridOnGraph="true" showThresholdsOnGraph="true" showComparison="false" showZoom="true" lockZoom="true" activeConsoleView="Graph" selectedGraphPanel1="Key Indicators" selectedGraphPanel2="Page Response Time" selectedGraphPanel3="System under Test" selectedGraphPanel4="Controller and Agents" graphPanelLayout="FourGrid" tablePanelLayout="TwoHorizontal" selectedTablePanel1="Tests" selectedTablePanel2="Errors" selectedTablePanel3="Thresholds" selectedTablePanel4="Transactions" controllerName="MISHO-PC" isLocalRun="true" testRunId="fd1cfad5-d0c4-4d55-8dc0-ab01942430cb" repositoryRunId="0">
          <GraphDescriptors>
            <GraphDescriptor graphName="Key Indicators">
              <HorizontalZoomRange lower="-1" upper="-1" />
              <VerticalZoomRange lower="0" upper="100" />
              <PlotDescriptors>
                <PlotDescriptor colorArgb="-65536" lineStyle="0" fixedRange="0" rangeGroup="User Load" showOnGraph="true" isSelected="false">
                  <CounterDescriptor machineName="MISHO-PC" categoryName="LoadTest:Scenario" counterName="User Load" instanceName="_Total" baseInstanceName="_Total" loadTestItemId="-1" />
                </PlotDescriptor>
                <PlotDescriptor colorArgb="-16744448" lineStyle="0" fixedRange="0" rangeGroup="Pages/Sec" showOnGraph="true" isSelected="false">
                  <CounterDescriptor machineName="MISHO-PC" categoryName="LoadTest:Page" counterName="Pages/Sec" instanceName="_Total" baseInstanceName="_Total" loadTestItemId="-1" />
                </PlotDescriptor>
                <PlotDescriptor colorArgb="-16776961" lineStyle="0" fixedRange="0" rangeGroup="Avg. Page Time" showOnGraph="true" isSelected="false">
                  <CounterDescriptor machineName="MISHO-PC" categoryName="LoadTest:Page" counterName="Avg. Page Time" instanceName="_Total" baseInstanceName="_Total" loadTestItemId="-1" />
                </PlotDescriptor>
                <PlotDescriptor colorArgb="-8388480" lineStyle="0" fixedRange="0" rangeGroup="Errors/Sec" showOnGraph="true" isSelected="false">
                  <CounterDescriptor machineName="MISHO-PC" categoryName="LoadTest:Errors" counterName="Errors/Sec" instanceName="_Total" baseInstanceName="_Total" loadTestItemId="-1" />
                </PlotDescriptor>
                <PlotDescriptor colorArgb="-23296" lineStyle="0" fixedRange="0" rangeGroup="Threshold Violations/Sec" showOnGraph="true" isSelected="false">
                  <CounterDescriptor machineName="MISHO-PC" categoryName="LoadTest:Errors" counterName="Threshold Violations/Sec" instanceName="_Total" baseInstanceName="_Total" loadTestItemId="-1" />
                </PlotDescriptor>
                <PlotDescriptor colorArgb="-16744320" lineStyle="0" fixedRange="100" rangeGroup="% Idle Time" showOnGraph="true" isSelected="false">
                  <CounterDescriptor machineName="MISHO-PC" categoryName="PhysicalDisk" counterName="% Idle Time" instanceName="0 C:" baseInstanceName="0 C:" loadTestItemId="-1" />
                </PlotDescriptor>
                <PlotDescriptor colorArgb="-7667712" lineStyle="0" fixedRange="100" rangeGroup="% Idle Time" showOnGraph="true" isSelected="true">
                  <CounterDescriptor machineName="MISHO-PC" categoryName="PhysicalDisk" counterName="% Idle Time" instanceName="_Total" baseInstanceName="_Total" loadTestItemId="-1" />
                </PlotDescriptor>
              </PlotDescriptors>
            </GraphDescriptor>
            <GraphDescriptor graphName="System under Test">
              <HorizontalZoomRange lower="-1" upper="-1" />
              <VerticalZoomRange lower="0" upper="100" />
            </GraphDescriptor>
            <GraphDescriptor graphName="Controller and Agents">
              <HorizontalZoomRange lower="-1" upper="-1" />
              <VerticalZoomRange lower="0" upper="100" />
              <PlotDescriptors>
                <PlotDescriptor colorArgb="-65536" lineStyle="0" fixedRange="100" rangeGroup="% Processor Time" showOnGraph="true" isSelected="false">
                  <CounterDescriptor machineName="MISHO-PC" categoryName="Processor" counterName="% Processor Time" instanceName="0" baseInstanceName="0" loadTestItemId="-1" />
                </PlotDescriptor>
                <PlotDescriptor colorArgb="-16744448" lineStyle="0" fixedRange="0" rangeGroup="Memory Bytes" showOnGraph="true" isSelected="false">
                  <CounterDescriptor machineName="MISHO-PC" categoryName="Memory" counterName="Available MBytes" instanceName="systemdiagnosticsperfcounterlibsingleinstance" baseInstanceName="systemdiagnosticsperfcounterlibsingleinstance" loadTestItemId="-1" />
                </PlotDescriptor>
              </PlotDescriptors>
            </GraphDescriptor>
            <GraphDescriptor graphName="Test Response Time">
              <HorizontalZoomRange lower="-1" upper="-1" />
              <VerticalZoomRange lower="0" upper="565" />
              <PlotDescriptors>
                <PlotDescriptor colorArgb="-65536" lineStyle="0" fixedRange="565" rangeGroup="Avg. Test Time" showOnGraph="true" isSelected="false" counterMetadata="ViewSchools;100VU">
                  <CounterDescriptor machineName="MISHO-PC" categoryName="LoadTest:Test" counterName="Avg. Test Time" instanceName="ViewSchools(010)" baseInstanceName="ViewSchools" loadTestItemId="10" />
                </PlotDescriptor>
                <PlotDescriptor colorArgb="-16744448" lineStyle="0" fixedRange="565" rangeGroup="Avg. Test Time" showOnGraph="true" isSelected="false" counterMetadata="ViewCandidates;100VU">
                  <CounterDescriptor machineName="MISHO-PC" categoryName="LoadTest:Test" counterName="Avg. Test Time" instanceName="ViewCandidates(009)" baseInstanceName="ViewCandidates" loadTestItemId="9" />
                </PlotDescriptor>
                <PlotDescriptor colorArgb="-16776961" lineStyle="0" fixedRange="565" rangeGroup="Avg. Test Time" showOnGraph="true" isSelected="false" counterMetadata="CreateEntryTestCoded;100VU">
                  <CounterDescriptor machineName="MISHO-PC" categoryName="LoadTest:Test" counterName="Avg. Test Time" instanceName="CreateEntryTestCoded(002)" baseInstanceName="CreateEntryTestCoded" loadTestItemId="2" />
                </PlotDescriptor>
                <PlotDescriptor colorArgb="-8388480" lineStyle="0" fixedRange="565" rangeGroup="Avg. Test Time" showOnGraph="true" isSelected="false" counterMetadata="ViewOfficialHolidays;100VU">
                  <CounterDescriptor machineName="MISHO-PC" categoryName="LoadTest:Test" counterName="Avg. Test Time" instanceName="ViewOfficialHolidays(011)" baseInstanceName="ViewOfficialHolidays" loadTestItemId="11" />
                </PlotDescriptor>
                <PlotDescriptor colorArgb="-23296" lineStyle="0" fixedRange="565" rangeGroup="Avg. Test Time" showOnGraph="true" isSelected="false" counterMetadata="CreateEventCoded;100VU">
                  <CounterDescriptor machineName="MISHO-PC" categoryName="LoadTest:Test" counterName="Avg. Test Time" instanceName="CreateEventCoded(003)" baseInstanceName="CreateEventCoded" loadTestItemId="3" />
                </PlotDescriptor>
                <PlotDescriptor colorArgb="-16744320" lineStyle="0" fixedRange="565" rangeGroup="Avg. Test Time" showOnGraph="true" isSelected="false" counterMetadata="AdminCalendar;100VU">
                  <CounterDescriptor machineName="MISHO-PC" categoryName="LoadTest:Test" counterName="Avg. Test Time" instanceName="AdminCalendar(000)" baseInstanceName="AdminCalendar" loadTestItemId="0" />
                </PlotDescriptor>
                <PlotDescriptor colorArgb="-7667712" lineStyle="0" fixedRange="565" rangeGroup="Avg. Test Time" showOnGraph="true" isSelected="false" counterMetadata="CreateNewSchoolTypeCoded;100VU">
                  <CounterDescriptor machineName="MISHO-PC" categoryName="LoadTest:Test" counterName="Avg. Test Time" instanceName="CreateNewSchoolTypeCoded(004)" baseInstanceName="CreateNewSchoolTypeCoded" loadTestItemId="4" />
                </PlotDescriptor>
                <PlotDescriptor colorArgb="-16751616" lineStyle="0" fixedRange="565" rangeGroup="Avg. Test Time" showOnGraph="true" isSelected="false" counterMetadata="CreateContestCoded;100VU">
                  <CounterDescriptor machineName="MISHO-PC" categoryName="LoadTest:Test" counterName="Avg. Test Time" instanceName="CreateContestCoded(001)" baseInstanceName="CreateContestCoded" loadTestItemId="1" />
                </PlotDescriptor>
                <PlotDescriptor colorArgb="-16777077" lineStyle="0" fixedRange="565" rangeGroup="Avg. Test Time" showOnGraph="true" isSelected="false" counterMetadata="RegisterKidInSchoolCoded;100VU">
                  <CounterDescriptor machineName="MISHO-PC" categoryName="LoadTest:Test" counterName="Avg. Test Time" instanceName="RegisterKidInSchoolCoded(007)" baseInstanceName="RegisterKidInSchoolCoded" loadTestItemId="7" />
                </PlotDescriptor>
                <PlotDescriptor colorArgb="-16741493" lineStyle="0" fixedRange="565" rangeGroup="Avg. Test Time" showOnGraph="true" isSelected="false" counterMetadata="DownloadAll;100VU">
                  <CounterDescriptor machineName="MISHO-PC" categoryName="LoadTest:Test" counterName="Avg. Test Time" instanceName="DownloadAll(005)" baseInstanceName="DownloadAll" loadTestItemId="5" />
                </PlotDescriptor>
                <PlotDescriptor colorArgb="-5383962" lineStyle="0" fixedRange="565" rangeGroup="Avg. Test Time" showOnGraph="true" isSelected="false" counterMetadata="MoveLectureCoded;100VU">
                  <CounterDescriptor machineName="MISHO-PC" categoryName="LoadTest:Test" counterName="Avg. Test Time" instanceName="MoveLectureCoded(006)" baseInstanceName="MoveLectureCoded" loadTestItemId="6" />
                </PlotDescriptor>
                <PlotDescriptor colorArgb="-7278960" lineStyle="0" fixedRange="565" rangeGroup="Avg. Test Time" showOnGraph="true" isSelected="false" counterMetadata="TeacherKidsInSchoolCoded;100VU">
                  <CounterDescriptor machineName="MISHO-PC" categoryName="LoadTest:Test" counterName="Avg. Test Time" instanceName="TeacherKidsInSchoolCoded(008)" baseInstanceName="TeacherKidsInSchoolCoded" loadTestItemId="8" />
                </PlotDescriptor>
              </PlotDescriptors>
            </GraphDescriptor>
            <GraphDescriptor graphName="Transaction Response Time">
              <HorizontalZoomRange lower="-1" upper="-1" />
              <VerticalZoomRange lower="0" upper="100" />
            </GraphDescriptor>
            <GraphDescriptor graphName="Page Response Time">
              <HorizontalZoomRange lower="-1" upper="-1" />
              <VerticalZoomRange lower="0" upper="371" />
              <PlotDescriptors>
                <PlotDescriptor colorArgb="-65536" lineStyle="0" fixedRange="371" rangeGroup="Avg. Page Time" showOnGraph="true" isSelected="false" counterMetadata="ViewCandidates;100VU;http://test.telerikacademy.com/----{GET}">
                  <CounterDescriptor machineName="MISHO-PC" categoryName="LoadTest:Page" counterName="Avg. Page Time" instanceName="test-telerikacademy-com{GET}(001)" baseInstanceName="test-telerikacademy-com{GET}" loadTestItemId="1" />
                </PlotDescriptor>
                <PlotDescriptor colorArgb="-16744448" lineStyle="0" fixedRange="371" rangeGroup="Avg. Page Time" showOnGraph="true" isSelected="false" counterMetadata="CreateNewSchoolTypeCoded;100VU;http://test.telerikacademy.com/----{GET}">
                  <CounterDescriptor machineName="MISHO-PC" categoryName="LoadTest:Page" counterName="Avg. Page Time" instanceName="test-telerikacademy-com{GET}(006)" baseInstanceName="test-telerikacademy-com{GET}" loadTestItemId="6" />
                </PlotDescriptor>
                <PlotDescriptor colorArgb="-16776961" lineStyle="0" fixedRange="371" rangeGroup="Avg. Page Time" showOnGraph="true" isSelected="false" counterMetadata="ViewSchools;100VU;http://test.telerikacademy.com/----{GET}">
                  <CounterDescriptor machineName="MISHO-PC" categoryName="LoadTest:Page" counterName="Avg. Page Time" instanceName="test-telerikacademy-com{GET}(000)" baseInstanceName="test-telerikacademy-com{GET}" loadTestItemId="0" />
                </PlotDescriptor>
                <PlotDescriptor colorArgb="-8388480" lineStyle="0" fixedRange="371" rangeGroup="Avg. Page Time" showOnGraph="true" isSelected="false" counterMetadata="AdminCalendar;100VU;http://test.telerikacademy.com/----{GET}">
                  <CounterDescriptor machineName="MISHO-PC" categoryName="LoadTest:Page" counterName="Avg. Page Time" instanceName="test-telerikacademy-com{GET}(005)" baseInstanceName="test-telerikacademy-com{GET}" loadTestItemId="5" />
                </PlotDescriptor>
                <PlotDescriptor colorArgb="-23296" lineStyle="0" fixedRange="371" rangeGroup="Avg. Page Time" showOnGraph="true" isSelected="false" counterMetadata="ViewOfficialHolidays;100VU;http://test.telerikacademy.com/----{GET}">
                  <CounterDescriptor machineName="MISHO-PC" categoryName="LoadTest:Page" counterName="Avg. Page Time" instanceName="test-telerikacademy-com{GET}(003)" baseInstanceName="test-telerikacademy-com{GET}" loadTestItemId="3" />
                </PlotDescriptor>
                <PlotDescriptor colorArgb="-16744320" lineStyle="0" fixedRange="371" rangeGroup="Avg. Page Time" showOnGraph="true" isSelected="false" counterMetadata="ViewSchools;100VU;http://test.telerikacademy.com/Users/Auth/Login----{GET}">
                  <CounterDescriptor machineName="MISHO-PC" categoryName="LoadTest:Page" counterName="Avg. Page Time" instanceName="Login{GET}(214)" baseInstanceName="Login{GET}" loadTestItemId="214" />
                </PlotDescriptor>
                <PlotDescriptor colorArgb="-7667712" lineStyle="0" fixedRange="371" rangeGroup="Avg. Page Time" showOnGraph="true" isSelected="false" counterMetadata="RegisterKidInSchoolCoded;100VU;http://test.telerikacademy.com/----{GET}">
                  <CounterDescriptor machineName="MISHO-PC" categoryName="LoadTest:Page" counterName="Avg. Page Time" instanceName="test-telerikacademy-com{GET}(127)" baseInstanceName="test-telerikacademy-com{GET}" loadTestItemId="127" />
                </PlotDescriptor>
                <PlotDescriptor colorArgb="-16751616" lineStyle="0" fixedRange="371" rangeGroup="Avg. Page Time" showOnGraph="true" isSelected="false" counterMetadata="ViewCandidates;100VU;http://test.telerikacademy.com/Users/Auth/Login----{GET}">
                  <CounterDescriptor machineName="MISHO-PC" categoryName="LoadTest:Page" counterName="Avg. Page Time" instanceName="Login{GET}(210)" baseInstanceName="Login{GET}" loadTestItemId="210" />
                </PlotDescriptor>
                <PlotDescriptor colorArgb="-16777077" lineStyle="0" fixedRange="371" rangeGroup="Avg. Page Time" showOnGraph="true" isSelected="false" counterMetadata="RegisterKidInSchoolCoded;100VU;http://test.telerikacademy.com/Users/Auth/Login----{GET}">
                  <CounterDescriptor machineName="MISHO-PC" categoryName="LoadTest:Page" counterName="Avg. Page Time" instanceName="Login{GET}(230)" baseInstanceName="Login{GET}" loadTestItemId="230" />
                </PlotDescriptor>
                <PlotDescriptor colorArgb="-16741493" lineStyle="0" fixedRange="371" rangeGroup="Avg. Page Time" showOnGraph="true" isSelected="false" counterMetadata="CreateNewSchoolTypeCoded;100VU;http://test.telerikacademy.com/Users/Auth/Login----{GET}">
                  <CounterDescriptor machineName="MISHO-PC" categoryName="LoadTest:Page" counterName="Avg. Page Time" instanceName="Login{GET}(209)" baseInstanceName="Login{GET}" loadTestItemId="209" />
                </PlotDescriptor>
                <PlotDescriptor colorArgb="-5383962" lineStyle="0" fixedRange="371" rangeGroup="Avg. Page Time" showOnGraph="true" isSelected="false" counterMetadata="DownloadAll;100VU;http://test.telerikacademy.com/----{GET}">
                  <CounterDescriptor machineName="MISHO-PC" categoryName="LoadTest:Page" counterName="Avg. Page Time" instanceName="test-telerikacademy-com{GET}(148)" baseInstanceName="test-telerikacademy-com{GET}" loadTestItemId="148" />
                </PlotDescriptor>
                <PlotDescriptor colorArgb="-7278960" lineStyle="0" fixedRange="371" rangeGroup="Avg. Page Time" showOnGraph="true" isSelected="false" counterMetadata="CreateEventCoded;100VU;http://test.telerikacademy.com/----{GET}">
                  <CounterDescriptor machineName="MISHO-PC" categoryName="LoadTest:Page" counterName="Avg. Page Time" instanceName="test-telerikacademy-com{GET}(004)" baseInstanceName="test-telerikacademy-com{GET}" loadTestItemId="4" />
                </PlotDescriptor>
                <PlotDescriptor colorArgb="-38476" lineStyle="0" fixedRange="371" rangeGroup="Avg. Page Time" showOnGraph="true" isSelected="false" counterMetadata="TeacherKidsInSchoolCoded;100VU;http://test.telerikacademy.com/----{GET}">
                  <CounterDescriptor machineName="MISHO-PC" categoryName="LoadTest:Page" counterName="Avg. Page Time" instanceName="test-telerikacademy-com{GET}(187)" baseInstanceName="test-telerikacademy-com{GET}" loadTestItemId="187" />
                </PlotDescriptor>
                <PlotDescriptor colorArgb="-10496" lineStyle="0" fixedRange="371" rangeGroup="Avg. Page Time" showOnGraph="true" isSelected="false" counterMetadata="ViewOfficialHolidays;100VU;http://test.telerikacademy.com/Users/Auth/Login----{GET}">
                  <CounterDescriptor machineName="MISHO-PC" categoryName="LoadTest:Page" counterName="Avg. Page Time" instanceName="Login{GET}(225)" baseInstanceName="Login{GET}" loadTestItemId="225" />
                </PlotDescriptor>
                <PlotDescriptor colorArgb="-16777216" lineStyle="0" fixedRange="371" rangeGroup="Avg. Page Time" showOnGraph="true" isSelected="false" counterMetadata="TeacherKidsInSchoolCoded;100VU;http://test.telerikacademy.com/Users/Auth/Login----{GET}">
                  <CounterDescriptor machineName="MISHO-PC" categoryName="LoadTest:Page" counterName="Avg. Page Time" instanceName="Login{GET}(242)" baseInstanceName="Login{GET}" loadTestItemId="242" />
                </PlotDescriptor>
                <PlotDescriptor colorArgb="-65536" lineStyle="0" fixedRange="371" rangeGroup="Avg. Page Time" showOnGraph="true" isSelected="false" counterMetadata="AdminCalendar;100VU;http://test.telerikacademy.com/Users/Auth/Login----{GET}">
                  <CounterDescriptor machineName="MISHO-PC" categoryName="LoadTest:Page" counterName="Avg. Page Time" instanceName="Login{GET}(217)" baseInstanceName="Login{GET}" loadTestItemId="217" />
                </PlotDescriptor>
                <PlotDescriptor colorArgb="-16744448" lineStyle="0" fixedRange="371" rangeGroup="Avg. Page Time" showOnGraph="true" isSelected="false" counterMetadata="RegisterKidInSchoolCoded;100VU;http://test.telerikacademy.com/Users/Auth/Login----{POST}">
                  <CounterDescriptor machineName="MISHO-PC" categoryName="LoadTest:Page" counterName="Avg. Page Time" instanceName="Login{POST}(235)" baseInstanceName="Login{POST}" loadTestItemId="235" />
                </PlotDescriptor>
                <PlotDescriptor colorArgb="-16776961" lineStyle="0" fixedRange="371" rangeGroup="Avg. Page Time" showOnGraph="true" isSelected="false" counterMetadata="CreateContestCoded;100VU;http://test.telerikacademy.com/----{GET}">
                  <CounterDescriptor machineName="MISHO-PC" categoryName="LoadTest:Page" counterName="Avg. Page Time" instanceName="test-telerikacademy-com{GET}(082)" baseInstanceName="test-telerikacademy-com{GET}" loadTestItemId="82" />
                </PlotDescriptor>
                <PlotDescriptor colorArgb="-8388480" lineStyle="0" fixedRange="371" rangeGroup="Avg. Page Time" showOnGraph="true" isSelected="false" counterMetadata="CreateEntryTestCoded;100VU;http://test.telerikacademy.com/----{GET}">
                  <CounterDescriptor machineName="MISHO-PC" categoryName="LoadTest:Page" counterName="Avg. Page Time" instanceName="test-telerikacademy-com{GET}(002)" baseInstanceName="test-telerikacademy-com{GET}" loadTestItemId="2" />
                </PlotDescriptor>
                <PlotDescriptor colorArgb="-23296" lineStyle="0" fixedRange="371" rangeGroup="Avg. Page Time" showOnGraph="true" isSelected="false" counterMetadata="AdminCalendar;100VU;http://test.telerikacademy.com/Users/Auth/Login----{POST}">
                  <CounterDescriptor machineName="MISHO-PC" categoryName="LoadTest:Page" counterName="Avg. Page Time" instanceName="Login{POST}(247)" baseInstanceName="Login{POST}" loadTestItemId="247" />
                </PlotDescriptor>
                <PlotDescriptor colorArgb="-16744320" lineStyle="0" fixedRange="371" rangeGroup="Avg. Page Time" showOnGraph="true" isSelected="false" counterMetadata="CreateContestCoded;100VU;http://test.telerikacademy.com/Users/Auth/Login----{GET}">
                  <CounterDescriptor machineName="MISHO-PC" categoryName="LoadTest:Page" counterName="Avg. Page Time" instanceName="Login{GET}(250)" baseInstanceName="Login{GET}" loadTestItemId="250" />
                </PlotDescriptor>
                <PlotDescriptor colorArgb="-7667712" lineStyle="0" fixedRange="371" rangeGroup="Avg. Page Time" showOnGraph="true" isSelected="false" counterMetadata="RegisterKidInSchoolCoded;100VU;http://test.telerikacademy.com/Administration/Navigation----{GET}">
                  <CounterDescriptor machineName="MISHO-PC" categoryName="LoadTest:Page" counterName="Avg. Page Time" instanceName="Navigation{GET}(249)" baseInstanceName="Navigation{GET}" loadTestItemId="249" />
                </PlotDescriptor>
                <PlotDescriptor colorArgb="-16751616" lineStyle="0" fixedRange="371" rangeGroup="Avg. Page Time" showOnGraph="true" isSelected="false" counterMetadata="DownloadAll;100VU;http://test.telerikacademy.com/Users/Auth/Login----{GET}">
                  <CounterDescriptor machineName="MISHO-PC" categoryName="LoadTest:Page" counterName="Avg. Page Time" instanceName="Login{GET}(232)" baseInstanceName="Login{GET}" loadTestItemId="232" />
                </PlotDescriptor>
                <PlotDescriptor colorArgb="-16777077" lineStyle="0" fixedRange="371" rangeGroup="Avg. Page Time" showOnGraph="true" isSelected="false" counterMetadata="ViewOfficialHolidays;100VU;http://test.telerikacademy.com/Users/Auth/Login----{POST}">
                  <CounterDescriptor machineName="MISHO-PC" categoryName="LoadTest:Page" counterName="Avg. Page Time" instanceName="Login{POST}(253)" baseInstanceName="Login{POST}" loadTestItemId="253" />
                </PlotDescriptor>
                <PlotDescriptor colorArgb="-16741493" lineStyle="0" fixedRange="371" rangeGroup="Avg. Page Time" showOnGraph="true" isSelected="false" counterMetadata="CreateEntryTestCoded;100VU;http://test.telerikacademy.com/Users/Auth/Login----{GET}">
                  <CounterDescriptor machineName="MISHO-PC" categoryName="LoadTest:Page" counterName="Avg. Page Time" instanceName="Login{GET}(298)" baseInstanceName="Login{GET}" loadTestItemId="298" />
                </PlotDescriptor>
                <PlotDescriptor colorArgb="-5383962" lineStyle="0" fixedRange="371" rangeGroup="Avg. Page Time" showOnGraph="true" isSelected="false" counterMetadata="MoveLectureCoded;100VU;http://test.telerikacademy.com/----{GET}">
                  <CounterDescriptor machineName="MISHO-PC" categoryName="LoadTest:Page" counterName="Avg. Page Time" instanceName="test-telerikacademy-com{GET}(155)" baseInstanceName="test-telerikacademy-com{GET}" loadTestItemId="155" />
                </PlotDescriptor>
                <PlotDescriptor colorArgb="-7278960" lineStyle="0" fixedRange="371" rangeGroup="Avg. Page Time" showOnGraph="true" isSelected="false" counterMetadata="RegisterKidInSchoolCoded;100VU;http://test.telerikacademy.com/KidsAcademy/AdministrationUsersInKidsSchools----{GET}">
                  <CounterDescriptor machineName="MISHO-PC" categoryName="LoadTest:Page" counterName="Avg. Page Time" instanceName="AdministrationUsersInKidsSchools{GET}(345)" baseInstanceName="AdministrationUsersInKidsSchools{GET}" loadTestItemId="345" />
                </PlotDescriptor>
                <PlotDescriptor colorArgb="-38476" lineStyle="0" fixedRange="371" rangeGroup="Avg. Page Time" showOnGraph="true" isSelected="false" counterMetadata="RegisterKidInSchoolCoded;100VU;http://test.telerikacademy.com/KidsAcademy/AdministrationUsersInKidsSchools/UserInKidsSchoolCreate----{POST}">
                  <CounterDescriptor machineName="MISHO-PC" categoryName="LoadTest:Page" counterName="Avg. Page Time" instanceName="UserInKidsSchoolCreate{POST}(398)" baseInstanceName="UserInKidsSchoolCreate{POST}" loadTestItemId="398" />
                </PlotDescriptor>
                <PlotDescriptor colorArgb="-10496" lineStyle="0" fixedRange="371" rangeGroup="Avg. Page Time" showOnGraph="true" isSelected="false" counterMetadata="ViewOfficialHolidays;100VU;http://test.telerikacademy.com/Administration/Navigation----{GET}">
                  <CounterDescriptor machineName="MISHO-PC" categoryName="LoadTest:Page" counterName="Avg. Page Time" instanceName="Navigation{GET}(347)" baseInstanceName="Navigation{GET}" loadTestItemId="347" />
                </PlotDescriptor>
                <PlotDescriptor colorArgb="-16777216" lineStyle="0" fixedRange="371" rangeGroup="Avg. Page Time" showOnGraph="true" isSelected="false" counterMetadata="CreateContestCoded;100VU;http://test.telerikacademy.com/Users/Auth/Login----{POST}">
                  <CounterDescriptor machineName="MISHO-PC" categoryName="LoadTest:Page" counterName="Avg. Page Time" instanceName="Login{POST}(352)" baseInstanceName="Login{POST}" loadTestItemId="352" />
                </PlotDescriptor>
                <PlotDescriptor colorArgb="-65536" lineStyle="0" fixedRange="371" rangeGroup="Avg. Page Time" showOnGraph="true" isSelected="false" counterMetadata="ViewCandidates;100VU;http://test.telerikacademy.com/Users/Auth/Login----{POST}">
                  <CounterDescriptor machineName="MISHO-PC" categoryName="LoadTest:Page" counterName="Avg. Page Time" instanceName="Login{POST}(231)" baseInstanceName="Login{POST}" loadTestItemId="231" />
                </PlotDescriptor>
                <PlotDescriptor colorArgb="-16744448" lineStyle="0" fixedRange="371" rangeGroup="Avg. Page Time" showOnGraph="true" isSelected="false" counterMetadata="ViewSchools;100VU;http://test.telerikacademy.com/Users/Auth/Login----{POST}">
                  <CounterDescriptor machineName="MISHO-PC" categoryName="LoadTest:Page" counterName="Avg. Page Time" instanceName="Login{POST}(220)" baseInstanceName="Login{POST}" loadTestItemId="220" />
                </PlotDescriptor>
                <PlotDescriptor colorArgb="-16776961" lineStyle="0" fixedRange="371" rangeGroup="Avg. Page Time" showOnGraph="true" isSelected="false" counterMetadata="CreateNewSchoolTypeCoded;100VU;http://test.telerikacademy.com/Users/Auth/Login----{POST}">
                  <CounterDescriptor machineName="MISHO-PC" categoryName="LoadTest:Page" counterName="Avg. Page Time" instanceName="Login{POST}(240)" baseInstanceName="Login{POST}" loadTestItemId="240" />
                </PlotDescriptor>
                <PlotDescriptor colorArgb="-8388480" lineStyle="0" fixedRange="371" rangeGroup="Avg. Page Time" showOnGraph="true" isSelected="false" counterMetadata="CreateContestCoded;100VU;http://test.telerikacademy.com/Administration/Navigation----{GET}">
                  <CounterDescriptor machineName="MISHO-PC" categoryName="LoadTest:Page" counterName="Avg. Page Time" instanceName="Navigation{GET}(419)" baseInstanceName="Navigation{GET}" loadTestItemId="419" />
                </PlotDescriptor>
                <PlotDescriptor colorArgb="-23296" lineStyle="0" fixedRange="371" rangeGroup="Avg. Page Time" showOnGraph="true" isSelected="false" counterMetadata="CreateNewSchoolTypeCoded;100VU;http://test.telerikacademy.com/Administration/Navigation----{GET}">
                  <CounterDescriptor machineName="MISHO-PC" categoryName="LoadTest:Page" counterName="Avg. Page Time" instanceName="Navigation{GET}(453)" baseInstanceName="Navigation{GET}" loadTestItemId="453" />
                </PlotDescriptor>
                <PlotDescriptor colorArgb="-16744320" lineStyle="0" fixedRange="371" rangeGroup="Avg. Page Time" showOnGraph="true" isSelected="false" counterMetadata="RegisterKidInSchoolCoded;100VU;http://test.telerikacademy.com/KidsAcademy/AdministrationUsersInKidsSchools/UsersInKidsSchoolsRead----{POST}">
                  <CounterDescriptor machineName="MISHO-PC" categoryName="LoadTest:Page" counterName="Avg. Page Time" instanceName="UsersInKidsSchoolsRead{POST}(394)" baseInstanceName="UsersInKidsSchoolsRead{POST}" loadTestItemId="394" />
                </PlotDescriptor>
                <PlotDescriptor colorArgb="-7667712" lineStyle="0" fixedRange="371" rangeGroup="Avg. Page Time" showOnGraph="true" isSelected="false" counterMetadata="ViewCandidates;100VU;http://test.telerikacademy.com/Administration/Navigation----{GET}">
                  <CounterDescriptor machineName="MISHO-PC" categoryName="LoadTest:Page" counterName="Avg. Page Time" instanceName="Navigation{GET}(410)" baseInstanceName="Navigation{GET}" loadTestItemId="410" />
                </PlotDescriptor>
                <PlotDescriptor colorArgb="-16751616" lineStyle="0" fixedRange="371" rangeGroup="Avg. Page Time" showOnGraph="true" isSelected="false" counterMetadata="DownloadAll;100VU;http://test.telerikacademy.com/Users/Auth/Login----{POST}">
                  <CounterDescriptor machineName="MISHO-PC" categoryName="LoadTest:Page" counterName="Avg. Page Time" instanceName="Login{POST}(350)" baseInstanceName="Login{POST}" loadTestItemId="350" />
                </PlotDescriptor>
                <PlotDescriptor colorArgb="-16777077" lineStyle="0" fixedRange="371" rangeGroup="Avg. Page Time" showOnGraph="true" isSelected="false" counterMetadata="ViewCandidates;100VU;http://test.telerikacademy.com/KidsAcademy/AdministrationCandidates----{GET}">
                  <CounterDescriptor machineName="MISHO-PC" categoryName="LoadTest:Page" counterName="Avg. Page Time" instanceName="AdministrationCandidates{GET}(576)" baseInstanceName="AdministrationCandidates{GET}" loadTestItemId="576" />
                </PlotDescriptor>
                <PlotDescriptor colorArgb="-16741493" lineStyle="0" fixedRange="371" rangeGroup="Avg. Page Time" showOnGraph="true" isSelected="false" counterMetadata="CreateContestCoded;100VU;http://test.telerikacademy.com/KidsAcademy/AdministrationKidsCompetitions----{GET}">
                  <CounterDescriptor machineName="MISHO-PC" categoryName="LoadTest:Page" counterName="Avg. Page Time" instanceName="AdministrationKidsCompetitions{GET}(496)" baseInstanceName="AdministrationKidsCompetitions{GET}" loadTestItemId="496" />
                </PlotDescriptor>
                <PlotDescriptor colorArgb="-5383962" lineStyle="0" fixedRange="371" rangeGroup="Avg. Page Time" showOnGraph="true" isSelected="false" counterMetadata="CreateContestCoded;100VU;http://test.telerikacademy.com/KidsAcademy/AdministrationKidsCompetitions/CreateKidsCompetition----{POST}">
                  <CounterDescriptor machineName="MISHO-PC" categoryName="LoadTest:Page" counterName="Avg. Page Time" instanceName="CreateKidsCompetition{POST}(628)" baseInstanceName="CreateKidsCompetition{POST}" loadTestItemId="628" />
                </PlotDescriptor>
                <PlotDescriptor colorArgb="-7278960" lineStyle="0" fixedRange="371" rangeGroup="Avg. Page Time" showOnGraph="true" isSelected="false" counterMetadata="RegisterKidInSchoolCoded;100VU;http://test.telerikacademy.com/KidsAcademy/TeacherAdministrationUsersInKidsSchool/UserInKidsSchoolDestroy----{POST}">
                  <CounterDescriptor machineName="MISHO-PC" categoryName="LoadTest:Page" counterName="Avg. Page Time" instanceName="UserInKidsSchoolDestroy{POST}(629)" baseInstanceName="UserInKidsSchoolDestroy{POST}" loadTestItemId="629" />
                </PlotDescriptor>
                <PlotDescriptor colorArgb="-38476" lineStyle="0" fixedRange="371" rangeGroup="Avg. Page Time" showOnGraph="true" isSelected="false" counterMetadata="ViewCandidates;100VU;http://test.telerikacademy.com/Users/Auth/LogOut----{GET}">
                  <CounterDescriptor machineName="MISHO-PC" categoryName="LoadTest:Page" counterName="Avg. Page Time" instanceName="LogOut{GET}(602)" baseInstanceName="LogOut{GET}" loadTestItemId="602" />
                </PlotDescriptor>
                <PlotDescriptor colorArgb="-10496" lineStyle="0" fixedRange="371" rangeGroup="Avg. Page Time" showOnGraph="true" isSelected="false" counterMetadata="CreateEntryTestCoded;100VU;http://test.telerikacademy.com/Users/Auth/Login----{POST}">
                  <CounterDescriptor machineName="MISHO-PC" categoryName="LoadTest:Page" counterName="Avg. Page Time" instanceName="Login{POST}(354)" baseInstanceName="Login{POST}" loadTestItemId="354" />
                </PlotDescriptor>
                <PlotDescriptor colorArgb="-16777216" lineStyle="0" fixedRange="371" rangeGroup="Avg. Page Time" showOnGraph="true" isSelected="false" counterMetadata="RegisterKidInSchoolCoded;100VU;http://test.telerikacademy.com/Users/Auth/LogOut----{GET}">
                  <CounterDescriptor machineName="MISHO-PC" categoryName="LoadTest:Page" counterName="Avg. Page Time" instanceName="LogOut{GET}(641)" baseInstanceName="LogOut{GET}" loadTestItemId="641" />
                </PlotDescriptor>
                <PlotDescriptor colorArgb="-65536" lineStyle="0" fixedRange="371" rangeGroup="Avg. Page Time" showOnGraph="true" isSelected="false" counterMetadata="CreateNewSchoolTypeCoded;100VU;http://test.telerikacademy.com/KidsAcademy/AdministrationKidsSchoolsTypes----{GET}">
                  <CounterDescriptor machineName="MISHO-PC" categoryName="LoadTest:Page" counterName="Avg. Page Time" instanceName="AdministrationKidsSchoolsTypes{GET}(626)" baseInstanceName="AdministrationKidsSchoolsTypes{GET}" loadTestItemId="626" />
                </PlotDescriptor>
                <PlotDescriptor colorArgb="-16744448" lineStyle="0" fixedRange="371" rangeGroup="Avg. Page Time" showOnGraph="true" isSelected="false" counterMetadata="CreateNewSchoolTypeCoded;100VU;http://test.telerikacademy.com/KidsAcademy/AdministrationKidsSchoolsTypes/KidsSchoolsTypeCreate----{POST}">
                  <CounterDescriptor machineName="MISHO-PC" categoryName="LoadTest:Page" counterName="Avg. Page Time" instanceName="KidsSchoolsTypeCreate{POST}(643)" baseInstanceName="KidsSchoolsTypeCreate{POST}" loadTestItemId="643" />
                </PlotDescriptor>
                <PlotDescriptor colorArgb="-16776961" lineStyle="0" fixedRange="371" rangeGroup="Avg. Page Time" showOnGraph="true" isSelected="false" counterMetadata="TeacherKidsInSchoolCoded;100VU;http://test.telerikacademy.com/Users/Auth/Login----{POST}">
                  <CounterDescriptor machineName="MISHO-PC" categoryName="LoadTest:Page" counterName="Avg. Page Time" instanceName="Login{POST}(353)" baseInstanceName="Login{POST}" loadTestItemId="353" />
                </PlotDescriptor>
                <PlotDescriptor colorArgb="-8388480" lineStyle="0" fixedRange="371" rangeGroup="Avg. Page Time" showOnGraph="true" isSelected="false" counterMetadata="TeacherKidsInSchoolCoded;100VU;http://test.telerikacademy.com/KidsAcademy/AdministrationPanel/Index/8----{GET}">
                  <CounterDescriptor machineName="MISHO-PC" categoryName="LoadTest:Page" counterName="Avg. Page Time" instanceName="8{GET}(646)" baseInstanceName="8{GET}" loadTestItemId="646" />
                </PlotDescriptor>
                <PlotDescriptor colorArgb="-23296" lineStyle="0" fixedRange="371" rangeGroup="Avg. Page Time" showOnGraph="true" isSelected="false" counterMetadata="CreateEntryTestCoded;100VU;http://test.telerikacademy.com/Administration/Navigation----{GET}">
                  <CounterDescriptor machineName="MISHO-PC" categoryName="LoadTest:Page" counterName="Avg. Page Time" instanceName="Navigation{GET}(631)" baseInstanceName="Navigation{GET}" loadTestItemId="631" />
                </PlotDescriptor>
              </PlotDescriptors>
            </GraphDescriptor>
          </GraphDescriptors>
        </LoadTestRunDescriptor>
      </AnalyzerViewState>
      <Summary>
        <PerformanceCounterResults>
          <PerformanceCounterResult isOverallResultCounter="true" higherIsBetter="true" machineName="MISHO-PC" categoryName="LoadTest:Scenario" counterName="User Load" instanceName="_Total" value="100" />
          <PerformanceCounterResult isOverallResultCounter="true" higherIsBetter="true" machineName="MISHO-PC" categoryName="LoadTest:Test" counterName="Total Tests" instanceName="_Total" value="242" />
          <PerformanceCounterResult isOverallResultCounter="true" higherIsBetter="false" machineName="MISHO-PC" categoryName="LoadTest:Test" counterName="Failed Tests" instanceName="_Total" value="62" />
          <PerformanceCounterResult isOverallResultCounter="true" higherIsBetter="true" machineName="MISHO-PC" categoryName="LoadTest:Test" counterName="Tests/Sec" instanceName="_Total" value="0.403333336" />
          <PerformanceCounterResult isOverallResultCounter="true" higherIsBetter="false" machineName="MISHO-PC" categoryName="LoadTest:Test" counterName="Avg. Test Time" instanceName="_Total" value="167.168411" />
          <PerformanceCounterResult isOverallResultCounter="true" higherIsBetter="true" machineName="MISHO-PC" categoryName="LoadTest:Request" counterName="Total Requests" instanceName="_Total" value="33534" />
          <PerformanceCounterResult isOverallResultCounter="true" higherIsBetter="false" machineName="MISHO-PC" categoryName="LoadTest:Request" counterName="Failed Requests" instanceName="_Total" value="99" />
          <PerformanceCounterResult isOverallResultCounter="true" higherIsBetter="true" machineName="MISHO-PC" categoryName="LoadTest:Request" counterName="Cached Requests" instanceName="_Total" value="9362" />
          <PerformanceCounterResult isOverallResultCounter="true" higherIsBetter="true" machineName="MISHO-PC" categoryName="LoadTest:Request" counterName="Requests/Sec" instanceName="_Total" value="55.89" />
          <PerformanceCounterResult isOverallResultCounter="true" higherIsBetter="false" machineName="MISHO-PC" categoryName="LoadTest:Request" counterName="Avg. Response Time" instanceName="_Total" value="1.93704" />
          <PerformanceCounterResult isOverallResultCounter="false" higherIsBetter="false" machineName="MISHO-PC" categoryName="Processor" counterName="% Processor Time" instanceName="_Total" value="9.461111" />
          <PerformanceCounterResult isOverallResultCounter="false" higherIsBetter="true" machineName="MISHO-PC" categoryName="Memory" counterName="Available MBytes" instanceName="-" value="2448" />
          <PerformanceCounterResult isOverallResultCounter="false" higherIsBetter="false" machineName="MISHO-PC" categoryName="Network Interface" counterName="Bytes Received/sec" instanceName="realtek pcie gbe family controller" value="0" />
          <PerformanceCounterResult isOverallResultCounter="false" higherIsBetter="false" machineName="MISHO-PC" categoryName="Network Interface" counterName="Bytes Received/sec" instanceName="microsoft virtual wifi miniport adapter" value="0" />
          <PerformanceCounterResult isOverallResultCounter="false" higherIsBetter="false" machineName="MISHO-PC" categoryName="Network Interface" counterName="Bytes Received/sec" instanceName="teredo tunneling pseudo-interface" value="3.04010487" />
          <PerformanceCounterResult isOverallResultCounter="false" higherIsBetter="false" machineName="MISHO-PC" categoryName="Network Interface" counterName="Bytes Received/sec" instanceName="microsoft virtual wifi miniport adapter _2" value="0" />
          <PerformanceCounterResult isOverallResultCounter="false" higherIsBetter="false" machineName="MISHO-PC" categoryName="Network Interface" counterName="Bytes Received/sec" instanceName="isatap.telerikacademy.local" value="0" />
          <PerformanceCounterResult isOverallResultCounter="false" higherIsBetter="false" machineName="MISHO-PC" categoryName="Network Interface" counterName="Bytes Received/sec" instanceName="intel[r] dual band wireless-n 7260" value="835265.75" />
          <PerformanceCounterResult isOverallResultCounter="false" higherIsBetter="false" machineName="MISHO-PC" categoryName="Network Interface" counterName="Bytes Sent/sec" instanceName="realtek pcie gbe family controller" value="0" />
          <PerformanceCounterResult isOverallResultCounter="false" higherIsBetter="false" machineName="MISHO-PC" categoryName="Network Interface" counterName="Bytes Sent/sec" instanceName="microsoft virtual wifi miniport adapter" value="0" />
          <PerformanceCounterResult isOverallResultCounter="false" higherIsBetter="false" machineName="MISHO-PC" categoryName="Network Interface" counterName="Bytes Sent/sec" instanceName="teredo tunneling pseudo-interface" value="120.804161" />
          <PerformanceCounterResult isOverallResultCounter="false" higherIsBetter="false" machineName="MISHO-PC" categoryName="Network Interface" counterName="Bytes Sent/sec" instanceName="microsoft virtual wifi miniport adapter _2" value="0" />
          <PerformanceCounterResult isOverallResultCounter="false" higherIsBetter="false" machineName="MISHO-PC" categoryName="Network Interface" counterName="Bytes Sent/sec" instanceName="isatap.telerikacademy.local" value="0" />
          <PerformanceCounterResult isOverallResultCounter="false" higherIsBetter="false" machineName="MISHO-PC" categoryName="Network Interface" counterName="Bytes Sent/sec" instanceName="intel[r] dual band wireless-n 7260" value="78235.375" />
        </PerformanceCounterResults>
        <PageSummaries>
          <PageSummary scenarioName="100VU" testName="ViewCandidates" url="test.telerikacademy.com/{GET}" pageCount="38" responseTime="52355" />
          <PageSummary scenarioName="100VU" testName="CreateNewSchoolTypeCoded" url="test.telerikacademy.com/{GET}" pageCount="34" responseTime="63521" />
          <PageSummary scenarioName="100VU" testName="ViewSchools" url="test.telerikacademy.com/{GET}" pageCount="21" responseTime="60724" />
          <PageSummary scenarioName="100VU" testName="AdminCalendar" url="test.telerikacademy.com/{GET}" pageCount="27" responseTime="41208" />
          <PageSummary scenarioName="100VU" testName="ViewOfficialHolidays" url="test.telerikacademy.com/{GET}" pageCount="26" responseTime="67285" />
          <PageSummary scenarioName="100VU" testName="ViewSchools" url="Login{GET}" pageCount="21" responseTime="24887" />
          <PageSummary scenarioName="100VU" testName="RegisterKidInSchoolCoded" url="test.telerikacademy.com/{GET}" pageCount="37" responseTime="56081" />
          <PageSummary scenarioName="100VU" testName="ViewCandidates" url="Login{GET}" pageCount="37" responseTime="15149" />
          <PageSummary scenarioName="100VU" testName="RegisterKidInSchoolCoded" url="Login{GET}" pageCount="36" responseTime="12558" />
          <PageSummary scenarioName="100VU" testName="CreateNewSchoolTypeCoded" url="Login{GET}" pageCount="33" responseTime="23220" />
          <PageSummary scenarioName="100VU" testName="DownloadAll" url="test.telerikacademy.com/{GET}" pageCount="25" responseTime="39224" />
          <PageSummary scenarioName="100VU" testName="CreateEventCoded" url="test.telerikacademy.com/{GET}" pageCount="27" responseTime="54767" />
          <PageSummary scenarioName="100VU" testName="TeacherKidsInSchoolCoded" url="test.telerikacademy.com/{GET}" pageCount="26" responseTime="61235" />
          <PageSummary scenarioName="100VU" testName="ViewOfficialHolidays" url="Login{GET}" pageCount="26" responseTime="15857" />
          <PageSummary scenarioName="100VU" testName="TeacherKidsInSchoolCoded" url="Login{GET}" pageCount="25" responseTime="16411" />
          <PageSummary scenarioName="100VU" testName="AdminCalendar" url="Login{GET}" pageCount="27" responseTime="32279" />
          <PageSummary scenarioName="100VU" testName="RegisterKidInSchoolCoded" url="Login{POST}" pageCount="35" responseTime="15988" />
          <PageSummary scenarioName="100VU" testName="CreateContestCoded" url="test.telerikacademy.com/{GET}" pageCount="21" responseTime="46412" />
          <PageSummary scenarioName="100VU" testName="CreateEntryTestCoded" url="test.telerikacademy.com/{GET}" pageCount="22" responseTime="53559" />
          <PageSummary scenarioName="100VU" testName="AdminCalendar" url="Login{POST}" pageCount="27" responseTime="10620" />
          <PageSummary scenarioName="100VU" testName="CreateContestCoded" url="Login{GET}" pageCount="21" responseTime="34167" />
          <PageSummary scenarioName="100VU" testName="RegisterKidInSchoolCoded" url="Navigation{GET}" pageCount="32" responseTime="15983" />
          <PageSummary scenarioName="100VU" testName="DownloadAll" url="Login{GET}" pageCount="24" responseTime="30007" />
          <PageSummary scenarioName="100VU" testName="ViewOfficialHolidays" url="Login{POST}" pageCount="26" responseTime="39837" />
          <PageSummary scenarioName="100VU" testName="CreateEntryTestCoded" url="Login{GET}" pageCount="22" responseTime="18484" />
          <PageSummary scenarioName="100VU" testName="MoveLectureCoded" url="test.telerikacademy.com/{GET}" pageCount="19" responseTime="43517" />
          <PageSummary scenarioName="100VU" testName="RegisterKidInSchoolCoded" url="AdministrationUsersInKidsSchools{GET}" pageCount="61" responseTime="6640" />
          <PageSummary scenarioName="100VU" testName="RegisterKidInSchoolCoded" url="UserInKidsSchoolCreate{POST}" pageCount="31" responseTime="483" />
          <PageSummary scenarioName="100VU" testName="ViewOfficialHolidays" url="Navigation{GET}" pageCount="24" responseTime="7822" />
          <PageSummary scenarioName="100VU" testName="CreateContestCoded" url="Login{POST}" pageCount="19" responseTime="8721" />
          <PageSummary scenarioName="100VU" testName="ViewCandidates" url="Login{POST}" pageCount="35" responseTime="24607" />
          <PageSummary scenarioName="100VU" testName="ViewSchools" url="Login{POST}" pageCount="21" responseTime="51309" />
          <PageSummary scenarioName="100VU" testName="CreateNewSchoolTypeCoded" url="Login{POST}" pageCount="31" responseTime="19685" />
          <PageSummary scenarioName="100VU" testName="CreateContestCoded" url="Navigation{GET}" pageCount="17" responseTime="5688" />
          <PageSummary scenarioName="100VU" testName="CreateNewSchoolTypeCoded" url="Navigation{GET}" pageCount="31" responseTime="17306" />
          <PageSummary scenarioName="100VU" testName="RegisterKidInSchoolCoded" url="UsersInKidsSchoolsRead{POST}" pageCount="30" responseTime="668" />
          <PageSummary scenarioName="100VU" testName="ViewCandidates" url="Navigation{GET}" pageCount="30" responseTime="6735" />
          <PageSummary scenarioName="100VU" testName="DownloadAll" url="Login{POST}" pageCount="23" responseTime="18486" />
          <PageSummary scenarioName="100VU" testName="ViewCandidates" url="AdministrationCandidates{GET}" pageCount="27" responseTime="5251" />
          <PageSummary scenarioName="100VU" testName="CreateContestCoded" url="AdministrationKidsCompetitions{GET}" pageCount="30" responseTime="6795" />
          <PageSummary scenarioName="100VU" testName="CreateContestCoded" url="CreateKidsCompetition{POST}" pageCount="16" responseTime="612" />
          <PageSummary scenarioName="100VU" testName="RegisterKidInSchoolCoded" url="UserInKidsSchoolDestroy{POST}" pageCount="30" responseTime="560" />
          <PageSummary scenarioName="100VU" testName="ViewCandidates" url="LogOut{GET}" pageCount="26" responseTime="4805" />
          <PageSummary scenarioName="100VU" testName="CreateEntryTestCoded" url="Login{POST}" pageCount="21" responseTime="10032" />
          <PageSummary scenarioName="100VU" testName="RegisterKidInSchoolCoded" url="LogOut{GET}" pageCount="27" responseTime="5171" />
          <PageSummary scenarioName="100VU" testName="CreateNewSchoolTypeCoded" url="AdministrationKidsSchoolsTypes{GET}" pageCount="31" responseTime="4557" />
          <PageSummary scenarioName="100VU" testName="CreateNewSchoolTypeCoded" url="KidsSchoolsTypeCreate{POST}" pageCount="31" responseTime="469" />
          <PageSummary scenarioName="100VU" testName="TeacherKidsInSchoolCoded" url="Login{POST}" pageCount="25" responseTime="41178" />
          <PageSummary scenarioName="100VU" testName="TeacherKidsInSchoolCoded" url="8{GET}" pageCount="47" responseTime="4275" />
          <PageSummary scenarioName="100VU" testName="CreateEntryTestCoded" url="Navigation{GET}" pageCount="21" responseTime="7900" />
          <PageSummary scenarioName="100VU" testName="TeacherKidsInSchoolCoded" url="8{GET}" pageCount="46" responseTime="1317" />
          <PageSummary scenarioName="100VU" testName="CreateEventCoded" url="Login{GET}" pageCount="27" responseTime="31996" />
          <PageSummary scenarioName="100VU" testName="CreateEventCoded" url="Login{POST}" pageCount="26" responseTime="6428" />
          <PageSummary scenarioName="100VU" testName="CreateEventCoded" url="Navigation{GET}" pageCount="25" responseTime="6583" />
          <PageSummary scenarioName="100VU" testName="CreateEntryTestCoded" url="AdministrationKidsCandidatesExams{GET}" pageCount="21" responseTime="3819" />
          <PageSummary scenarioName="100VU" testName="CreateEntryTestCoded" url="Create{POST}" pageCount="21" responseTime="851" />
          <PageSummary scenarioName="100VU" testName="CreateNewSchoolTypeCoded" url="LogOut{GET}" pageCount="30" responseTime="13793" />
          <PageSummary scenarioName="100VU" testName="TeacherKidsInSchoolCoded" url="UsersInKidsSchoolRead{POST}" pageCount="46" responseTime="560" />
          <PageSummary scenarioName="100VU" testName="MoveLectureCoded" url="Login{GET}" pageCount="19" responseTime="22400" />
          <PageSummary scenarioName="100VU" testName="ViewOfficialHolidays" url="Holidays{GET}" pageCount="22" responseTime="17342" />
          <PageSummary scenarioName="100VU" testName="CreateEventCoded" url="CustomEvents{GET}" pageCount="24" responseTime="6106" />
          <PageSummary scenarioName="100VU" testName="CreateEventCoded" url="GetCascadeCourses{GET}" pageCount="24" responseTime="518" />
          <PageSummary scenarioName="100VU" testName="DownloadAll" url="Navigation{GET}" pageCount="22" responseTime="9406" />
          <PageSummary scenarioName="100VU" testName="CreateContestCoded" url="ReadKidsCompetitions{POST}" pageCount="14" responseTime="664" />
          <PageSummary scenarioName="100VU" testName="TeacherKidsInSchoolCoded" url="UserInKidsSchoolCreate{POST}" pageCount="24" responseTime="772" />
          <PageSummary scenarioName="100VU" testName="ViewOfficialHolidays" url="LogOut{GET}" pageCount="22" responseTime="8646" />
          <PageSummary scenarioName="100VU" testName="DownloadAll" url="AdministrationKidsSchoolsDocuments{GET}" pageCount="20" responseTime="4906" />
          <PageSummary scenarioName="100VU" testName="ViewSchools" url="Navigation{GET}" pageCount="20" responseTime="21480" />
          <PageSummary scenarioName="100VU" testName="CreateContestCoded" url="DestroyKidsCompetition{POST}" pageCount="14" responseTime="526" />
          <PageSummary scenarioName="100VU" testName="CreateEntryTestCoded" url="LogOut{GET}" pageCount="21" responseTime="4244" />
          <PageSummary scenarioName="100VU" testName="TeacherKidsInSchoolCoded" url="UserInKidsSchoolDestroy{POST}" pageCount="24" responseTime="1021" />
          <PageSummary scenarioName="100VU" testName="CreateContestCoded" url="LogOut{GET}" pageCount="10" responseTime="3852" />
          <PageSummary scenarioName="100VU" testName="DownloadAll" url="DownloadAllKidsSchoolDocuments{GET}" pageCount="19" responseTime="4738" />
          <PageSummary scenarioName="100VU" testName="AdminCalendar" url="Navigation{GET}" pageCount="24" responseTime="30456" />
          <PageSummary scenarioName="100VU" testName="MoveLectureCoded" url="Login{POST}" pageCount="18" responseTime="7596" />
          <PageSummary scenarioName="100VU" testName="MoveLectureCoded" url="Navigation{GET}" pageCount="16" responseTime="26074" />
          <PageSummary scenarioName="100VU" testName="TeacherKidsInSchoolCoded" url="LogOut{GET}" pageCount="19" responseTime="23011" />
          <PageSummary scenarioName="100VU" testName="ViewSchools" url="AdministrationKidsSchools{GET}" pageCount="20" responseTime="9696" />
          <PageSummary scenarioName="100VU" testName="ViewSchools" url="KidsSchoolCourseInstancesRead{POST}" pageCount="20" responseTime="607" />
          <PageSummary scenarioName="100VU" testName="AdminCalendar" url="Calendar{GET}" pageCount="22" responseTime="23326" />
          <PageSummary scenarioName="100VU" testName="AdminCalendar" url="LogOut{GET}" pageCount="21" responseTime="3071" />
          <PageSummary scenarioName="100VU" testName="MoveLectureCoded" url="MovedLectures{GET}" pageCount="15" responseTime="6719" />
          <PageSummary scenarioName="100VU" testName="MoveLectureCoded" url="GetCascadeCourses{GET}" pageCount="15" responseTime="223" />
          <PageSummary scenarioName="100VU" testName="ViewSchools" url="LogOut{GET}" pageCount="19" responseTime="6289" />
          <PageSummary scenarioName="100VU" testName="CreateEventCoded" url="CustomEvents_Create{POST}" pageCount="22" responseTime="673" />
          <PageSummary scenarioName="100VU" testName="CreateEventCoded" url="LogOut{GET}" pageCount="20" responseTime="8498" />
          <PageSummary scenarioName="100VU" testName="MoveLectureCoded" url="MovedLectures_Create{POST}" pageCount="15" responseTime="645" />
          <PageSummary scenarioName="100VU" testName="MoveLectureCoded" url="LogOut{GET}" pageCount="15" responseTime="5513" />
          <PageSummary scenarioName="100VU" testName="DownloadAll" url="LogOut{GET}" pageCount="12" responseTime="4862" />
        </PageSummaries>
        <TestSummaries>
          <TestSummary scenarioName="100VU" testName="ViewSchools" totalTests="19" testsFailed="7" averageDuration="215910" />
          <TestSummary scenarioName="100VU" testName="ViewCandidates" totalTests="26" testsFailed="6" averageDuration="127375" />
          <TestSummary scenarioName="100VU" testName="CreateEntryTestCoded" totalTests="21" testsFailed="4" averageDuration="106553" />
          <TestSummary scenarioName="100VU" testName="ViewOfficialHolidays" totalTests="22" testsFailed="7" averageDuration="184978" />
          <TestSummary scenarioName="100VU" testName="CreateEventCoded" totalTests="20" testsFailed="7" averageDuration="207463" />
          <TestSummary scenarioName="100VU" testName="AdminCalendar" totalTests="21" testsFailed="6" averageDuration="165557" />
          <TestSummary scenarioName="100VU" testName="CreateNewSchoolTypeCoded" totalTests="30" testsFailed="7" averageDuration="160517" />
          <TestSummary scenarioName="100VU" testName="CreateContestCoded" totalTests="10" testsFailed="2" averageDuration="138444" />
          <TestSummary scenarioName="100VU" testName="RegisterKidInSchoolCoded" totalTests="27" testsFailed="3" averageDuration="124908" />
          <TestSummary scenarioName="100VU" testName="DownloadAll" totalTests="12" testsFailed="2" averageDuration="244634" />
          <TestSummary scenarioName="100VU" testName="MoveLectureCoded" totalTests="15" testsFailed="3" averageDuration="164615" />
          <TestSummary scenarioName="100VU" testName="TeacherKidsInSchoolCoded" totalTests="19" testsFailed="8" averageDuration="217380" />
        </TestSummaries>
      </Summary>
    </LoadTestResult>
  </Results>
</TestRun>